2019-03-25 14:38:42.825 [main] INFO  o.s.c.a.AnnotationConfigApplicationContext - Refreshing org.springframework.context.annotation.AnnotationConfigApplicationContext@2002348: startup date [Mon Mar 25 14:38:42 CST 2019]; root of context hierarchy
2019-03-25 14:38:43.082 [main] INFO  o.s.b.f.a.AutowiredAnnotationBeanPostProcessor - JSR-330 'javax.inject.Inject' annotation found and supported for autowiring
2019-03-25 14:38:43.129 [main] INFO  o.s.c.s.PostProcessorRegistrationDelegate$BeanPostProcessorChecker - Bean 'configurationPropertiesRebinderAutoConfiguration' of type [org.springframework.cloud.autoconfigure.ConfigurationPropertiesRebinderAutoConfiguration$$EnhancerBySpringCGLIB$$3617e37c] is not eligible for getting processed by all BeanPostProcessors (for example: not eligible for auto-proxying)
2019-03-25 14:38:43.288 [main] INFO  com.kayle.web.KayleWebApp - No active profile set, falling back to default profiles: default
2019-03-25 14:38:43.310 [main] INFO  o.s.b.w.s.c.AnnotationConfigServletWebServerApplicationContext - Refreshing org.springframework.boot.web.servlet.context.AnnotationConfigServletWebServerApplicationContext@718607eb: startup date [Mon Mar 25 14:38:43 CST 2019]; parent: org.springframework.context.annotation.AnnotationConfigApplicationContext@2002348
2019-03-25 14:38:43.887 [main] INFO  o.s.b.factory.support.DefaultListableBeanFactory - Overriding bean definition for bean 'environmentWebEndpointExtension' with a different definition: replacing [Root bean: class [null]; scope=; abstract=false; lazyInit=false; autowireMode=3; dependencyCheck=0; autowireCandidate=true; primary=false; factoryBeanName=org.springframework.boot.actuate.autoconfigure.env.EnvironmentEndpointAutoConfiguration; factoryMethodName=environmentWebEndpointExtension; initMethodName=null; destroyMethodName=(inferred); defined in class path resource [org/springframework/boot/actuate/autoconfigure/env/EnvironmentEndpointAutoConfiguration.class]] with [Root bean: class [null]; scope=; abstract=false; lazyInit=false; autowireMode=3; dependencyCheck=0; autowireCandidate=true; primary=false; factoryBeanName=org.springframework.cloud.autoconfigure.LifecycleMvcEndpointAutoConfiguration$EndpointConfiguration; factoryMethodName=environmentWebEndpointExtension; initMethodName=null; destroyMethodName=(inferred); defined in class path resource [org/springframework/cloud/autoconfigure/LifecycleMvcEndpointAutoConfiguration$EndpointConfiguration.class]]
2019-03-25 14:38:44.126 [main] INFO  o.springframework.cloud.context.scope.GenericScope - BeanFactory id=568162d8-836a-31aa-8dba-44b9906c1a90
2019-03-25 14:38:44.151 [main] INFO  o.s.b.f.a.AutowiredAnnotationBeanPostProcessor - JSR-330 'javax.inject.Inject' annotation found and supported for autowiring
2019-03-25 14:38:44.173 [main] INFO  o.s.c.s.PostProcessorRegistrationDelegate$BeanPostProcessorChecker - Bean 'com.kayle.web.controller.app.contract.AppApi' of type [org.springframework.cloud.openfeign.FeignClientFactoryBean] is not eligible for getting processed by all BeanPostProcessors (for example: not eligible for auto-proxying)
2019-03-25 14:38:44.370 [main] INFO  o.s.c.s.PostProcessorRegistrationDelegate$BeanPostProcessorChecker - Bean 'org.springframework.cloud.autoconfigure.ConfigurationPropertiesRebinderAutoConfiguration' of type [org.springframework.cloud.autoconfigure.ConfigurationPropertiesRebinderAutoConfiguration$$EnhancerBySpringCGLIB$$3617e37c] is not eligible for getting processed by all BeanPostProcessors (for example: not eligible for auto-proxying)
2019-03-25 14:38:44.610 [main] INFO  o.s.boot.web.embedded.tomcat.TomcatWebServer - Tomcat initialized with port(s): 18800 (http)
2019-03-25 14:38:44.620 [main] INFO  org.apache.coyote.http11.Http11NioProtocol - Initializing ProtocolHandler ["http-nio-18800"]
2019-03-25 14:38:44.629 [main] INFO  org.apache.catalina.core.StandardService - Starting service [Tomcat]
2019-03-25 14:38:44.629 [main] INFO  org.apache.catalina.core.StandardEngine - Starting Servlet Engine: Apache Tomcat/8.5.29
2019-03-25 14:38:44.633 [localhost-startStop-1] INFO  org.apache.catalina.core.AprLifecycleListener - The APR based Apache Tomcat Native library which allows optimal performance in production environments was not found on the java.library.path: [/Users/dingzhenxing/Library/Java/Extensions:/Library/Java/Extensions:/Network/Library/Java/Extensions:/System/Library/Java/Extensions:/usr/lib/java:.]
2019-03-25 14:38:44.851 [localhost-startStop-1] INFO  o.a.c.core.ContainerBase.[Tomcat].[localhost].[/] - Initializing Spring embedded WebApplicationContext
2019-03-25 14:38:44.852 [localhost-startStop-1] INFO  org.springframework.web.context.ContextLoader - Root WebApplicationContext: initialization completed in 1542 ms
2019-03-25 14:38:45.739 [localhost-startStop-1] WARN  com.netflix.config.sources.URLConfigurationSource - No URLs will be polled as dynamic configuration sources.
2019-03-25 14:38:45.739 [localhost-startStop-1] INFO  com.netflix.config.sources.URLConfigurationSource - To enable URLs as dynamic configuration sources, define System property archaius.configurationSource.additionalUrls or make config.properties available on classpath.
2019-03-25 14:38:45.743 [localhost-startStop-1] INFO  com.netflix.config.DynamicPropertyFactory - DynamicPropertyFactory is initialized with configuration sources: com.netflix.config.ConcurrentCompositeConfiguration@250d7373
2019-03-25 14:38:45.876 [localhost-startStop-1] INFO  o.s.boot.web.servlet.FilterRegistrationBean - Mapping filter: 'characterEncodingFilter' to: [/*]
2019-03-25 14:38:45.876 [localhost-startStop-1] INFO  o.s.boot.web.servlet.FilterRegistrationBean - Mapping filter: 'hiddenHttpMethodFilter' to: [/*]
2019-03-25 14:38:45.877 [localhost-startStop-1] INFO  o.s.boot.web.servlet.FilterRegistrationBean - Mapping filter: 'httpPutFormContentFilter' to: [/*]
2019-03-25 14:38:45.877 [localhost-startStop-1] INFO  o.s.boot.web.servlet.FilterRegistrationBean - Mapping filter: 'requestContextFilter' to: [/*]
2019-03-25 14:38:45.877 [localhost-startStop-1] INFO  o.s.boot.web.servlet.FilterRegistrationBean - Mapping filter: 'tokenAuthorFilter' to urls: [/*]
2019-03-25 14:38:45.877 [localhost-startStop-1] INFO  o.s.boot.web.servlet.FilterRegistrationBean - Mapping filter: 'httpTraceFilter' to: [/*]
2019-03-25 14:38:45.877 [localhost-startStop-1] INFO  o.s.boot.web.servlet.FilterRegistrationBean - Mapping filter: 'webMvcMetricsFilter' to: [/*]
2019-03-25 14:38:45.878 [localhost-startStop-1] INFO  o.s.boot.web.servlet.FilterRegistrationBean - Mapping filter: 'simpleFilter' to urls: [/*]
2019-03-25 14:38:45.878 [localhost-startStop-1] INFO  o.s.boot.web.servlet.ServletRegistrationBean - Servlet dispatcherServlet mapped to [/]
2019-03-25 14:38:45.937 [main] INFO  o.s.c.a.AnnotationConfigApplicationContext - Refreshing FeignContext-kayle-server: startup date [Mon Mar 25 14:38:45 CST 2019]; parent: org.springframework.boot.web.servlet.context.AnnotationConfigServletWebServerApplicationContext@718607eb
2019-03-25 14:38:45.955 [main] INFO  o.s.b.f.a.AutowiredAnnotationBeanPostProcessor - JSR-330 'javax.inject.Inject' annotation found and supported for autowiring
2019-03-25 14:38:46.141 [main] WARN  com.netflix.config.sources.URLConfigurationSource - No URLs will be polled as dynamic configuration sources.
2019-03-25 14:38:46.141 [main] INFO  com.netflix.config.sources.URLConfigurationSource - To enable URLs as dynamic configuration sources, define System property archaius.configurationSource.additionalUrls or make config.properties available on classpath.
2019-03-25 14:38:46.221 [main] INFO  o.s.web.servlet.handler.SimpleUrlHandlerMapping - Mapped URL path [/**/favicon.ico] onto handler of type [class org.springframework.web.servlet.resource.ResourceHttpRequestHandler]
2019-03-25 14:38:46.428 [main] INFO  o.s.w.s.m.m.a.RequestMappingHandlerAdapter - Looking for @ControllerAdvice: org.springframework.boot.web.servlet.context.AnnotationConfigServletWebServerApplicationContext@718607eb: startup date [Mon Mar 25 14:38:43 CST 2019]; parent: org.springframework.context.annotation.AnnotationConfigApplicationContext@2002348
2019-03-25 14:38:46.483 [main] INFO  o.s.w.s.m.m.a.RequestMappingHandlerMapping - Mapped "{[/getApp]}" onto public org.springframework.http.ResponseEntity<com.kayle.contract.ApiResult> com.kayle.web.controller.app.AppController.getApp(com.kayle.contract.app.pojo.AppEntity)
2019-03-25 14:38:46.485 [main] INFO  o.s.w.s.m.m.a.RequestMappingHandlerMapping - Mapped "{[/error]}" onto public org.springframework.http.ResponseEntity<java.util.Map<java.lang.String, java.lang.Object>> org.springframework.boot.autoconfigure.web.servlet.error.BasicErrorController.error(javax.servlet.http.HttpServletRequest)
2019-03-25 14:38:46.485 [main] INFO  o.s.w.s.m.m.a.RequestMappingHandlerMapping - Mapped "{[/error],produces=[text/html]}" onto public org.springframework.web.servlet.ModelAndView org.springframework.boot.autoconfigure.web.servlet.error.BasicErrorController.errorHtml(javax.servlet.http.HttpServletRequest,javax.servlet.http.HttpServletResponse)
2019-03-25 14:38:46.518 [main] INFO  o.s.web.servlet.handler.SimpleUrlHandlerMapping - Mapped URL path [/webjars/**] onto handler of type [class org.springframework.web.servlet.resource.ResourceHttpRequestHandler]
2019-03-25 14:38:46.519 [main] INFO  o.s.web.servlet.handler.SimpleUrlHandlerMapping - Mapped URL path [/**] onto handler of type [class org.springframework.web.servlet.resource.ResourceHttpRequestHandler]
2019-03-25 14:38:46.538 [main] INFO  o.s.w.s.m.m.a.ExceptionHandlerExceptionResolver - Detected @ExceptionHandler methods in globalExceptionHandler
2019-03-25 14:38:46.904 [main] INFO  o.s.ui.freemarker.SpringTemplateLoader - SpringTemplateLoader for FreeMarker: using resource loader [org.springframework.boot.web.servlet.context.AnnotationConfigServletWebServerApplicationContext@718607eb: startup date [Mon Mar 25 14:38:43 CST 2019]; parent: org.springframework.context.annotation.AnnotationConfigApplicationContext@2002348] and template loader path [classpath:/templates/]
2019-03-25 14:38:46.905 [main] INFO  o.s.w.servlet.view.freemarker.FreeMarkerConfigurer - ClassTemplateLoader for Spring macros added to FreeMarker configuration
2019-03-25 14:38:47.146 [main] INFO  o.s.b.actuate.endpoint.web.EndpointLinksResolver - Exposing 2 endpoint(s) beneath base path '/actuator'
2019-03-25 14:38:47.173 [main] INFO  o.s.b.a.e.web.servlet.WebMvcEndpointHandlerMapping - Mapped "{[/actuator/health],methods=[GET],produces=[application/vnd.spring-boot.actuator.v2+json || application/json]}" onto public java.lang.Object org.springframework.boot.actuate.endpoint.web.servlet.AbstractWebMvcEndpointHandlerMapping$OperationHandler.handle(javax.servlet.http.HttpServletRequest,java.util.Map<java.lang.String, java.lang.String>)
2019-03-25 14:38:47.175 [main] INFO  o.s.b.a.e.web.servlet.WebMvcEndpointHandlerMapping - Mapped "{[/actuator/info],methods=[GET],produces=[application/vnd.spring-boot.actuator.v2+json || application/json]}" onto public java.lang.Object org.springframework.boot.actuate.endpoint.web.servlet.AbstractWebMvcEndpointHandlerMapping$OperationHandler.handle(javax.servlet.http.HttpServletRequest,java.util.Map<java.lang.String, java.lang.String>)
2019-03-25 14:38:47.176 [main] INFO  o.s.b.a.e.web.servlet.WebMvcEndpointHandlerMapping - Mapped "{[/actuator],methods=[GET],produces=[application/vnd.spring-boot.actuator.v2+json || application/json]}" onto protected java.util.Map<java.lang.String, java.util.Map<java.lang.String, org.springframework.boot.actuate.endpoint.web.Link>> org.springframework.boot.actuate.endpoint.web.servlet.WebMvcEndpointHandlerMapping.links(javax.servlet.http.HttpServletRequest,javax.servlet.http.HttpServletResponse)
2019-03-25 14:38:47.265 [main] INFO  o.s.jmx.export.annotation.AnnotationMBeanExporter - Registering beans for JMX exposure on startup
2019-03-25 14:38:47.281 [main] INFO  o.s.jmx.export.annotation.AnnotationMBeanExporter - Bean with name 'configurationPropertiesRebinder' has been autodetected for JMX exposure
2019-03-25 14:38:47.282 [main] INFO  o.s.jmx.export.annotation.AnnotationMBeanExporter - Bean with name 'environmentManager' has been autodetected for JMX exposure
2019-03-25 14:38:47.283 [main] INFO  o.s.jmx.export.annotation.AnnotationMBeanExporter - Bean with name 'refreshScope' has been autodetected for JMX exposure
2019-03-25 14:38:47.286 [main] INFO  o.s.jmx.export.annotation.AnnotationMBeanExporter - Located managed bean 'environmentManager': registering with JMX server as MBean [org.springframework.cloud.context.environment:name=environmentManager,type=EnvironmentManager]
2019-03-25 14:38:47.299 [main] INFO  o.s.jmx.export.annotation.AnnotationMBeanExporter - Located managed bean 'refreshScope': registering with JMX server as MBean [org.springframework.cloud.context.scope.refresh:name=refreshScope,type=RefreshScope]
2019-03-25 14:38:47.312 [main] INFO  o.s.jmx.export.annotation.AnnotationMBeanExporter - Located managed bean 'configurationPropertiesRebinder': registering with JMX server as MBean [org.springframework.cloud.context.properties:name=configurationPropertiesRebinder,context=718607eb,type=ConfigurationPropertiesRebinder]
2019-03-25 14:38:47.325 [main] INFO  o.s.context.support.DefaultLifecycleProcessor - Starting beans in phase 0
2019-03-25 14:38:47.334 [main] INFO  o.s.cloud.netflix.eureka.InstanceInfoFactory - Setting initial instance status as: STARTING
2019-03-25 14:38:47.379 [main] INFO  com.netflix.discovery.DiscoveryClient - Initializing Eureka in region us-east-1
2019-03-25 14:38:47.590 [main] INFO  c.n.discovery.provider.DiscoveryJerseyProvider - Using JSON encoding codec LegacyJacksonJson
2019-03-25 14:38:47.590 [main] INFO  c.n.discovery.provider.DiscoveryJerseyProvider - Using JSON decoding codec LegacyJacksonJson
2019-03-25 14:38:47.693 [main] INFO  c.n.discovery.provider.DiscoveryJerseyProvider - Using XML encoding codec XStreamXml
2019-03-25 14:38:47.693 [main] INFO  c.n.discovery.provider.DiscoveryJerseyProvider - Using XML decoding codec XStreamXml
2019-03-25 14:38:47.918 [main] INFO  c.n.d.shared.resolver.aws.ConfigClusterResolver - Resolving eureka endpoints via configuration
2019-03-25 14:38:47.937 [main] INFO  com.netflix.discovery.DiscoveryClient - Disable delta property : false
2019-03-25 14:38:47.938 [main] INFO  com.netflix.discovery.DiscoveryClient - Single vip registry refresh property : null
2019-03-25 14:38:47.938 [main] INFO  com.netflix.discovery.DiscoveryClient - Force full registry fetch : false
2019-03-25 14:38:47.938 [main] INFO  com.netflix.discovery.DiscoveryClient - Application is null : false
2019-03-25 14:38:47.938 [main] INFO  com.netflix.discovery.DiscoveryClient - Registered Applications size is zero : true
2019-03-25 14:38:47.938 [main] INFO  com.netflix.discovery.DiscoveryClient - Application version is -1: true
2019-03-25 14:38:47.938 [main] INFO  com.netflix.discovery.DiscoveryClient - Getting all instance registry info from the eureka server
2019-03-25 14:38:48.139 [main] INFO  com.netflix.discovery.DiscoveryClient - The response status is 200
2019-03-25 14:38:48.141 [main] INFO  com.netflix.discovery.DiscoveryClient - Starting heartbeat executor: renew interval is: 1
2019-03-25 14:38:48.144 [main] INFO  com.netflix.discovery.InstanceInfoReplicator - InstanceInfoReplicator onDemand update allowed rate per min is 4
2019-03-25 14:38:48.149 [main] INFO  com.netflix.discovery.DiscoveryClient - Discovery Client initialized at timestamp 1553495928148 with initial instances count: 1
2019-03-25 14:38:48.155 [main] INFO  o.s.c.n.e.serviceregistry.EurekaServiceRegistry - Registering application kayle-web with eureka with status UP
2019-03-25 14:38:48.156 [main] INFO  com.netflix.discovery.DiscoveryClient - Saw local status change event StatusChangeEvent [timestamp=1553495928156, current=UP, previous=STARTING]
2019-03-25 14:38:48.158 [DiscoveryClient-InstanceInfoReplicator-0] INFO  com.netflix.discovery.DiscoveryClient - DiscoveryClient_KAYLE-WEB/10.97.206.63:kayle-web:18800: registering service...
2019-03-25 14:38:48.176 [main] INFO  org.apache.coyote.http11.Http11NioProtocol - Starting ProtocolHandler ["http-nio-18800"]
2019-03-25 14:38:48.205 [DiscoveryClient-InstanceInfoReplicator-0] INFO  com.netflix.discovery.DiscoveryClient - DiscoveryClient_KAYLE-WEB/10.97.206.63:kayle-web:18800 - registration status: 204
2019-03-25 14:38:48.212 [main] INFO  org.apache.tomcat.util.net.NioSelectorPool - Using a shared selector for servlet write/read
2019-03-25 14:38:48.232 [main] INFO  o.s.boot.web.embedded.tomcat.TomcatWebServer - Tomcat started on port(s): 18800 (http) with context path ''
2019-03-25 14:38:48.234 [main] INFO  o.s.c.n.e.s.EurekaAutoServiceRegistration - Updating port to 18800
2019-03-25 14:38:48.237 [main] INFO  com.kayle.web.KayleWebApp - Started KayleWebApp in 6.082 seconds (JVM running for 6.724)
2019-03-25 14:38:48.326 [RMI TCP Connection(4)-127.0.0.1] INFO  o.a.c.core.ContainerBase.[Tomcat].[localhost].[/] - Initializing Spring FrameworkServlet 'dispatcherServlet'
2019-03-25 14:38:48.327 [RMI TCP Connection(4)-127.0.0.1] INFO  org.springframework.web.servlet.DispatcherServlet - FrameworkServlet 'dispatcherServlet': initialization started
2019-03-25 14:38:48.349 [RMI TCP Connection(4)-127.0.0.1] INFO  org.springframework.web.servlet.DispatcherServlet - FrameworkServlet 'dispatcherServlet': initialization completed in 22 ms
2019-03-25 14:40:22.552 [http-nio-18800-exec-1] WARN  com.kayle.web.filter.TokenAuthorFilter - ======>  TokenAuthorFilter  doFilter : start!
2019-03-25 14:40:22.583 [http-nio-18800-exec-1] WARN  com.kayle.web.filter.SimpleFilter - ======>  SimpleFilter  doFilter : start!
2019-03-25 14:40:22.641 [http-nio-18800-exec-1] INFO  com.kayle.web.aop.KayleWebAspect - 
【操作日志】
【请求方法】:ResponseEntity com.kayle.web.controller.app.AppController.getApp(AppEntity)
【输入参数】:[{"id":0,"appId":0,"appName":"app","memo":null,"buildTime":null}]
2019-03-25 14:40:22.658 [http-nio-18800-exec-1] INFO  o.s.c.a.AnnotationConfigApplicationContext - Refreshing SpringClientFactory-kayle-server: startup date [Mon Mar 25 14:40:22 CST 2019]; parent: org.springframework.boot.web.servlet.context.AnnotationConfigServletWebServerApplicationContext@718607eb
2019-03-25 14:40:22.720 [http-nio-18800-exec-1] INFO  o.s.b.f.a.AutowiredAnnotationBeanPostProcessor - JSR-330 'javax.inject.Inject' annotation found and supported for autowiring
2019-03-25 14:40:23.125 [http-nio-18800-exec-1] INFO  com.netflix.config.ChainedDynamicProperty - Flipping property: kayle-server.ribbon.ActiveConnectionsLimit to use NEXT property: niws.loadbalancer.availabilityFilteringRule.activeConnectionsLimit = 2147483647
2019-03-25 14:40:23.148 [http-nio-18800-exec-1] INFO  com.netflix.util.concurrent.ShutdownEnabledTimer - Shutdown hook installed for: NFLoadBalancer-PingTimer-kayle-server
2019-03-25 14:40:23.173 [http-nio-18800-exec-1] INFO  com.netflix.loadbalancer.BaseLoadBalancer - Client: kayle-server instantiated a LoadBalancer: DynamicServerListLoadBalancer:{NFLoadBalancer:name=kayle-server,current list of Servers=[],Load balancer stats=Zone stats: {},Server stats: []}ServerList:null
2019-03-25 14:40:23.183 [http-nio-18800-exec-1] INFO  c.n.loadbalancer.DynamicServerListLoadBalancer - Using serverListUpdater PollingServerListUpdater
2019-03-25 14:40:23.217 [http-nio-18800-exec-1] INFO  com.netflix.config.ChainedDynamicProperty - Flipping property: kayle-server.ribbon.ActiveConnectionsLimit to use NEXT property: niws.loadbalancer.availabilityFilteringRule.activeConnectionsLimit = 2147483647
2019-03-25 14:40:23.218 [http-nio-18800-exec-1] INFO  c.n.loadbalancer.DynamicServerListLoadBalancer - DynamicServerListLoadBalancer for client kayle-server initialized: DynamicServerListLoadBalancer:{NFLoadBalancer:name=kayle-server,current list of Servers=[localhost:18810],Load balancer stats=Zone stats: {defaultzone=[Zone:defaultzone;	Instance count:1;	Active connections count: 0;	Circuit breaker tripped count: 0;	Active connections per server: 0.0;]
},Server stats: [[Server:localhost:18810;	Zone:defaultZone;	Total Requests:0;	Successive connection failure:0;	Total blackout seconds:0;	Last connection made:Thu Jan 01 08:00:00 CST 1970;	First connection made: Thu Jan 01 08:00:00 CST 1970;	Active Connections:0;	total failure count in last (1000) msecs:0;	average resp time:0.0;	90 percentile resp time:0.0;	95 percentile resp time:0.0;	min resp time:0.0;	max resp time:0.0;	stddev resp time:0.0]
]}ServerList:org.springframework.cloud.netflix.ribbon.eureka.DomainExtractingServerList@283a10f7
2019-03-25 14:40:24.075 [http-nio-18800-exec-1] INFO  com.kayle.web.aop.KayleWebAspect - 
【操作日志】
【请求方法】:ResponseEntity com.kayle.web.controller.app.AppController.getApp(AppEntity)
【输入参数】:[{"id":0,"appId":0,"appName":"app","memo":null,"buildTime":null}]
【返回参数】:{"headers":{},"body":{"success":true,"code":200,"message":"success","data":{"id":3,"appId":1000000,"appName":"app_test","memo":"t","buildTime":"2019-03-23T16:00:00.000+0000"},"stackTrace":null},"statusCode":"OK","statusCodeValue":200}
2019-03-25 14:40:24.098 [http-nio-18800-exec-1] WARN  com.kayle.web.filter.SimpleFilter - ======>  SimpleFilter  doFilter : end!
2019-03-25 14:40:24.103 [http-nio-18800-exec-1] WARN  com.kayle.web.filter.TokenAuthorFilter - ======>  TokenAuthorFilter  doFilter : end!  responseBody : {"success":true,"code":200,"message":"success","data":{"id":3,"appId":1000000,"appName":"app_test","memo":"t","buildTime":"2019-03-23T16:00:00.000+0000"},"stackTrace":null}
2019-03-25 14:40:24.193 [PollingServerListUpdater-0] INFO  com.netflix.config.ChainedDynamicProperty - Flipping property: kayle-server.ribbon.ActiveConnectionsLimit to use NEXT property: niws.loadbalancer.availabilityFilteringRule.activeConnectionsLimit = 2147483647
2019-03-25 14:40:29.746 [http-nio-18800-exec-2] WARN  com.kayle.web.filter.TokenAuthorFilter - ======>  TokenAuthorFilter  doFilter : start!
2019-03-25 14:40:29.747 [http-nio-18800-exec-2] WARN  com.kayle.web.filter.SimpleFilter - ======>  SimpleFilter  doFilter : start!
2019-03-25 14:40:29.749 [http-nio-18800-exec-2] INFO  com.kayle.web.aop.KayleWebAspect - 
【操作日志】
【请求方法】:ResponseEntity com.kayle.web.controller.app.AppController.getApp(AppEntity)
【输入参数】:[{"id":0,"appId":0,"appName":"app","memo":null,"buildTime":null}]
2019-03-25 14:40:29.760 [http-nio-18800-exec-2] INFO  com.kayle.web.aop.KayleWebAspect - 
【操作日志】
【请求方法】:ResponseEntity com.kayle.web.controller.app.AppController.getApp(AppEntity)
【输入参数】:[{"id":0,"appId":0,"appName":"app","memo":null,"buildTime":null}]
【返回参数】:{"headers":{},"body":{"success":true,"code":200,"message":"success","data":{"id":3,"appId":1000000,"appName":"app_test","memo":"t","buildTime":"2019-03-23T16:00:00.000+0000"},"stackTrace":null},"statusCode":"OK","statusCodeValue":200}
2019-03-25 14:40:29.761 [http-nio-18800-exec-2] WARN  com.kayle.web.filter.SimpleFilter - ======>  SimpleFilter  doFilter : end!
2019-03-25 14:40:29.761 [http-nio-18800-exec-2] WARN  com.kayle.web.filter.TokenAuthorFilter - ======>  TokenAuthorFilter  doFilter : end!  responseBody : {"success":true,"code":200,"message":"success","data":{"id":3,"appId":1000000,"appName":"app_test","memo":"t","buildTime":"2019-03-23T16:00:00.000+0000"},"stackTrace":null}
2019-03-25 14:40:31.878 [http-nio-18800-exec-4] WARN  com.kayle.web.filter.TokenAuthorFilter - ======>  TokenAuthorFilter  doFilter : start!
2019-03-25 14:40:31.880 [http-nio-18800-exec-4] WARN  com.kayle.web.filter.SimpleFilter - ======>  SimpleFilter  doFilter : start!
2019-03-25 14:40:31.885 [http-nio-18800-exec-4] INFO  com.kayle.web.aop.KayleWebAspect - 
【操作日志】
【请求方法】:ResponseEntity com.kayle.web.controller.app.AppController.getApp(AppEntity)
【输入参数】:[{"id":0,"appId":0,"appName":"app","memo":null,"buildTime":null}]
2019-03-25 14:40:31.899 [http-nio-18800-exec-4] INFO  com.kayle.web.aop.KayleWebAspect - 
【操作日志】
【请求方法】:ResponseEntity com.kayle.web.controller.app.AppController.getApp(AppEntity)
【输入参数】:[{"id":0,"appId":0,"appName":"app","memo":null,"buildTime":null}]
【返回参数】:{"headers":{},"body":{"success":true,"code":200,"message":"success","data":{"id":3,"appId":1000000,"appName":"app_test","memo":"t","buildTime":"2019-03-23T16:00:00.000+0000"},"stackTrace":null},"statusCode":"OK","statusCodeValue":200}
2019-03-25 14:40:31.900 [http-nio-18800-exec-4] WARN  com.kayle.web.filter.SimpleFilter - ======>  SimpleFilter  doFilter : end!
2019-03-25 14:40:31.900 [http-nio-18800-exec-4] WARN  com.kayle.web.filter.TokenAuthorFilter - ======>  TokenAuthorFilter  doFilter : end!  responseBody : {"success":true,"code":200,"message":"success","data":{"id":3,"appId":1000000,"appName":"app_test","memo":"t","buildTime":"2019-03-23T16:00:00.000+0000"},"stackTrace":null}
2019-03-25 14:40:46.153 [Thread-32] INFO  com.netflix.loadbalancer.PollingServerListUpdater - Shutting down the Executor Pool for PollingServerListUpdater
2019-03-25 14:40:46.153 [Thread-20] INFO  o.s.b.w.s.c.AnnotationConfigServletWebServerApplicationContext - Closing org.springframework.boot.web.servlet.context.AnnotationConfigServletWebServerApplicationContext@718607eb: startup date [Mon Mar 25 14:38:43 CST 2019]; parent: org.springframework.context.annotation.AnnotationConfigApplicationContext@2002348
2019-03-25 14:40:46.155 [Thread-20] INFO  o.s.c.n.e.serviceregistry.EurekaServiceRegistry - Unregistering application kayle-web with eureka with status DOWN
2019-03-25 14:40:46.156 [Thread-20] WARN  com.netflix.discovery.DiscoveryClient - Saw local status change event StatusChangeEvent [timestamp=1553496046156, current=DOWN, previous=UP]
2019-03-25 14:40:46.156 [DiscoveryClient-InstanceInfoReplicator-0] INFO  com.netflix.discovery.DiscoveryClient - DiscoveryClient_KAYLE-WEB/10.97.206.63:kayle-web:18800: registering service...
2019-03-25 14:40:46.158 [Thread-20] INFO  o.s.context.support.DefaultLifecycleProcessor - Stopping beans in phase 0
2019-03-25 14:40:46.160 [DiscoveryClient-InstanceInfoReplicator-0] INFO  org.apache.http.impl.client.DefaultHttpClient - I/O exception (java.net.SocketException) caught when processing request to {}->http://localhost:8100: Broken pipe (Write failed)
2019-03-25 14:40:46.160 [DiscoveryClient-InstanceInfoReplicator-0] INFO  org.apache.http.impl.client.DefaultHttpClient - Retrying request to {}->http://localhost:8100
2019-03-25 14:40:46.160 [Thread-20] INFO  o.s.jmx.export.annotation.AnnotationMBeanExporter - Unregistering JMX-exposed beans on shutdown
2019-03-25 14:40:46.161 [Thread-20] INFO  o.s.jmx.export.annotation.AnnotationMBeanExporter - Unregistering JMX-exposed beans
2019-03-25 14:40:46.165 [DiscoveryClient-InstanceInfoReplicator-0] ERROR c.n.d.s.t.decorator.RedirectingEurekaHttpClient - Request execution error
com.sun.jersey.api.client.ClientHandlerException: org.apache.http.client.ClientProtocolException
	at com.sun.jersey.client.apache4.ApacheHttpClient4Handler.handle(ApacheHttpClient4Handler.java:187)
	at com.sun.jersey.api.client.filter.GZIPContentEncodingFilter.handle(GZIPContentEncodingFilter.java:123)
	at com.netflix.discovery.EurekaIdentityHeaderFilter.handle(EurekaIdentityHeaderFilter.java:27)
	at com.sun.jersey.api.client.Client.handle(Client.java:652)
	at com.sun.jersey.api.client.WebResource.handle(WebResource.java:682)
	at com.sun.jersey.api.client.WebResource.access$200(WebResource.java:74)
	at com.sun.jersey.api.client.WebResource$Builder.post(WebResource.java:570)
	at com.netflix.discovery.shared.transport.jersey.AbstractJerseyEurekaHttpClient.register(AbstractJerseyEurekaHttpClient.java:56)
	at com.netflix.discovery.shared.transport.decorator.EurekaHttpClientDecorator$1.execute(EurekaHttpClientDecorator.java:59)
	at com.netflix.discovery.shared.transport.decorator.MetricsCollectingEurekaHttpClient.execute(MetricsCollectingEurekaHttpClient.java:73)
	at com.netflix.discovery.shared.transport.decorator.EurekaHttpClientDecorator.register(EurekaHttpClientDecorator.java:56)
	at com.netflix.discovery.shared.transport.decorator.EurekaHttpClientDecorator$1.execute(EurekaHttpClientDecorator.java:59)
	at com.netflix.discovery.shared.transport.decorator.RedirectingEurekaHttpClient.execute(RedirectingEurekaHttpClient.java:89)
	at com.netflix.discovery.shared.transport.decorator.EurekaHttpClientDecorator.register(EurekaHttpClientDecorator.java:56)
	at com.netflix.discovery.shared.transport.decorator.EurekaHttpClientDecorator$1.execute(EurekaHttpClientDecorator.java:59)
	at com.netflix.discovery.shared.transport.decorator.RetryableEurekaHttpClient.execute(RetryableEurekaHttpClient.java:119)
	at com.netflix.discovery.shared.transport.decorator.EurekaHttpClientDecorator.register(EurekaHttpClientDecorator.java:56)
	at com.netflix.discovery.shared.transport.decorator.EurekaHttpClientDecorator$1.execute(EurekaHttpClientDecorator.java:59)
	at com.netflix.discovery.shared.transport.decorator.SessionedEurekaHttpClient.execute(SessionedEurekaHttpClient.java:77)
	at com.netflix.discovery.shared.transport.decorator.EurekaHttpClientDecorator.register(EurekaHttpClientDecorator.java:56)
	at com.netflix.discovery.DiscoveryClient.register(DiscoveryClient.java:829)
	at com.netflix.discovery.InstanceInfoReplicator.run(InstanceInfoReplicator.java:104)
	at com.netflix.discovery.InstanceInfoReplicator$1.run(InstanceInfoReplicator.java:88)
	at java.util.concurrent.Executors$RunnableAdapter.call(Executors.java:511)
	at java.util.concurrent.FutureTask.run$$$capture(FutureTask.java:266)
	at java.util.concurrent.FutureTask.run(FutureTask.java)
	at java.util.concurrent.ScheduledThreadPoolExecutor$ScheduledFutureTask.access$201(ScheduledThreadPoolExecutor.java:180)
	at java.util.concurrent.ScheduledThreadPoolExecutor$ScheduledFutureTask.run(ScheduledThreadPoolExecutor.java:293)
	at java.util.concurrent.ThreadPoolExecutor.runWorker(ThreadPoolExecutor.java:1149)
	at java.util.concurrent.ThreadPoolExecutor$Worker.run(ThreadPoolExecutor.java:624)
	at java.lang.Thread.run(Thread.java:748)
Caused by: org.apache.http.client.ClientProtocolException: null
	at org.apache.http.impl.client.AbstractHttpClient.doExecute(AbstractHttpClient.java:839)
	at org.apache.http.impl.client.CloseableHttpClient.execute(CloseableHttpClient.java:118)
	at org.apache.http.impl.client.CloseableHttpClient.execute(CloseableHttpClient.java:56)
	at com.sun.jersey.client.apache4.ApacheHttpClient4Handler.handle(ApacheHttpClient4Handler.java:173)
	... 30 common frames omitted
Caused by: org.apache.http.client.NonRepeatableRequestException: Cannot retry request with a non-repeatable request entity.  The cause lists the reason the original request failed.
	at org.apache.http.impl.client.DefaultRequestDirector.tryExecute(DefaultRequestDirector.java:658)
	at org.apache.http.impl.client.DefaultRequestDirector.execute(DefaultRequestDirector.java:486)
	at org.apache.http.impl.client.AbstractHttpClient.doExecute(AbstractHttpClient.java:835)
	... 33 common frames omitted
Caused by: java.net.SocketException: Broken pipe (Write failed)
	at java.net.SocketOutputStream.socketWrite0(Native Method)
	at java.net.SocketOutputStream.socketWrite(SocketOutputStream.java:111)
	at java.net.SocketOutputStream.write(SocketOutputStream.java:155)
	at org.apache.http.impl.io.AbstractSessionOutputBuffer.flushBuffer(AbstractSessionOutputBuffer.java:160)
	at org.apache.http.impl.io.AbstractSessionOutputBuffer.flush(AbstractSessionOutputBuffer.java:168)
	at org.apache.http.impl.io.ChunkedOutputStream.close(ChunkedOutputStream.java:203)
	at com.fasterxml.jackson.core.json.UTF8JsonGenerator.close(UTF8JsonGenerator.java:1138)
	at com.fasterxml.jackson.databind.ObjectWriter._configAndWriteValue(ObjectWriter.java:1125)
	at com.fasterxml.jackson.databind.ObjectWriter.writeValue(ObjectWriter.java:950)
	at com.netflix.discovery.converters.EurekaJacksonCodec.writeTo(EurekaJacksonCodec.java:216)
	at com.netflix.discovery.converters.wrappers.CodecWrappers$LegacyJacksonJson.encode(CodecWrappers.java:304)
	at com.netflix.discovery.provider.DiscoveryJerseyProvider.writeTo(DiscoveryJerseyProvider.java:135)
	at com.sun.jersey.api.client.RequestWriter$RequestEntityWriterImpl.writeRequestEntity(RequestWriter.java:231)
	at com.sun.jersey.client.apache4.ApacheHttpClient4Handler$2.writeTo(ApacheHttpClient4Handler.java:289)
	at org.apache.http.entity.HttpEntityWrapper.writeTo(HttpEntityWrapper.java:94)
	at org.apache.http.impl.client.EntityEnclosingRequestWrapper$EntityWrapper.writeTo(EntityEnclosingRequestWrapper.java:110)
	at org.apache.http.impl.entity.EntitySerializer.serialize(EntitySerializer.java:118)
	at org.apache.http.impl.AbstractHttpClientConnection.sendRequestEntity(AbstractHttpClientConnection.java:266)
	at org.apache.http.impl.conn.AbstractClientConnAdapter.sendRequestEntity(AbstractClientConnAdapter.java:239)
	at org.apache.http.protocol.HttpRequestExecutor.doSendRequest(HttpRequestExecutor.java:238)
	at org.apache.http.protocol.HttpRequestExecutor.execute(HttpRequestExecutor.java:123)
	at org.apache.http.impl.client.DefaultRequestDirector.tryExecute(DefaultRequestDirector.java:684)
	... 35 common frames omitted
2019-03-25 14:40:46.166 [DiscoveryClient-InstanceInfoReplicator-0] WARN  c.n.d.s.t.decorator.RetryableEurekaHttpClient - Request execution failed with message: org.apache.http.client.ClientProtocolException
2019-03-25 14:40:46.169 [DiscoveryClient-InstanceInfoReplicator-0] ERROR c.n.d.s.t.decorator.RedirectingEurekaHttpClient - Request execution error
com.sun.jersey.api.client.ClientHandlerException: java.net.ConnectException: Connection refused (Connection refused)
	at com.sun.jersey.client.apache4.ApacheHttpClient4Handler.handle(ApacheHttpClient4Handler.java:187)
	at com.sun.jersey.api.client.filter.GZIPContentEncodingFilter.handle(GZIPContentEncodingFilter.java:123)
	at com.netflix.discovery.EurekaIdentityHeaderFilter.handle(EurekaIdentityHeaderFilter.java:27)
	at com.sun.jersey.api.client.Client.handle(Client.java:652)
	at com.sun.jersey.api.client.WebResource.handle(WebResource.java:682)
	at com.sun.jersey.api.client.WebResource.access$200(WebResource.java:74)
	at com.sun.jersey.api.client.WebResource$Builder.post(WebResource.java:570)
	at com.netflix.discovery.shared.transport.jersey.AbstractJerseyEurekaHttpClient.register(AbstractJerseyEurekaHttpClient.java:56)
	at com.netflix.discovery.shared.transport.decorator.EurekaHttpClientDecorator$1.execute(EurekaHttpClientDecorator.java:59)
	at com.netflix.discovery.shared.transport.decorator.MetricsCollectingEurekaHttpClient.execute(MetricsCollectingEurekaHttpClient.java:73)
	at com.netflix.discovery.shared.transport.decorator.EurekaHttpClientDecorator.register(EurekaHttpClientDecorator.java:56)
	at com.netflix.discovery.shared.transport.decorator.EurekaHttpClientDecorator$1.execute(EurekaHttpClientDecorator.java:59)
	at com.netflix.discovery.shared.transport.decorator.RedirectingEurekaHttpClient.executeOnNewServer(RedirectingEurekaHttpClient.java:118)
	at com.netflix.discovery.shared.transport.decorator.RedirectingEurekaHttpClient.execute(RedirectingEurekaHttpClient.java:79)
	at com.netflix.discovery.shared.transport.decorator.EurekaHttpClientDecorator.register(EurekaHttpClientDecorator.java:56)
	at com.netflix.discovery.shared.transport.decorator.EurekaHttpClientDecorator$1.execute(EurekaHttpClientDecorator.java:59)
	at com.netflix.discovery.shared.transport.decorator.RetryableEurekaHttpClient.execute(RetryableEurekaHttpClient.java:119)
	at com.netflix.discovery.shared.transport.decorator.EurekaHttpClientDecorator.register(EurekaHttpClientDecorator.java:56)
	at com.netflix.discovery.shared.transport.decorator.EurekaHttpClientDecorator$1.execute(EurekaHttpClientDecorator.java:59)
	at com.netflix.discovery.shared.transport.decorator.SessionedEurekaHttpClient.execute(SessionedEurekaHttpClient.java:77)
	at com.netflix.discovery.shared.transport.decorator.EurekaHttpClientDecorator.register(EurekaHttpClientDecorator.java:56)
	at com.netflix.discovery.DiscoveryClient.register(DiscoveryClient.java:829)
	at com.netflix.discovery.InstanceInfoReplicator.run(InstanceInfoReplicator.java:104)
	at com.netflix.discovery.InstanceInfoReplicator$1.run(InstanceInfoReplicator.java:88)
	at java.util.concurrent.Executors$RunnableAdapter.call(Executors.java:511)
	at java.util.concurrent.FutureTask.run$$$capture(FutureTask.java:266)
	at java.util.concurrent.FutureTask.run(FutureTask.java)
	at java.util.concurrent.ScheduledThreadPoolExecutor$ScheduledFutureTask.access$201(ScheduledThreadPoolExecutor.java:180)
	at java.util.concurrent.ScheduledThreadPoolExecutor$ScheduledFutureTask.run(ScheduledThreadPoolExecutor.java:293)
	at java.util.concurrent.ThreadPoolExecutor.runWorker(ThreadPoolExecutor.java:1149)
	at java.util.concurrent.ThreadPoolExecutor$Worker.run(ThreadPoolExecutor.java:624)
	at java.lang.Thread.run(Thread.java:748)
Caused by: java.net.ConnectException: Connection refused (Connection refused)
	at java.net.PlainSocketImpl.socketConnect(Native Method)
	at java.net.AbstractPlainSocketImpl.doConnect(AbstractPlainSocketImpl.java:350)
	at java.net.AbstractPlainSocketImpl.connectToAddress(AbstractPlainSocketImpl.java:206)
	at java.net.AbstractPlainSocketImpl.connect(AbstractPlainSocketImpl.java:188)
	at java.net.SocksSocketImpl.connect(SocksSocketImpl.java:392)
	at java.net.Socket.connect(Socket.java:589)
	at org.apache.http.conn.scheme.PlainSocketFactory.connectSocket(PlainSocketFactory.java:121)
	at org.apache.http.impl.conn.DefaultClientConnectionOperator.openConnection(DefaultClientConnectionOperator.java:180)
	at org.apache.http.impl.conn.AbstractPoolEntry.open(AbstractPoolEntry.java:144)
	at org.apache.http.impl.conn.AbstractPooledConnAdapter.open(AbstractPooledConnAdapter.java:134)
	at org.apache.http.impl.client.DefaultRequestDirector.tryConnect(DefaultRequestDirector.java:610)
	at org.apache.http.impl.client.DefaultRequestDirector.execute(DefaultRequestDirector.java:445)
	at org.apache.http.impl.client.AbstractHttpClient.doExecute(AbstractHttpClient.java:835)
	at org.apache.http.impl.client.CloseableHttpClient.execute(CloseableHttpClient.java:118)
	at org.apache.http.impl.client.CloseableHttpClient.execute(CloseableHttpClient.java:56)
	at com.sun.jersey.client.apache4.ApacheHttpClient4Handler.handle(ApacheHttpClient4Handler.java:173)
	... 31 common frames omitted
2019-03-25 14:40:46.170 [DiscoveryClient-InstanceInfoReplicator-0] WARN  c.n.d.s.t.decorator.RetryableEurekaHttpClient - Request execution failed with message: java.net.ConnectException: Connection refused (Connection refused)
2019-03-25 14:40:46.178 [DiscoveryClient-InstanceInfoReplicator-0] INFO  c.n.d.s.t.decorator.RetryableEurekaHttpClient - Request execution succeeded on retry #2
2019-03-25 14:40:46.178 [DiscoveryClient-InstanceInfoReplicator-0] INFO  com.netflix.discovery.DiscoveryClient - DiscoveryClient_KAYLE-WEB/10.97.206.63:kayle-web:18800 - registration status: 204
2019-03-25 14:40:46.185 [Thread-20] WARN  com.netflix.config.sources.URLConfigurationSource - No URLs will be polled as dynamic configuration sources.
2019-03-25 14:40:46.185 [Thread-20] INFO  com.netflix.config.sources.URLConfigurationSource - To enable URLs as dynamic configuration sources, define System property archaius.configurationSource.additionalUrls or make config.properties available on classpath.
2019-03-25 14:40:46.190 [Thread-20] INFO  o.s.c.a.AnnotationConfigApplicationContext - Closing SpringClientFactory-kayle-server: startup date [Mon Mar 25 14:40:22 CST 2019]; parent: org.springframework.boot.web.servlet.context.AnnotationConfigServletWebServerApplicationContext@718607eb
2019-03-25 14:40:46.191 [Thread-20] INFO  com.netflix.util.concurrent.ShutdownEnabledTimer - Shutdown hook removed for: NFLoadBalancer-PingTimer-kayle-server
2019-03-25 14:40:46.191 [Thread-20] INFO  com.netflix.util.concurrent.ShutdownEnabledTimer - Exception caught (might be ok if at shutdown)
java.lang.IllegalStateException: Shutdown in progress
	at java.lang.ApplicationShutdownHooks.remove(ApplicationShutdownHooks.java:82)
	at java.lang.Runtime.removeShutdownHook(Runtime.java:239)
	at com.netflix.util.concurrent.ShutdownEnabledTimer.cancel(ShutdownEnabledTimer.java:70)
	at com.netflix.loadbalancer.BaseLoadBalancer.cancelPingTask(BaseLoadBalancer.java:613)
	at com.netflix.loadbalancer.BaseLoadBalancer.shutdown(BaseLoadBalancer.java:864)
	at com.netflix.loadbalancer.DynamicServerListLoadBalancer.shutdown(DynamicServerListLoadBalancer.java:285)
	at sun.reflect.NativeMethodAccessorImpl.invoke0(Native Method)
	at sun.reflect.NativeMethodAccessorImpl.invoke(NativeMethodAccessorImpl.java:62)
	at sun.reflect.DelegatingMethodAccessorImpl.invoke(DelegatingMethodAccessorImpl.java:43)
	at java.lang.reflect.Method.invoke(Method.java:498)
	at org.springframework.beans.factory.support.DisposableBeanAdapter.invokeCustomDestroyMethod(DisposableBeanAdapter.java:337)
	at org.springframework.beans.factory.support.DisposableBeanAdapter.destroy(DisposableBeanAdapter.java:271)
	at org.springframework.beans.factory.support.DefaultSingletonBeanRegistry.destroyBean(DefaultSingletonBeanRegistry.java:577)
	at org.springframework.beans.factory.support.DefaultSingletonBeanRegistry.destroySingleton(DefaultSingletonBeanRegistry.java:549)
	at org.springframework.beans.factory.support.DefaultListableBeanFactory.destroySingleton(DefaultListableBeanFactory.java:957)
	at org.springframework.beans.factory.support.DefaultSingletonBeanRegistry.destroySingletons(DefaultSingletonBeanRegistry.java:510)
	at org.springframework.beans.factory.support.DefaultListableBeanFactory.destroySingletons(DefaultListableBeanFactory.java:964)
	at org.springframework.context.support.AbstractApplicationContext.destroyBeans(AbstractApplicationContext.java:1041)
	at org.springframework.context.support.AbstractApplicationContext.doClose(AbstractApplicationContext.java:1017)
	at org.springframework.context.support.AbstractApplicationContext.close(AbstractApplicationContext.java:967)
	at org.springframework.cloud.context.named.NamedContextFactory.destroy(NamedContextFactory.java:76)
	at org.springframework.beans.factory.support.DisposableBeanAdapter.destroy(DisposableBeanAdapter.java:256)
	at org.springframework.beans.factory.support.DefaultSingletonBeanRegistry.destroyBean(DefaultSingletonBeanRegistry.java:577)
	at org.springframework.beans.factory.support.DefaultSingletonBeanRegistry.destroySingleton(DefaultSingletonBeanRegistry.java:549)
	at org.springframework.beans.factory.support.DefaultListableBeanFactory.destroySingleton(DefaultListableBeanFactory.java:957)
	at org.springframework.beans.factory.support.DefaultSingletonBeanRegistry.destroySingletons(DefaultSingletonBeanRegistry.java:510)
	at org.springframework.beans.factory.support.DefaultListableBeanFactory.destroySingletons(DefaultListableBeanFactory.java:964)
	at org.springframework.context.support.AbstractApplicationContext.destroyBeans(AbstractApplicationContext.java:1041)
	at org.springframework.context.support.AbstractApplicationContext.doClose(AbstractApplicationContext.java:1017)
	at org.springframework.context.support.AbstractApplicationContext$1.run(AbstractApplicationContext.java:937)
2019-03-25 14:40:46.195 [Thread-20] INFO  o.s.c.a.AnnotationConfigApplicationContext - Closing FeignContext-kayle-server: startup date [Mon Mar 25 14:38:45 CST 2019]; parent: org.springframework.boot.web.servlet.context.AnnotationConfigServletWebServerApplicationContext@718607eb
2019-03-25 14:40:46.196 [Thread-20] INFO  com.netflix.discovery.DiscoveryClient - Shutting down DiscoveryClient ...
2019-03-25 14:40:46.196 [Thread-20] INFO  com.netflix.discovery.DiscoveryClient - Unregistering ...
2019-03-25 14:40:46.204 [Thread-20] INFO  com.netflix.discovery.DiscoveryClient - DiscoveryClient_KAYLE-WEB/10.97.206.63:kayle-web:18800 - deregister  status: 200
2019-03-25 14:40:46.216 [Thread-20] INFO  com.netflix.discovery.DiscoveryClient - Completed shut down of DiscoveryClient
2019-03-25 15:05:43.722 [main] INFO  o.s.c.a.AnnotationConfigApplicationContext - Refreshing org.springframework.context.annotation.AnnotationConfigApplicationContext@6c45ee6e: startup date [Mon Mar 25 15:05:43 CST 2019]; root of context hierarchy
2019-03-25 15:05:44.033 [main] INFO  o.s.b.f.a.AutowiredAnnotationBeanPostProcessor - JSR-330 'javax.inject.Inject' annotation found and supported for autowiring
2019-03-25 15:05:44.085 [main] INFO  o.s.c.s.PostProcessorRegistrationDelegate$BeanPostProcessorChecker - Bean 'configurationPropertiesRebinderAutoConfiguration' of type [org.springframework.cloud.autoconfigure.ConfigurationPropertiesRebinderAutoConfiguration$$EnhancerBySpringCGLIB$$99f4159a] is not eligible for getting processed by all BeanPostProcessors (for example: not eligible for auto-proxying)
2019-03-25 15:05:44.290 [main] INFO  com.kayle.web.KayleWebApp - No active profile set, falling back to default profiles: default
2019-03-25 15:05:44.314 [main] INFO  o.s.b.w.s.c.AnnotationConfigServletWebServerApplicationContext - Refreshing org.springframework.boot.web.servlet.context.AnnotationConfigServletWebServerApplicationContext@b09fac1: startup date [Mon Mar 25 15:05:44 CST 2019]; parent: org.springframework.context.annotation.AnnotationConfigApplicationContext@6c45ee6e
2019-03-25 15:05:44.966 [main] INFO  o.s.b.factory.support.DefaultListableBeanFactory - Overriding bean definition for bean 'environmentWebEndpointExtension' with a different definition: replacing [Root bean: class [null]; scope=; abstract=false; lazyInit=false; autowireMode=3; dependencyCheck=0; autowireCandidate=true; primary=false; factoryBeanName=org.springframework.boot.actuate.autoconfigure.env.EnvironmentEndpointAutoConfiguration; factoryMethodName=environmentWebEndpointExtension; initMethodName=null; destroyMethodName=(inferred); defined in class path resource [org/springframework/boot/actuate/autoconfigure/env/EnvironmentEndpointAutoConfiguration.class]] with [Root bean: class [null]; scope=; abstract=false; lazyInit=false; autowireMode=3; dependencyCheck=0; autowireCandidate=true; primary=false; factoryBeanName=org.springframework.cloud.autoconfigure.LifecycleMvcEndpointAutoConfiguration$EndpointConfiguration; factoryMethodName=environmentWebEndpointExtension; initMethodName=null; destroyMethodName=(inferred); defined in class path resource [org/springframework/cloud/autoconfigure/LifecycleMvcEndpointAutoConfiguration$EndpointConfiguration.class]]
2019-03-25 15:05:45.241 [main] INFO  o.springframework.cloud.context.scope.GenericScope - BeanFactory id=568162d8-836a-31aa-8dba-44b9906c1a90
2019-03-25 15:05:45.269 [main] INFO  o.s.b.f.a.AutowiredAnnotationBeanPostProcessor - JSR-330 'javax.inject.Inject' annotation found and supported for autowiring
2019-03-25 15:05:45.294 [main] INFO  o.s.c.s.PostProcessorRegistrationDelegate$BeanPostProcessorChecker - Bean 'com.kayle.web.controller.app.contract.AppApi' of type [org.springframework.cloud.openfeign.FeignClientFactoryBean] is not eligible for getting processed by all BeanPostProcessors (for example: not eligible for auto-proxying)
2019-03-25 15:05:45.518 [main] INFO  o.s.c.s.PostProcessorRegistrationDelegate$BeanPostProcessorChecker - Bean 'org.springframework.cloud.autoconfigure.ConfigurationPropertiesRebinderAutoConfiguration' of type [org.springframework.cloud.autoconfigure.ConfigurationPropertiesRebinderAutoConfiguration$$EnhancerBySpringCGLIB$$99f4159a] is not eligible for getting processed by all BeanPostProcessors (for example: not eligible for auto-proxying)
2019-03-25 15:05:45.753 [main] INFO  o.s.boot.web.embedded.tomcat.TomcatWebServer - Tomcat initialized with port(s): 18800 (http)
2019-03-25 15:05:45.763 [main] INFO  org.apache.coyote.http11.Http11NioProtocol - Initializing ProtocolHandler ["http-nio-18800"]
2019-03-25 15:05:45.772 [main] INFO  org.apache.catalina.core.StandardService - Starting service [Tomcat]
2019-03-25 15:05:45.772 [main] INFO  org.apache.catalina.core.StandardEngine - Starting Servlet Engine: Apache Tomcat/8.5.29
2019-03-25 15:05:45.775 [localhost-startStop-1] INFO  org.apache.catalina.core.AprLifecycleListener - The APR based Apache Tomcat Native library which allows optimal performance in production environments was not found on the java.library.path: [/Users/dingzhenxing/Library/Java/Extensions:/Library/Java/Extensions:/Network/Library/Java/Extensions:/System/Library/Java/Extensions:/usr/lib/java:.]
2019-03-25 15:05:45.953 [localhost-startStop-1] INFO  o.a.c.core.ContainerBase.[Tomcat].[localhost].[/] - Initializing Spring embedded WebApplicationContext
2019-03-25 15:05:45.954 [localhost-startStop-1] INFO  org.springframework.web.context.ContextLoader - Root WebApplicationContext: initialization completed in 1640 ms
2019-03-25 15:05:46.911 [localhost-startStop-1] WARN  com.netflix.config.sources.URLConfigurationSource - No URLs will be polled as dynamic configuration sources.
2019-03-25 15:05:46.914 [localhost-startStop-1] INFO  com.netflix.config.sources.URLConfigurationSource - To enable URLs as dynamic configuration sources, define System property archaius.configurationSource.additionalUrls or make config.properties available on classpath.
2019-03-25 15:05:46.918 [localhost-startStop-1] INFO  com.netflix.config.DynamicPropertyFactory - DynamicPropertyFactory is initialized with configuration sources: com.netflix.config.ConcurrentCompositeConfiguration@64e1d4cb
2019-03-25 15:05:47.083 [localhost-startStop-1] INFO  o.s.boot.web.servlet.FilterRegistrationBean - Mapping filter: 'characterEncodingFilter' to: [/*]
2019-03-25 15:05:47.083 [localhost-startStop-1] INFO  o.s.boot.web.servlet.FilterRegistrationBean - Mapping filter: 'hiddenHttpMethodFilter' to: [/*]
2019-03-25 15:05:47.084 [localhost-startStop-1] INFO  o.s.boot.web.servlet.FilterRegistrationBean - Mapping filter: 'httpPutFormContentFilter' to: [/*]
2019-03-25 15:05:47.084 [localhost-startStop-1] INFO  o.s.boot.web.servlet.FilterRegistrationBean - Mapping filter: 'requestContextFilter' to: [/*]
2019-03-25 15:05:47.084 [localhost-startStop-1] INFO  o.s.boot.web.servlet.FilterRegistrationBean - Mapping filter: 'tokenAuthorFilter' to urls: [/*]
2019-03-25 15:05:47.084 [localhost-startStop-1] INFO  o.s.boot.web.servlet.FilterRegistrationBean - Mapping filter: 'httpTraceFilter' to: [/*]
2019-03-25 15:05:47.084 [localhost-startStop-1] INFO  o.s.boot.web.servlet.FilterRegistrationBean - Mapping filter: 'webMvcMetricsFilter' to: [/*]
2019-03-25 15:05:47.084 [localhost-startStop-1] INFO  o.s.boot.web.servlet.FilterRegistrationBean - Mapping filter: 'simpleFilter' to urls: [/*]
2019-03-25 15:05:47.084 [localhost-startStop-1] INFO  o.s.boot.web.servlet.ServletRegistrationBean - Servlet dispatcherServlet mapped to [/]
2019-03-25 15:05:47.152 [main] INFO  o.s.c.a.AnnotationConfigApplicationContext - Refreshing FeignContext-kayle-server: startup date [Mon Mar 25 15:05:47 CST 2019]; parent: org.springframework.boot.web.servlet.context.AnnotationConfigServletWebServerApplicationContext@b09fac1
2019-03-25 15:05:47.170 [main] INFO  o.s.b.f.a.AutowiredAnnotationBeanPostProcessor - JSR-330 'javax.inject.Inject' annotation found and supported for autowiring
2019-03-25 15:05:47.359 [main] WARN  com.netflix.config.sources.URLConfigurationSource - No URLs will be polled as dynamic configuration sources.
2019-03-25 15:05:47.359 [main] INFO  com.netflix.config.sources.URLConfigurationSource - To enable URLs as dynamic configuration sources, define System property archaius.configurationSource.additionalUrls or make config.properties available on classpath.
2019-03-25 15:05:47.444 [main] INFO  o.s.web.servlet.handler.SimpleUrlHandlerMapping - Mapped URL path [/**/favicon.ico] onto handler of type [class org.springframework.web.servlet.resource.ResourceHttpRequestHandler]
2019-03-25 15:05:47.664 [main] INFO  o.s.w.s.m.m.a.RequestMappingHandlerAdapter - Looking for @ControllerAdvice: org.springframework.boot.web.servlet.context.AnnotationConfigServletWebServerApplicationContext@b09fac1: startup date [Mon Mar 25 15:05:44 CST 2019]; parent: org.springframework.context.annotation.AnnotationConfigApplicationContext@6c45ee6e
2019-03-25 15:05:47.716 [main] INFO  o.s.w.s.m.m.a.RequestMappingHandlerMapping - Mapped "{[/getApp]}" onto public org.springframework.http.ResponseEntity<com.kayle.contract.ApiResult> com.kayle.web.controller.app.AppController.getApp(com.kayle.contract.app.pojo.AppEntity)
2019-03-25 15:05:47.718 [main] INFO  o.s.w.s.m.m.a.RequestMappingHandlerMapping - Mapped "{[/error]}" onto public org.springframework.http.ResponseEntity<java.util.Map<java.lang.String, java.lang.Object>> org.springframework.boot.autoconfigure.web.servlet.error.BasicErrorController.error(javax.servlet.http.HttpServletRequest)
2019-03-25 15:05:47.719 [main] INFO  o.s.w.s.m.m.a.RequestMappingHandlerMapping - Mapped "{[/error],produces=[text/html]}" onto public org.springframework.web.servlet.ModelAndView org.springframework.boot.autoconfigure.web.servlet.error.BasicErrorController.errorHtml(javax.servlet.http.HttpServletRequest,javax.servlet.http.HttpServletResponse)
2019-03-25 15:05:47.753 [main] INFO  o.s.web.servlet.handler.SimpleUrlHandlerMapping - Mapped URL path [/webjars/**] onto handler of type [class org.springframework.web.servlet.resource.ResourceHttpRequestHandler]
2019-03-25 15:05:47.753 [main] INFO  o.s.web.servlet.handler.SimpleUrlHandlerMapping - Mapped URL path [/**] onto handler of type [class org.springframework.web.servlet.resource.ResourceHttpRequestHandler]
2019-03-25 15:05:47.773 [main] INFO  o.s.w.s.m.m.a.ExceptionHandlerExceptionResolver - Detected @ExceptionHandler methods in globalExceptionHandler
2019-03-25 15:05:48.150 [main] INFO  o.s.ui.freemarker.SpringTemplateLoader - SpringTemplateLoader for FreeMarker: using resource loader [org.springframework.boot.web.servlet.context.AnnotationConfigServletWebServerApplicationContext@b09fac1: startup date [Mon Mar 25 15:05:44 CST 2019]; parent: org.springframework.context.annotation.AnnotationConfigApplicationContext@6c45ee6e] and template loader path [classpath:/templates/]
2019-03-25 15:05:48.150 [main] INFO  o.s.w.servlet.view.freemarker.FreeMarkerConfigurer - ClassTemplateLoader for Spring macros added to FreeMarker configuration
2019-03-25 15:05:48.353 [main] INFO  o.s.b.actuate.endpoint.web.EndpointLinksResolver - Exposing 2 endpoint(s) beneath base path '/actuator'
2019-03-25 15:05:48.368 [main] INFO  o.s.b.a.e.web.servlet.WebMvcEndpointHandlerMapping - Mapped "{[/actuator/health],methods=[GET],produces=[application/vnd.spring-boot.actuator.v2+json || application/json]}" onto public java.lang.Object org.springframework.boot.actuate.endpoint.web.servlet.AbstractWebMvcEndpointHandlerMapping$OperationHandler.handle(javax.servlet.http.HttpServletRequest,java.util.Map<java.lang.String, java.lang.String>)
2019-03-25 15:05:48.369 [main] INFO  o.s.b.a.e.web.servlet.WebMvcEndpointHandlerMapping - Mapped "{[/actuator/info],methods=[GET],produces=[application/vnd.spring-boot.actuator.v2+json || application/json]}" onto public java.lang.Object org.springframework.boot.actuate.endpoint.web.servlet.AbstractWebMvcEndpointHandlerMapping$OperationHandler.handle(javax.servlet.http.HttpServletRequest,java.util.Map<java.lang.String, java.lang.String>)
2019-03-25 15:05:48.369 [main] INFO  o.s.b.a.e.web.servlet.WebMvcEndpointHandlerMapping - Mapped "{[/actuator],methods=[GET],produces=[application/vnd.spring-boot.actuator.v2+json || application/json]}" onto protected java.util.Map<java.lang.String, java.util.Map<java.lang.String, org.springframework.boot.actuate.endpoint.web.Link>> org.springframework.boot.actuate.endpoint.web.servlet.WebMvcEndpointHandlerMapping.links(javax.servlet.http.HttpServletRequest,javax.servlet.http.HttpServletResponse)
2019-03-25 15:05:48.423 [main] INFO  o.s.jmx.export.annotation.AnnotationMBeanExporter - Registering beans for JMX exposure on startup
2019-03-25 15:05:48.433 [main] INFO  o.s.jmx.export.annotation.AnnotationMBeanExporter - Bean with name 'configurationPropertiesRebinder' has been autodetected for JMX exposure
2019-03-25 15:05:48.434 [main] INFO  o.s.jmx.export.annotation.AnnotationMBeanExporter - Bean with name 'environmentManager' has been autodetected for JMX exposure
2019-03-25 15:05:48.435 [main] INFO  o.s.jmx.export.annotation.AnnotationMBeanExporter - Bean with name 'refreshScope' has been autodetected for JMX exposure
2019-03-25 15:05:48.437 [main] INFO  o.s.jmx.export.annotation.AnnotationMBeanExporter - Located managed bean 'environmentManager': registering with JMX server as MBean [org.springframework.cloud.context.environment:name=environmentManager,type=EnvironmentManager]
2019-03-25 15:05:48.445 [main] INFO  o.s.jmx.export.annotation.AnnotationMBeanExporter - Located managed bean 'refreshScope': registering with JMX server as MBean [org.springframework.cloud.context.scope.refresh:name=refreshScope,type=RefreshScope]
2019-03-25 15:05:48.456 [main] INFO  o.s.jmx.export.annotation.AnnotationMBeanExporter - Located managed bean 'configurationPropertiesRebinder': registering with JMX server as MBean [org.springframework.cloud.context.properties:name=configurationPropertiesRebinder,context=b09fac1,type=ConfigurationPropertiesRebinder]
2019-03-25 15:05:48.466 [main] INFO  o.s.context.support.DefaultLifecycleProcessor - Starting beans in phase 0
2019-03-25 15:05:48.473 [main] INFO  o.s.cloud.netflix.eureka.InstanceInfoFactory - Setting initial instance status as: STARTING
2019-03-25 15:05:48.504 [main] INFO  com.netflix.discovery.DiscoveryClient - Initializing Eureka in region us-east-1
2019-03-25 15:05:48.682 [main] INFO  c.n.discovery.provider.DiscoveryJerseyProvider - Using JSON encoding codec LegacyJacksonJson
2019-03-25 15:05:48.682 [main] INFO  c.n.discovery.provider.DiscoveryJerseyProvider - Using JSON decoding codec LegacyJacksonJson
2019-03-25 15:05:48.755 [main] INFO  c.n.discovery.provider.DiscoveryJerseyProvider - Using XML encoding codec XStreamXml
2019-03-25 15:05:48.755 [main] INFO  c.n.discovery.provider.DiscoveryJerseyProvider - Using XML decoding codec XStreamXml
2019-03-25 15:05:48.928 [main] INFO  c.n.d.shared.resolver.aws.ConfigClusterResolver - Resolving eureka endpoints via configuration
2019-03-25 15:05:48.945 [main] INFO  com.netflix.discovery.DiscoveryClient - Disable delta property : false
2019-03-25 15:05:48.946 [main] INFO  com.netflix.discovery.DiscoveryClient - Single vip registry refresh property : null
2019-03-25 15:05:48.946 [main] INFO  com.netflix.discovery.DiscoveryClient - Force full registry fetch : false
2019-03-25 15:05:48.946 [main] INFO  com.netflix.discovery.DiscoveryClient - Application is null : false
2019-03-25 15:05:48.946 [main] INFO  com.netflix.discovery.DiscoveryClient - Registered Applications size is zero : true
2019-03-25 15:05:48.946 [main] INFO  com.netflix.discovery.DiscoveryClient - Application version is -1: true
2019-03-25 15:05:48.946 [main] INFO  com.netflix.discovery.DiscoveryClient - Getting all instance registry info from the eureka server
2019-03-25 15:05:49.020 [main] ERROR c.n.d.s.t.decorator.RedirectingEurekaHttpClient - Request execution error
com.sun.jersey.api.client.ClientHandlerException: java.net.ConnectException: Connection refused (Connection refused)
	at com.sun.jersey.client.apache4.ApacheHttpClient4Handler.handle(ApacheHttpClient4Handler.java:187)
	at com.sun.jersey.api.client.filter.GZIPContentEncodingFilter.handle(GZIPContentEncodingFilter.java:123)
	at com.netflix.discovery.EurekaIdentityHeaderFilter.handle(EurekaIdentityHeaderFilter.java:27)
	at com.sun.jersey.api.client.Client.handle(Client.java:652)
	at com.sun.jersey.api.client.WebResource.handle(WebResource.java:682)
	at com.sun.jersey.api.client.WebResource.access$200(WebResource.java:74)
	at com.sun.jersey.api.client.WebResource$Builder.get(WebResource.java:509)
	at com.netflix.discovery.shared.transport.jersey.AbstractJerseyEurekaHttpClient.getApplicationsInternal(AbstractJerseyEurekaHttpClient.java:194)
	at com.netflix.discovery.shared.transport.jersey.AbstractJerseyEurekaHttpClient.getApplications(AbstractJerseyEurekaHttpClient.java:165)
	at com.netflix.discovery.shared.transport.decorator.EurekaHttpClientDecorator$6.execute(EurekaHttpClientDecorator.java:137)
	at com.netflix.discovery.shared.transport.decorator.MetricsCollectingEurekaHttpClient.execute(MetricsCollectingEurekaHttpClient.java:73)
	at com.netflix.discovery.shared.transport.decorator.EurekaHttpClientDecorator.getApplications(EurekaHttpClientDecorator.java:134)
	at com.netflix.discovery.shared.transport.decorator.EurekaHttpClientDecorator$6.execute(EurekaHttpClientDecorator.java:137)
	at com.netflix.discovery.shared.transport.decorator.RedirectingEurekaHttpClient.executeOnNewServer(RedirectingEurekaHttpClient.java:118)
	at com.netflix.discovery.shared.transport.decorator.RedirectingEurekaHttpClient.execute(RedirectingEurekaHttpClient.java:79)
	at com.netflix.discovery.shared.transport.decorator.EurekaHttpClientDecorator.getApplications(EurekaHttpClientDecorator.java:134)
	at com.netflix.discovery.shared.transport.decorator.EurekaHttpClientDecorator$6.execute(EurekaHttpClientDecorator.java:137)
	at com.netflix.discovery.shared.transport.decorator.RetryableEurekaHttpClient.execute(RetryableEurekaHttpClient.java:119)
	at com.netflix.discovery.shared.transport.decorator.EurekaHttpClientDecorator.getApplications(EurekaHttpClientDecorator.java:134)
	at com.netflix.discovery.shared.transport.decorator.EurekaHttpClientDecorator$6.execute(EurekaHttpClientDecorator.java:137)
	at com.netflix.discovery.shared.transport.decorator.SessionedEurekaHttpClient.execute(SessionedEurekaHttpClient.java:77)
	at com.netflix.discovery.shared.transport.decorator.EurekaHttpClientDecorator.getApplications(EurekaHttpClientDecorator.java:134)
	at com.netflix.discovery.DiscoveryClient.getAndStoreFullRegistry(DiscoveryClient.java:1051)
	at com.netflix.discovery.DiscoveryClient.fetchRegistry(DiscoveryClient.java:965)
	at com.netflix.discovery.DiscoveryClient.<init>(DiscoveryClient.java:414)
	at com.netflix.discovery.DiscoveryClient.<init>(DiscoveryClient.java:269)
	at org.springframework.cloud.netflix.eureka.CloudEurekaClient.<init>(CloudEurekaClient.java:63)
	at org.springframework.cloud.netflix.eureka.EurekaClientAutoConfiguration$RefreshableEurekaClientConfiguration.eurekaClient(EurekaClientAutoConfiguration.java:269)
	at org.springframework.cloud.netflix.eureka.EurekaClientAutoConfiguration$RefreshableEurekaClientConfiguration$$EnhancerBySpringCGLIB$$a15d0eb9.CGLIB$eurekaClient$0(<generated>)
	at org.springframework.cloud.netflix.eureka.EurekaClientAutoConfiguration$RefreshableEurekaClientConfiguration$$EnhancerBySpringCGLIB$$a15d0eb9$$FastClassBySpringCGLIB$$670a128d.invoke(<generated>)
	at org.springframework.cglib.proxy.MethodProxy.invokeSuper(MethodProxy.java:228)
	at org.springframework.context.annotation.ConfigurationClassEnhancer$BeanMethodInterceptor.intercept(ConfigurationClassEnhancer.java:361)
	at org.springframework.cloud.netflix.eureka.EurekaClientAutoConfiguration$RefreshableEurekaClientConfiguration$$EnhancerBySpringCGLIB$$a15d0eb9.eurekaClient(<generated>)
	at sun.reflect.NativeMethodAccessorImpl.invoke0(Native Method)
	at sun.reflect.NativeMethodAccessorImpl.invoke(NativeMethodAccessorImpl.java:62)
	at sun.reflect.DelegatingMethodAccessorImpl.invoke(DelegatingMethodAccessorImpl.java:43)
	at java.lang.reflect.Method.invoke(Method.java:498)
	at org.springframework.beans.factory.support.SimpleInstantiationStrategy.instantiate(SimpleInstantiationStrategy.java:154)
	at org.springframework.beans.factory.support.ConstructorResolver.instantiateUsingFactoryMethod(ConstructorResolver.java:579)
	at org.springframework.beans.factory.support.AbstractAutowireCapableBeanFactory.instantiateUsingFactoryMethod(AbstractAutowireCapableBeanFactory.java:1250)
	at org.springframework.beans.factory.support.AbstractAutowireCapableBeanFactory.createBeanInstance(AbstractAutowireCapableBeanFactory.java:1099)
	at org.springframework.beans.factory.support.AbstractAutowireCapableBeanFactory.doCreateBean(AbstractAutowireCapableBeanFactory.java:541)
	at org.springframework.beans.factory.support.AbstractAutowireCapableBeanFactory.createBean(AbstractAutowireCapableBeanFactory.java:501)
	at org.springframework.beans.factory.support.AbstractBeanFactory.lambda$doGetBean$1(AbstractBeanFactory.java:353)
	at org.springframework.cloud.context.scope.GenericScope$BeanLifecycleWrapper.getBean(GenericScope.java:380)
	at org.springframework.cloud.context.scope.GenericScope.get(GenericScope.java:182)
	at org.springframework.beans.factory.support.AbstractBeanFactory.doGetBean(AbstractBeanFactory.java:350)
	at org.springframework.beans.factory.support.AbstractBeanFactory.getBean(AbstractBeanFactory.java:199)
	at org.springframework.aop.target.SimpleBeanTargetSource.getTarget(SimpleBeanTargetSource.java:35)
	at org.springframework.cloud.netflix.eureka.serviceregistry.EurekaRegistration.getTargetObject(EurekaRegistration.java:167)
	at org.springframework.cloud.netflix.eureka.serviceregistry.EurekaRegistration.getEurekaClient(EurekaRegistration.java:156)
	at org.springframework.cloud.netflix.eureka.serviceregistry.EurekaServiceRegistry.maybeInitializeClient(EurekaServiceRegistry.java:57)
	at org.springframework.cloud.netflix.eureka.serviceregistry.EurekaServiceRegistry.register(EurekaServiceRegistry.java:39)
	at org.springframework.cloud.netflix.eureka.serviceregistry.EurekaAutoServiceRegistration.start(EurekaAutoServiceRegistration.java:80)
	at org.springframework.context.support.DefaultLifecycleProcessor.doStart(DefaultLifecycleProcessor.java:181)
	at org.springframework.context.support.DefaultLifecycleProcessor.access$200(DefaultLifecycleProcessor.java:52)
	at org.springframework.context.support.DefaultLifecycleProcessor$LifecycleGroup.start(DefaultLifecycleProcessor.java:356)
	at org.springframework.context.support.DefaultLifecycleProcessor.startBeans(DefaultLifecycleProcessor.java:157)
	at org.springframework.context.support.DefaultLifecycleProcessor.onRefresh(DefaultLifecycleProcessor.java:121)
	at org.springframework.context.support.AbstractApplicationContext.finishRefresh(AbstractApplicationContext.java:885)
	at org.springframework.boot.web.servlet.context.ServletWebServerApplicationContext.finishRefresh(ServletWebServerApplicationContext.java:161)
	at org.springframework.context.support.AbstractApplicationContext.refresh(AbstractApplicationContext.java:553)
	at org.springframework.boot.web.servlet.context.ServletWebServerApplicationContext.refresh(ServletWebServerApplicationContext.java:140)
	at org.springframework.boot.SpringApplication.refresh(SpringApplication.java:759)
	at org.springframework.boot.SpringApplication.refreshContext(SpringApplication.java:395)
	at org.springframework.boot.SpringApplication.run(SpringApplication.java:327)
	at org.springframework.boot.SpringApplication.run(SpringApplication.java:1255)
	at org.springframework.boot.SpringApplication.run(SpringApplication.java:1243)
	at com.kayle.web.KayleWebApp.main(KayleWebApp.java:22)
Caused by: java.net.ConnectException: Connection refused (Connection refused)
	at java.net.PlainSocketImpl.socketConnect(Native Method)
	at java.net.AbstractPlainSocketImpl.doConnect(AbstractPlainSocketImpl.java:350)
	at java.net.AbstractPlainSocketImpl.connectToAddress(AbstractPlainSocketImpl.java:206)
	at java.net.AbstractPlainSocketImpl.connect(AbstractPlainSocketImpl.java:188)
	at java.net.SocksSocketImpl.connect(SocksSocketImpl.java:392)
	at java.net.Socket.connect(Socket.java:589)
	at org.apache.http.conn.scheme.PlainSocketFactory.connectSocket(PlainSocketFactory.java:121)
	at org.apache.http.impl.conn.DefaultClientConnectionOperator.openConnection(DefaultClientConnectionOperator.java:180)
	at org.apache.http.impl.conn.AbstractPoolEntry.open(AbstractPoolEntry.java:144)
	at org.apache.http.impl.conn.AbstractPooledConnAdapter.open(AbstractPooledConnAdapter.java:134)
	at org.apache.http.impl.client.DefaultRequestDirector.tryConnect(DefaultRequestDirector.java:610)
	at org.apache.http.impl.client.DefaultRequestDirector.execute(DefaultRequestDirector.java:445)
	at org.apache.http.impl.client.AbstractHttpClient.doExecute(AbstractHttpClient.java:835)
	at org.apache.http.impl.client.CloseableHttpClient.execute(CloseableHttpClient.java:118)
	at org.apache.http.impl.client.CloseableHttpClient.execute(CloseableHttpClient.java:56)
	at com.sun.jersey.client.apache4.ApacheHttpClient4Handler.handle(ApacheHttpClient4Handler.java:173)
	... 68 common frames omitted
2019-03-25 15:05:49.022 [main] WARN  c.n.d.s.t.decorator.RetryableEurekaHttpClient - Request execution failed with message: java.net.ConnectException: Connection refused (Connection refused)
2019-03-25 15:05:49.140 [main] INFO  c.n.d.s.t.decorator.RetryableEurekaHttpClient - Request execution succeeded on retry #1
2019-03-25 15:05:49.140 [main] INFO  com.netflix.discovery.DiscoveryClient - The response status is 200
2019-03-25 15:05:49.143 [main] INFO  com.netflix.discovery.DiscoveryClient - Starting heartbeat executor: renew interval is: 1
2019-03-25 15:05:49.146 [main] INFO  com.netflix.discovery.InstanceInfoReplicator - InstanceInfoReplicator onDemand update allowed rate per min is 4
2019-03-25 15:05:49.152 [main] INFO  com.netflix.discovery.DiscoveryClient - Discovery Client initialized at timestamp 1553497549150 with initial instances count: 1
2019-03-25 15:05:49.159 [main] INFO  o.s.c.n.e.serviceregistry.EurekaServiceRegistry - Registering application kayle-web with eureka with status UP
2019-03-25 15:05:49.162 [main] INFO  com.netflix.discovery.DiscoveryClient - Saw local status change event StatusChangeEvent [timestamp=1553497549162, current=UP, previous=STARTING]
2019-03-25 15:05:49.165 [DiscoveryClient-InstanceInfoReplicator-0] INFO  com.netflix.discovery.DiscoveryClient - DiscoveryClient_KAYLE-WEB/10.97.206.63:kayle-web:18800: registering service...
2019-03-25 15:05:49.172 [DiscoveryClient-InstanceInfoReplicator-0] ERROR c.n.d.s.t.decorator.RedirectingEurekaHttpClient - Request execution error
com.sun.jersey.api.client.ClientHandlerException: java.net.ConnectException: Connection refused (Connection refused)
	at com.sun.jersey.client.apache4.ApacheHttpClient4Handler.handle(ApacheHttpClient4Handler.java:187)
	at com.sun.jersey.api.client.filter.GZIPContentEncodingFilter.handle(GZIPContentEncodingFilter.java:123)
	at com.netflix.discovery.EurekaIdentityHeaderFilter.handle(EurekaIdentityHeaderFilter.java:27)
	at com.sun.jersey.api.client.Client.handle(Client.java:652)
	at com.sun.jersey.api.client.WebResource.handle(WebResource.java:682)
	at com.sun.jersey.api.client.WebResource.access$200(WebResource.java:74)
	at com.sun.jersey.api.client.WebResource$Builder.post(WebResource.java:570)
	at com.netflix.discovery.shared.transport.jersey.AbstractJerseyEurekaHttpClient.register(AbstractJerseyEurekaHttpClient.java:56)
	at com.netflix.discovery.shared.transport.decorator.EurekaHttpClientDecorator$1.execute(EurekaHttpClientDecorator.java:59)
	at com.netflix.discovery.shared.transport.decorator.MetricsCollectingEurekaHttpClient.execute(MetricsCollectingEurekaHttpClient.java:73)
	at com.netflix.discovery.shared.transport.decorator.EurekaHttpClientDecorator.register(EurekaHttpClientDecorator.java:56)
	at com.netflix.discovery.shared.transport.decorator.EurekaHttpClientDecorator$1.execute(EurekaHttpClientDecorator.java:59)
	at com.netflix.discovery.shared.transport.decorator.RedirectingEurekaHttpClient.executeOnNewServer(RedirectingEurekaHttpClient.java:118)
	at com.netflix.discovery.shared.transport.decorator.RedirectingEurekaHttpClient.execute(RedirectingEurekaHttpClient.java:79)
	at com.netflix.discovery.shared.transport.decorator.EurekaHttpClientDecorator.register(EurekaHttpClientDecorator.java:56)
	at com.netflix.discovery.shared.transport.decorator.EurekaHttpClientDecorator$1.execute(EurekaHttpClientDecorator.java:59)
	at com.netflix.discovery.shared.transport.decorator.RetryableEurekaHttpClient.execute(RetryableEurekaHttpClient.java:119)
	at com.netflix.discovery.shared.transport.decorator.EurekaHttpClientDecorator.register(EurekaHttpClientDecorator.java:56)
	at com.netflix.discovery.shared.transport.decorator.EurekaHttpClientDecorator$1.execute(EurekaHttpClientDecorator.java:59)
	at com.netflix.discovery.shared.transport.decorator.SessionedEurekaHttpClient.execute(SessionedEurekaHttpClient.java:77)
	at com.netflix.discovery.shared.transport.decorator.EurekaHttpClientDecorator.register(EurekaHttpClientDecorator.java:56)
	at com.netflix.discovery.DiscoveryClient.register(DiscoveryClient.java:829)
	at com.netflix.discovery.InstanceInfoReplicator.run(InstanceInfoReplicator.java:104)
	at com.netflix.discovery.InstanceInfoReplicator$1.run(InstanceInfoReplicator.java:88)
	at java.util.concurrent.Executors$RunnableAdapter.call(Executors.java:511)
	at java.util.concurrent.FutureTask.run$$$capture(FutureTask.java:266)
	at java.util.concurrent.FutureTask.run(FutureTask.java)
	at java.util.concurrent.ScheduledThreadPoolExecutor$ScheduledFutureTask.access$201(ScheduledThreadPoolExecutor.java:180)
	at java.util.concurrent.ScheduledThreadPoolExecutor$ScheduledFutureTask.run(ScheduledThreadPoolExecutor.java:293)
	at java.util.concurrent.ThreadPoolExecutor.runWorker(ThreadPoolExecutor.java:1149)
	at java.util.concurrent.ThreadPoolExecutor$Worker.run(ThreadPoolExecutor.java:624)
	at java.lang.Thread.run(Thread.java:748)
Caused by: java.net.ConnectException: Connection refused (Connection refused)
	at java.net.PlainSocketImpl.socketConnect(Native Method)
	at java.net.AbstractPlainSocketImpl.doConnect(AbstractPlainSocketImpl.java:350)
	at java.net.AbstractPlainSocketImpl.connectToAddress(AbstractPlainSocketImpl.java:206)
	at java.net.AbstractPlainSocketImpl.connect(AbstractPlainSocketImpl.java:188)
	at java.net.SocksSocketImpl.connect(SocksSocketImpl.java:392)
	at java.net.Socket.connect(Socket.java:589)
	at org.apache.http.conn.scheme.PlainSocketFactory.connectSocket(PlainSocketFactory.java:121)
	at org.apache.http.impl.conn.DefaultClientConnectionOperator.openConnection(DefaultClientConnectionOperator.java:180)
	at org.apache.http.impl.conn.AbstractPoolEntry.open(AbstractPoolEntry.java:144)
	at org.apache.http.impl.conn.AbstractPooledConnAdapter.open(AbstractPooledConnAdapter.java:134)
	at org.apache.http.impl.client.DefaultRequestDirector.tryConnect(DefaultRequestDirector.java:610)
	at org.apache.http.impl.client.DefaultRequestDirector.execute(DefaultRequestDirector.java:445)
	at org.apache.http.impl.client.AbstractHttpClient.doExecute(AbstractHttpClient.java:835)
	at org.apache.http.impl.client.CloseableHttpClient.execute(CloseableHttpClient.java:118)
	at org.apache.http.impl.client.CloseableHttpClient.execute(CloseableHttpClient.java:56)
	at com.sun.jersey.client.apache4.ApacheHttpClient4Handler.handle(ApacheHttpClient4Handler.java:173)
	... 31 common frames omitted
2019-03-25 15:05:49.173 [DiscoveryClient-InstanceInfoReplicator-0] WARN  c.n.d.s.t.decorator.RetryableEurekaHttpClient - Request execution failed with message: java.net.ConnectException: Connection refused (Connection refused)
2019-03-25 15:05:49.181 [main] INFO  org.apache.coyote.http11.Http11NioProtocol - Starting ProtocolHandler ["http-nio-18800"]
2019-03-25 15:05:49.203 [DiscoveryClient-InstanceInfoReplicator-0] INFO  c.n.d.s.t.decorator.RetryableEurekaHttpClient - Request execution succeeded on retry #1
2019-03-25 15:05:49.203 [DiscoveryClient-InstanceInfoReplicator-0] INFO  com.netflix.discovery.DiscoveryClient - DiscoveryClient_KAYLE-WEB/10.97.206.63:kayle-web:18800 - registration status: 204
2019-03-25 15:05:49.207 [main] INFO  org.apache.tomcat.util.net.NioSelectorPool - Using a shared selector for servlet write/read
2019-03-25 15:05:49.222 [main] INFO  o.s.boot.web.embedded.tomcat.TomcatWebServer - Tomcat started on port(s): 18800 (http) with context path ''
2019-03-25 15:05:49.223 [main] INFO  o.s.c.n.e.s.EurekaAutoServiceRegistration - Updating port to 18800
2019-03-25 15:05:49.225 [main] INFO  com.kayle.web.KayleWebApp - Started KayleWebApp in 6.302 seconds (JVM running for 7.003)
2019-03-25 15:05:49.440 [RMI TCP Connection(6)-127.0.0.1] INFO  o.a.c.core.ContainerBase.[Tomcat].[localhost].[/] - Initializing Spring FrameworkServlet 'dispatcherServlet'
2019-03-25 15:05:49.440 [RMI TCP Connection(6)-127.0.0.1] INFO  org.springframework.web.servlet.DispatcherServlet - FrameworkServlet 'dispatcherServlet': initialization started
2019-03-25 15:05:49.457 [RMI TCP Connection(6)-127.0.0.1] INFO  org.springframework.web.servlet.DispatcherServlet - FrameworkServlet 'dispatcherServlet': initialization completed in 17 ms
2019-03-25 15:06:26.960 [http-nio-18800-exec-1] WARN  com.kayle.web.filter.TokenAuthorFilter - ======>  TokenAuthorFilter  doFilter : start!
2019-03-25 15:06:26.984 [http-nio-18800-exec-1] WARN  com.kayle.web.filter.SimpleFilter - ======>  SimpleFilter  doFilter : start!
2019-03-25 15:06:27.043 [http-nio-18800-exec-1] INFO  com.kayle.web.aop.KayleWebAspect - 
【操作日志】
【请求方法】:ResponseEntity com.kayle.web.controller.app.AppController.getApp(AppEntity)
【输入参数】:[{"id":0,"appId":0,"appName":"app","memo":null,"buildTime":null}]
2019-03-25 15:06:27.057 [http-nio-18800-exec-1] INFO  o.s.c.a.AnnotationConfigApplicationContext - Refreshing SpringClientFactory-kayle-server: startup date [Mon Mar 25 15:06:27 CST 2019]; parent: org.springframework.boot.web.servlet.context.AnnotationConfigServletWebServerApplicationContext@b09fac1
2019-03-25 15:06:27.115 [http-nio-18800-exec-1] INFO  o.s.b.f.a.AutowiredAnnotationBeanPostProcessor - JSR-330 'javax.inject.Inject' annotation found and supported for autowiring
2019-03-25 15:06:27.388 [http-nio-18800-exec-1] INFO  com.netflix.config.ChainedDynamicProperty - Flipping property: kayle-server.ribbon.ActiveConnectionsLimit to use NEXT property: niws.loadbalancer.availabilityFilteringRule.activeConnectionsLimit = 2147483647
2019-03-25 15:06:27.404 [http-nio-18800-exec-1] INFO  com.netflix.util.concurrent.ShutdownEnabledTimer - Shutdown hook installed for: NFLoadBalancer-PingTimer-kayle-server
2019-03-25 15:06:27.422 [http-nio-18800-exec-1] INFO  com.netflix.loadbalancer.BaseLoadBalancer - Client: kayle-server instantiated a LoadBalancer: DynamicServerListLoadBalancer:{NFLoadBalancer:name=kayle-server,current list of Servers=[],Load balancer stats=Zone stats: {},Server stats: []}ServerList:null
2019-03-25 15:06:27.427 [http-nio-18800-exec-1] INFO  c.n.loadbalancer.DynamicServerListLoadBalancer - Using serverListUpdater PollingServerListUpdater
2019-03-25 15:06:27.446 [http-nio-18800-exec-1] INFO  com.netflix.config.ChainedDynamicProperty - Flipping property: kayle-server.ribbon.ActiveConnectionsLimit to use NEXT property: niws.loadbalancer.availabilityFilteringRule.activeConnectionsLimit = 2147483647
2019-03-25 15:06:27.448 [http-nio-18800-exec-1] INFO  c.n.loadbalancer.DynamicServerListLoadBalancer - DynamicServerListLoadBalancer for client kayle-server initialized: DynamicServerListLoadBalancer:{NFLoadBalancer:name=kayle-server,current list of Servers=[localhost:18810],Load balancer stats=Zone stats: {defaultzone=[Zone:defaultzone;	Instance count:1;	Active connections count: 0;	Circuit breaker tripped count: 0;	Active connections per server: 0.0;]
},Server stats: [[Server:localhost:18810;	Zone:defaultZone;	Total Requests:0;	Successive connection failure:0;	Total blackout seconds:0;	Last connection made:Thu Jan 01 08:00:00 CST 1970;	First connection made: Thu Jan 01 08:00:00 CST 1970;	Active Connections:0;	total failure count in last (1000) msecs:0;	average resp time:0.0;	90 percentile resp time:0.0;	95 percentile resp time:0.0;	min resp time:0.0;	max resp time:0.0;	stddev resp time:0.0]
]}ServerList:org.springframework.cloud.netflix.ribbon.eureka.DomainExtractingServerList@16a7a4e1
2019-03-25 15:06:28.048 [http-nio-18800-exec-1] INFO  com.kayle.web.aop.KayleWebAspect - 
【操作日志】
【请求方法】:ResponseEntity com.kayle.web.controller.app.AppController.getApp(AppEntity)
【输入参数】:[{"id":0,"appId":0,"appName":"app","memo":null,"buildTime":null}]
【返回参数】:{"headers":{},"body":{"success":true,"code":200,"message":"success","data":{"id":3,"appId":1000000,"appName":"app_test","memo":"t","buildTime":"2019-03-23T16:00:00.000+0000"},"stackTrace":null},"statusCode":"OK","statusCodeValue":200}
2019-03-25 15:06:28.072 [http-nio-18800-exec-1] WARN  com.kayle.web.filter.SimpleFilter - ======>  SimpleFilter  doFilter : end!
2019-03-25 15:06:28.077 [http-nio-18800-exec-1] WARN  com.kayle.web.filter.TokenAuthorFilter - ======>  TokenAuthorFilter  doFilter : end!  responseBody : {"success":true,"code":200,"message":"success","data":{"id":3,"appId":1000000,"appName":"app_test","memo":"t","buildTime":"2019-03-23T16:00:00.000+0000"},"stackTrace":null}
2019-03-25 15:06:28.432 [PollingServerListUpdater-0] INFO  com.netflix.config.ChainedDynamicProperty - Flipping property: kayle-server.ribbon.ActiveConnectionsLimit to use NEXT property: niws.loadbalancer.availabilityFilteringRule.activeConnectionsLimit = 2147483647
2019-03-25 15:06:49.323 [http-nio-18800-exec-3] WARN  com.kayle.web.filter.TokenAuthorFilter - ======>  TokenAuthorFilter  doFilter : start!
2019-03-25 15:06:49.326 [http-nio-18800-exec-3] WARN  com.kayle.web.filter.SimpleFilter - ======>  SimpleFilter  doFilter : start!
2019-03-25 15:06:49.328 [http-nio-18800-exec-3] INFO  com.kayle.web.aop.KayleWebAspect - 
【操作日志】
【请求方法】:ResponseEntity com.kayle.web.controller.app.AppController.getApp(AppEntity)
【输入参数】:[{"id":0,"appId":0,"appName":"app","memo":null,"buildTime":null}]
2019-03-25 15:06:49.347 [http-nio-18800-exec-3] INFO  com.kayle.web.aop.KayleWebAspect - 
【操作日志】
【请求方法】:ResponseEntity com.kayle.web.controller.app.AppController.getApp(AppEntity)
【输入参数】:[{"id":0,"appId":0,"appName":"app","memo":null,"buildTime":null}]
【返回参数】:{"headers":{},"body":{"success":true,"code":200,"message":"success","data":{"id":3,"appId":1000000,"appName":"app_test","memo":"t","buildTime":"2019-03-23T16:00:00.000+0000"},"stackTrace":null},"statusCode":"OK","statusCodeValue":200}
2019-03-25 15:06:49.349 [http-nio-18800-exec-3] WARN  com.kayle.web.filter.SimpleFilter - ======>  SimpleFilter  doFilter : end!
2019-03-25 15:06:49.349 [http-nio-18800-exec-3] WARN  com.kayle.web.filter.TokenAuthorFilter - ======>  TokenAuthorFilter  doFilter : end!  responseBody : {"success":true,"code":200,"message":"success","data":{"id":3,"appId":1000000,"appName":"app_test","memo":"t","buildTime":"2019-03-23T16:00:00.000+0000"},"stackTrace":null}
2019-03-25 15:07:06.956 [http-nio-18800-exec-4] WARN  com.kayle.web.filter.TokenAuthorFilter - ======>  TokenAuthorFilter  doFilter : start!
2019-03-25 15:07:06.958 [http-nio-18800-exec-4] WARN  com.kayle.web.filter.SimpleFilter - ======>  SimpleFilter  doFilter : start!
2019-03-25 15:07:06.959 [http-nio-18800-exec-4] INFO  com.kayle.web.aop.KayleWebAspect - 
【操作日志】
【请求方法】:ResponseEntity com.kayle.web.controller.app.AppController.getApp(AppEntity)
【输入参数】:[{"id":0,"appId":0,"appName":"app","memo":null,"buildTime":null}]
2019-03-25 15:07:06.971 [http-nio-18800-exec-4] INFO  com.kayle.web.aop.KayleWebAspect - 
【操作日志】
【请求方法】:ResponseEntity com.kayle.web.controller.app.AppController.getApp(AppEntity)
【输入参数】:[{"id":0,"appId":0,"appName":"app","memo":null,"buildTime":null}]
【返回参数】:{"headers":{},"body":{"success":true,"code":200,"message":"success","data":{"id":3,"appId":1000000,"appName":"app_test","memo":"t","buildTime":"2019-03-23T16:00:00.000+0000"},"stackTrace":null},"statusCode":"OK","statusCodeValue":200}
2019-03-25 15:07:06.972 [http-nio-18800-exec-4] WARN  com.kayle.web.filter.SimpleFilter - ======>  SimpleFilter  doFilter : end!
2019-03-25 15:07:06.973 [http-nio-18800-exec-4] WARN  com.kayle.web.filter.TokenAuthorFilter - ======>  TokenAuthorFilter  doFilter : end!  responseBody : {"success":true,"code":200,"message":"success","data":{"id":3,"appId":1000000,"appName":"app_test","memo":"t","buildTime":"2019-03-23T16:00:00.000+0000"},"stackTrace":null}
2019-03-25 15:07:22.633 [http-nio-18800-exec-5] WARN  com.kayle.web.filter.TokenAuthorFilter - ======>  TokenAuthorFilter  doFilter : start!
2019-03-25 15:07:22.635 [http-nio-18800-exec-5] WARN  com.kayle.web.filter.SimpleFilter - ======>  SimpleFilter  doFilter : start!
2019-03-25 15:07:22.637 [http-nio-18800-exec-5] INFO  com.kayle.web.aop.KayleWebAspect - 
【操作日志】
【请求方法】:ResponseEntity com.kayle.web.controller.app.AppController.getApp(AppEntity)
【输入参数】:[{"id":0,"appId":0,"appName":"app","memo":null,"buildTime":null}]
2019-03-25 15:07:22.649 [http-nio-18800-exec-5] INFO  com.kayle.web.aop.KayleWebAspect - 
【操作日志】
【请求方法】:ResponseEntity com.kayle.web.controller.app.AppController.getApp(AppEntity)
【输入参数】:[{"id":0,"appId":0,"appName":"app","memo":null,"buildTime":null}]
【返回参数】:{"headers":{},"body":{"success":true,"code":200,"message":"success","data":{"id":3,"appId":1000000,"appName":"app_test","memo":"t","buildTime":"2019-03-23T16:00:00.000+0000"},"stackTrace":null},"statusCode":"OK","statusCodeValue":200}
2019-03-25 15:07:22.650 [http-nio-18800-exec-5] WARN  com.kayle.web.filter.SimpleFilter - ======>  SimpleFilter  doFilter : end!
2019-03-25 15:07:22.650 [http-nio-18800-exec-5] WARN  com.kayle.web.filter.TokenAuthorFilter - ======>  TokenAuthorFilter  doFilter : end!  responseBody : {"success":true,"code":200,"message":"success","data":{"id":3,"appId":1000000,"appName":"app_test","memo":"t","buildTime":"2019-03-23T16:00:00.000+0000"},"stackTrace":null}
2019-03-25 15:07:23.549 [http-nio-18800-exec-6] WARN  com.kayle.web.filter.TokenAuthorFilter - ======>  TokenAuthorFilter  doFilter : start!
2019-03-25 15:07:23.550 [http-nio-18800-exec-6] WARN  com.kayle.web.filter.SimpleFilter - ======>  SimpleFilter  doFilter : start!
2019-03-25 15:07:23.552 [http-nio-18800-exec-6] INFO  com.kayle.web.aop.KayleWebAspect - 
【操作日志】
【请求方法】:ResponseEntity com.kayle.web.controller.app.AppController.getApp(AppEntity)
【输入参数】:[{"id":0,"appId":0,"appName":"app","memo":null,"buildTime":null}]
2019-03-25 15:07:23.564 [http-nio-18800-exec-6] INFO  com.kayle.web.aop.KayleWebAspect - 
【操作日志】
【请求方法】:ResponseEntity com.kayle.web.controller.app.AppController.getApp(AppEntity)
【输入参数】:[{"id":0,"appId":0,"appName":"app","memo":null,"buildTime":null}]
【返回参数】:{"headers":{},"body":{"success":true,"code":200,"message":"success","data":{"id":3,"appId":1000000,"appName":"app_test","memo":"t","buildTime":"2019-03-23T16:00:00.000+0000"},"stackTrace":null},"statusCode":"OK","statusCodeValue":200}
2019-03-25 15:07:23.565 [http-nio-18800-exec-6] WARN  com.kayle.web.filter.SimpleFilter - ======>  SimpleFilter  doFilter : end!
2019-03-25 15:07:23.565 [http-nio-18800-exec-6] WARN  com.kayle.web.filter.TokenAuthorFilter - ======>  TokenAuthorFilter  doFilter : end!  responseBody : {"success":true,"code":200,"message":"success","data":{"id":3,"appId":1000000,"appName":"app_test","memo":"t","buildTime":"2019-03-23T16:00:00.000+0000"},"stackTrace":null}
2019-03-25 15:07:24.169 [http-nio-18800-exec-7] WARN  com.kayle.web.filter.TokenAuthorFilter - ======>  TokenAuthorFilter  doFilter : start!
2019-03-25 15:07:24.170 [http-nio-18800-exec-7] WARN  com.kayle.web.filter.SimpleFilter - ======>  SimpleFilter  doFilter : start!
2019-03-25 15:07:24.173 [http-nio-18800-exec-7] INFO  com.kayle.web.aop.KayleWebAspect - 
【操作日志】
【请求方法】:ResponseEntity com.kayle.web.controller.app.AppController.getApp(AppEntity)
【输入参数】:[{"id":0,"appId":0,"appName":"app","memo":null,"buildTime":null}]
2019-03-25 15:07:24.183 [http-nio-18800-exec-7] INFO  com.kayle.web.aop.KayleWebAspect - 
【操作日志】
【请求方法】:ResponseEntity com.kayle.web.controller.app.AppController.getApp(AppEntity)
【输入参数】:[{"id":0,"appId":0,"appName":"app","memo":null,"buildTime":null}]
【返回参数】:{"headers":{},"body":{"success":true,"code":200,"message":"success","data":{"id":3,"appId":1000000,"appName":"app_test","memo":"t","buildTime":"2019-03-23T16:00:00.000+0000"},"stackTrace":null},"statusCode":"OK","statusCodeValue":200}
2019-03-25 15:07:24.184 [http-nio-18800-exec-7] WARN  com.kayle.web.filter.SimpleFilter - ======>  SimpleFilter  doFilter : end!
2019-03-25 15:07:24.184 [http-nio-18800-exec-7] WARN  com.kayle.web.filter.TokenAuthorFilter - ======>  TokenAuthorFilter  doFilter : end!  responseBody : {"success":true,"code":200,"message":"success","data":{"id":3,"appId":1000000,"appName":"app_test","memo":"t","buildTime":"2019-03-23T16:00:00.000+0000"},"stackTrace":null}
2019-03-25 15:07:24.782 [http-nio-18800-exec-8] WARN  com.kayle.web.filter.TokenAuthorFilter - ======>  TokenAuthorFilter  doFilter : start!
2019-03-25 15:07:24.783 [http-nio-18800-exec-8] WARN  com.kayle.web.filter.SimpleFilter - ======>  SimpleFilter  doFilter : start!
2019-03-25 15:07:24.784 [http-nio-18800-exec-8] INFO  com.kayle.web.aop.KayleWebAspect - 
【操作日志】
【请求方法】:ResponseEntity com.kayle.web.controller.app.AppController.getApp(AppEntity)
【输入参数】:[{"id":0,"appId":0,"appName":"app","memo":null,"buildTime":null}]
2019-03-25 15:07:24.795 [http-nio-18800-exec-8] INFO  com.kayle.web.aop.KayleWebAspect - 
【操作日志】
【请求方法】:ResponseEntity com.kayle.web.controller.app.AppController.getApp(AppEntity)
【输入参数】:[{"id":0,"appId":0,"appName":"app","memo":null,"buildTime":null}]
【返回参数】:{"headers":{},"body":{"success":true,"code":200,"message":"success","data":{"id":3,"appId":1000000,"appName":"app_test","memo":"t","buildTime":"2019-03-23T16:00:00.000+0000"},"stackTrace":null},"statusCode":"OK","statusCodeValue":200}
2019-03-25 15:07:24.798 [http-nio-18800-exec-8] WARN  com.kayle.web.filter.SimpleFilter - ======>  SimpleFilter  doFilter : end!
2019-03-25 15:07:24.798 [http-nio-18800-exec-8] WARN  com.kayle.web.filter.TokenAuthorFilter - ======>  TokenAuthorFilter  doFilter : end!  responseBody : {"success":true,"code":200,"message":"success","data":{"id":3,"appId":1000000,"appName":"app_test","memo":"t","buildTime":"2019-03-23T16:00:00.000+0000"},"stackTrace":null}
2019-03-25 15:07:25.418 [http-nio-18800-exec-9] WARN  com.kayle.web.filter.TokenAuthorFilter - ======>  TokenAuthorFilter  doFilter : start!
2019-03-25 15:07:25.419 [http-nio-18800-exec-9] WARN  com.kayle.web.filter.SimpleFilter - ======>  SimpleFilter  doFilter : start!
2019-03-25 15:07:25.420 [http-nio-18800-exec-9] INFO  com.kayle.web.aop.KayleWebAspect - 
【操作日志】
【请求方法】:ResponseEntity com.kayle.web.controller.app.AppController.getApp(AppEntity)
【输入参数】:[{"id":0,"appId":0,"appName":"app","memo":null,"buildTime":null}]
2019-03-25 15:07:25.434 [http-nio-18800-exec-9] INFO  com.kayle.web.aop.KayleWebAspect - 
【操作日志】
【请求方法】:ResponseEntity com.kayle.web.controller.app.AppController.getApp(AppEntity)
【输入参数】:[{"id":0,"appId":0,"appName":"app","memo":null,"buildTime":null}]
【返回参数】:{"headers":{},"body":{"success":true,"code":200,"message":"success","data":{"id":3,"appId":1000000,"appName":"app_test","memo":"t","buildTime":"2019-03-23T16:00:00.000+0000"},"stackTrace":null},"statusCode":"OK","statusCodeValue":200}
2019-03-25 15:07:25.435 [http-nio-18800-exec-9] WARN  com.kayle.web.filter.SimpleFilter - ======>  SimpleFilter  doFilter : end!
2019-03-25 15:07:25.436 [http-nio-18800-exec-9] WARN  com.kayle.web.filter.TokenAuthorFilter - ======>  TokenAuthorFilter  doFilter : end!  responseBody : {"success":true,"code":200,"message":"success","data":{"id":3,"appId":1000000,"appName":"app_test","memo":"t","buildTime":"2019-03-23T16:00:00.000+0000"},"stackTrace":null}
2019-03-25 15:07:36.772 [Thread-33] INFO  com.netflix.loadbalancer.PollingServerListUpdater - Shutting down the Executor Pool for PollingServerListUpdater
2019-03-25 15:07:36.773 [Thread-21] INFO  o.s.b.w.s.c.AnnotationConfigServletWebServerApplicationContext - Closing org.springframework.boot.web.servlet.context.AnnotationConfigServletWebServerApplicationContext@b09fac1: startup date [Mon Mar 25 15:05:44 CST 2019]; parent: org.springframework.context.annotation.AnnotationConfigApplicationContext@6c45ee6e
2019-03-25 15:07:36.773 [Thread-21] INFO  o.s.c.n.e.serviceregistry.EurekaServiceRegistry - Unregistering application kayle-web with eureka with status DOWN
2019-03-25 15:07:36.773 [Thread-21] WARN  com.netflix.discovery.DiscoveryClient - Saw local status change event StatusChangeEvent [timestamp=1553497656773, current=DOWN, previous=UP]
2019-03-25 15:07:36.774 [DiscoveryClient-InstanceInfoReplicator-0] INFO  com.netflix.discovery.DiscoveryClient - DiscoveryClient_KAYLE-WEB/10.97.206.63:kayle-web:18800: registering service...
2019-03-25 15:07:36.776 [Thread-21] INFO  o.s.context.support.DefaultLifecycleProcessor - Stopping beans in phase 0
2019-03-25 15:07:36.778 [Thread-21] INFO  o.s.jmx.export.annotation.AnnotationMBeanExporter - Unregistering JMX-exposed beans on shutdown
2019-03-25 15:07:36.779 [Thread-21] INFO  o.s.jmx.export.annotation.AnnotationMBeanExporter - Unregistering JMX-exposed beans
2019-03-25 15:07:36.780 [DiscoveryClient-InstanceInfoReplicator-0] INFO  com.netflix.discovery.DiscoveryClient - DiscoveryClient_KAYLE-WEB/10.97.206.63:kayle-web:18800 - registration status: 204
2019-03-25 15:07:36.795 [Thread-21] WARN  com.netflix.config.sources.URLConfigurationSource - No URLs will be polled as dynamic configuration sources.
2019-03-25 15:07:36.795 [Thread-21] INFO  com.netflix.config.sources.URLConfigurationSource - To enable URLs as dynamic configuration sources, define System property archaius.configurationSource.additionalUrls or make config.properties available on classpath.
2019-03-25 15:07:36.798 [Thread-21] INFO  o.s.c.a.AnnotationConfigApplicationContext - Closing SpringClientFactory-kayle-server: startup date [Mon Mar 25 15:06:27 CST 2019]; parent: org.springframework.boot.web.servlet.context.AnnotationConfigServletWebServerApplicationContext@b09fac1
2019-03-25 15:07:36.799 [Thread-21] INFO  com.netflix.util.concurrent.ShutdownEnabledTimer - Shutdown hook removed for: NFLoadBalancer-PingTimer-kayle-server
2019-03-25 15:07:36.799 [Thread-21] INFO  com.netflix.util.concurrent.ShutdownEnabledTimer - Exception caught (might be ok if at shutdown)
java.lang.IllegalStateException: Shutdown in progress
	at java.lang.ApplicationShutdownHooks.remove(ApplicationShutdownHooks.java:82)
	at java.lang.Runtime.removeShutdownHook(Runtime.java:239)
	at com.netflix.util.concurrent.ShutdownEnabledTimer.cancel(ShutdownEnabledTimer.java:70)
	at com.netflix.loadbalancer.BaseLoadBalancer.cancelPingTask(BaseLoadBalancer.java:613)
	at com.netflix.loadbalancer.BaseLoadBalancer.shutdown(BaseLoadBalancer.java:864)
	at com.netflix.loadbalancer.DynamicServerListLoadBalancer.shutdown(DynamicServerListLoadBalancer.java:285)
	at sun.reflect.NativeMethodAccessorImpl.invoke0(Native Method)
	at sun.reflect.NativeMethodAccessorImpl.invoke(NativeMethodAccessorImpl.java:62)
	at sun.reflect.DelegatingMethodAccessorImpl.invoke(DelegatingMethodAccessorImpl.java:43)
	at java.lang.reflect.Method.invoke(Method.java:498)
	at org.springframework.beans.factory.support.DisposableBeanAdapter.invokeCustomDestroyMethod(DisposableBeanAdapter.java:337)
	at org.springframework.beans.factory.support.DisposableBeanAdapter.destroy(DisposableBeanAdapter.java:271)
	at org.springframework.beans.factory.support.DefaultSingletonBeanRegistry.destroyBean(DefaultSingletonBeanRegistry.java:577)
	at org.springframework.beans.factory.support.DefaultSingletonBeanRegistry.destroySingleton(DefaultSingletonBeanRegistry.java:549)
	at org.springframework.beans.factory.support.DefaultListableBeanFactory.destroySingleton(DefaultListableBeanFactory.java:957)
	at org.springframework.beans.factory.support.DefaultSingletonBeanRegistry.destroySingletons(DefaultSingletonBeanRegistry.java:510)
	at org.springframework.beans.factory.support.DefaultListableBeanFactory.destroySingletons(DefaultListableBeanFactory.java:964)
	at org.springframework.context.support.AbstractApplicationContext.destroyBeans(AbstractApplicationContext.java:1041)
	at org.springframework.context.support.AbstractApplicationContext.doClose(AbstractApplicationContext.java:1017)
	at org.springframework.context.support.AbstractApplicationContext.close(AbstractApplicationContext.java:967)
	at org.springframework.cloud.context.named.NamedContextFactory.destroy(NamedContextFactory.java:76)
	at org.springframework.beans.factory.support.DisposableBeanAdapter.destroy(DisposableBeanAdapter.java:256)
	at org.springframework.beans.factory.support.DefaultSingletonBeanRegistry.destroyBean(DefaultSingletonBeanRegistry.java:577)
	at org.springframework.beans.factory.support.DefaultSingletonBeanRegistry.destroySingleton(DefaultSingletonBeanRegistry.java:549)
	at org.springframework.beans.factory.support.DefaultListableBeanFactory.destroySingleton(DefaultListableBeanFactory.java:957)
	at org.springframework.beans.factory.support.DefaultSingletonBeanRegistry.destroySingletons(DefaultSingletonBeanRegistry.java:510)
	at org.springframework.beans.factory.support.DefaultListableBeanFactory.destroySingletons(DefaultListableBeanFactory.java:964)
	at org.springframework.context.support.AbstractApplicationContext.destroyBeans(AbstractApplicationContext.java:1041)
	at org.springframework.context.support.AbstractApplicationContext.doClose(AbstractApplicationContext.java:1017)
	at org.springframework.context.support.AbstractApplicationContext$1.run(AbstractApplicationContext.java:937)
2019-03-25 15:07:36.802 [Thread-21] INFO  o.s.c.a.AnnotationConfigApplicationContext - Closing FeignContext-kayle-server: startup date [Mon Mar 25 15:05:47 CST 2019]; parent: org.springframework.boot.web.servlet.context.AnnotationConfigServletWebServerApplicationContext@b09fac1
2019-03-25 15:07:36.803 [Thread-21] INFO  com.netflix.discovery.DiscoveryClient - Shutting down DiscoveryClient ...
2019-03-25 15:07:36.803 [Thread-21] INFO  com.netflix.discovery.DiscoveryClient - Unregistering ...
2019-03-25 15:07:36.808 [Thread-21] INFO  com.netflix.discovery.DiscoveryClient - DiscoveryClient_KAYLE-WEB/10.97.206.63:kayle-web:18800 - deregister  status: 200
2019-03-25 15:07:36.815 [Thread-21] INFO  com.netflix.discovery.DiscoveryClient - Completed shut down of DiscoveryClient
