2019-03-24 02:04:52.898 [main] WARN  com.netflix.config.sources.URLConfigurationSource - No URLs will be polled as dynamic configuration sources.
2019-03-24 02:04:52.902 [main] WARN  com.netflix.config.sources.URLConfigurationSource - No URLs will be polled as dynamic configuration sources.
2019-03-24 02:33:38.189 [DiscoveryClient-HeartbeatExecutor-0] WARN  c.n.d.s.t.decorator.RetryableEurekaHttpClient - Request execution failed with message: java.net.SocketException: Connection reset
2019-03-24 02:34:00.571 [HikariPool-1 housekeeper] WARN  com.zaxxer.hikari.pool.HikariPool - HikariPool-1 - Thread starvation or clock leap detected (housekeeper delta=2m4s211ms).
2019-03-24 02:42:19.463 [DiscoveryClient-HeartbeatExecutor-0] WARN  c.n.d.s.t.decorator.RetryableEurekaHttpClient - Request execution failed with message: java.net.SocketException: Connection reset
2019-03-24 02:42:38.975 [HikariPool-1 housekeeper] WARN  com.zaxxer.hikari.pool.HikariPool - HikariPool-1 - Thread starvation or clock leap detected (housekeeper delta=1m38s350ms).
2019-03-24 03:14:13.610 [HikariPool-1 housekeeper] WARN  com.zaxxer.hikari.pool.HikariPool - HikariPool-1 - Thread starvation or clock leap detected (housekeeper delta=13m34s550ms).
2019-03-24 03:40:57.657 [Thread-22] WARN  com.netflix.discovery.DiscoveryClient - Saw local status change event StatusChangeEvent [timestamp=1553370057657, current=DOWN, previous=UP]
2019-03-24 03:41:07.113 [main] WARN  com.netflix.config.sources.URLConfigurationSource - No URLs will be polled as dynamic configuration sources.
2019-03-24 03:41:07.118 [main] WARN  com.netflix.config.sources.URLConfigurationSource - No URLs will be polled as dynamic configuration sources.
2019-03-24 03:56:58.171 [Thread-23] WARN  com.netflix.discovery.DiscoveryClient - Saw local status change event StatusChangeEvent [timestamp=1553371018171, current=DOWN, previous=UP]
2019-03-24 03:57:00.450 [Thread-23] WARN  c.n.d.s.t.decorator.RetryableEurekaHttpClient - Request execution failed with message: java.net.ConnectException: Connection refused (Connection refused)
2019-03-24 03:57:00.454 [Thread-23] WARN  c.n.d.s.t.decorator.RetryableEurekaHttpClient - Request execution failed with message: java.net.ConnectException: Connection refused (Connection refused)
2019-03-24 19:19:54.106 [main] WARN  com.netflix.config.sources.URLConfigurationSource - No URLs will be polled as dynamic configuration sources.
2019-03-24 19:19:54.113 [main] WARN  com.netflix.config.sources.URLConfigurationSource - No URLs will be polled as dynamic configuration sources.
2019-03-24 19:46:46.588 [HikariPool-1 housekeeper] WARN  com.zaxxer.hikari.pool.HikariPool - HikariPool-1 - Thread starvation or clock leap detected (housekeeper delta=3m48s242ms).
2019-03-24 20:29:09.068 [HikariPool-1 housekeeper] WARN  com.zaxxer.hikari.pool.HikariPool - HikariPool-1 - Thread starvation or clock leap detected (housekeeper delta=30m22s431ms).
2019-03-24 20:37:07.938 [HikariPool-1 housekeeper] WARN  com.zaxxer.hikari.pool.HikariPool - HikariPool-1 - Thread starvation or clock leap detected (housekeeper delta=7m28s868ms).
2019-03-24 20:45:25.842 [HikariPool-1 housekeeper] WARN  com.zaxxer.hikari.pool.HikariPool - HikariPool-1 - Thread starvation or clock leap detected (housekeeper delta=5m47s887ms).
2019-03-24 21:35:42.933 [HikariPool-1 housekeeper] WARN  com.zaxxer.hikari.pool.HikariPool - HikariPool-1 - Thread starvation or clock leap detected (housekeeper delta=40m17s1ms).
2019-03-24 21:49:14.966 [HikariPool-1 housekeeper] WARN  com.zaxxer.hikari.pool.HikariPool - HikariPool-1 - Thread starvation or clock leap detected (housekeeper delta=13m2s22ms).
2019-03-25 00:03:40.947 [HikariPool-1 housekeeper] WARN  com.zaxxer.hikari.pool.HikariPool - HikariPool-1 - Thread starvation or clock leap detected (housekeeper delta=2h14m25s982ms).
2019-03-25 01:13:33.080 [Thread-24] WARN  com.netflix.discovery.DiscoveryClient - Saw local status change event StatusChangeEvent [timestamp=1553447613080, current=DOWN, previous=UP]
2019-03-25 01:13:35.559 [Thread-24] WARN  c.n.d.s.t.decorator.RetryableEurekaHttpClient - Request execution failed with message: java.net.ConnectException: Connection refused (Connection refused)
2019-03-25 01:13:35.563 [Thread-24] WARN  c.n.d.s.t.decorator.RetryableEurekaHttpClient - Request execution failed with message: java.net.ConnectException: Connection refused (Connection refused)
