2019-03-25 14:38:52.142 [localhost-startStop-1] WARN  com.netflix.config.sources.URLConfigurationSource - No URLs will be polled as dynamic configuration sources.
2019-03-25 14:38:52.305 [main] WARN  com.netflix.config.sources.URLConfigurationSource - No URLs will be polled as dynamic configuration sources.
2019-03-25 14:39:56.864 [Thread-21] WARN  com.netflix.discovery.DiscoveryClient - Saw local status change event StatusChangeEvent [timestamp=1553495996864, current=DOWN, previous=UP]
2019-03-25 14:39:56.902 [Thread-21] WARN  com.netflix.config.sources.URLConfigurationSource - No URLs will be polled as dynamic configuration sources.
2019-03-25 14:40:05.099 [localhost-startStop-1] WARN  com.netflix.config.sources.URLConfigurationSource - No URLs will be polled as dynamic configuration sources.
2019-03-25 14:40:05.264 [main] WARN  com.netflix.config.sources.URLConfigurationSource - No URLs will be polled as dynamic configuration sources.
2019-03-25 14:40:46.266 [Thread-20] WARN  com.netflix.discovery.DiscoveryClient - Saw local status change event StatusChangeEvent [timestamp=1553496046266, current=DOWN, previous=UP]
2019-03-25 14:40:46.275 [DiscoveryClient-InstanceInfoReplicator-0] WARN  c.n.d.s.t.decorator.RetryableEurekaHttpClient - Request execution failed with message: java.net.ConnectException: Connection refused (Connection refused)
2019-03-25 14:40:46.283 [DiscoveryClient-InstanceInfoReplicator-0] WARN  c.n.d.s.t.decorator.RetryableEurekaHttpClient - Request execution failed with message: java.net.ConnectException: Connection refused (Connection refused)
2019-03-25 14:40:46.299 [Thread-20] WARN  c.n.d.s.t.decorator.RetryableEurekaHttpClient - Request execution failed with message: java.net.ConnectException: Connection refused (Connection refused)
2019-03-25 14:40:48.474 [DiscoveryClient-InstanceInfoReplicator-0] WARN  c.n.d.s.t.decorator.RetryableEurekaHttpClient - Request execution failed with message: java.net.SocketException: Connection reset
2019-03-25 14:40:48.475 [Thread-20] WARN  c.n.d.s.t.decorator.RetryableEurekaHttpClient - Request execution failed with message: java.net.ConnectException: Connection refused (Connection refused)
2019-03-25 14:40:48.475 [DiscoveryClient-InstanceInfoReplicator-0] WARN  com.netflix.discovery.DiscoveryClient - DiscoveryClient_KAYLE-ZUUL/10.97.206.63:kayle-zuul:801 - registration failed Retry limit reached; giving up on completing the request
com.netflix.discovery.shared.transport.TransportException: Retry limit reached; giving up on completing the request
	at com.netflix.discovery.shared.transport.decorator.RetryableEurekaHttpClient.execute(RetryableEurekaHttpClient.java:138)
	at com.netflix.discovery.shared.transport.decorator.EurekaHttpClientDecorator.register(EurekaHttpClientDecorator.java:56)
	at com.netflix.discovery.shared.transport.decorator.EurekaHttpClientDecorator$1.execute(EurekaHttpClientDecorator.java:59)
	at com.netflix.discovery.shared.transport.decorator.SessionedEurekaHttpClient.execute(SessionedEurekaHttpClient.java:77)
	at com.netflix.discovery.shared.transport.decorator.EurekaHttpClientDecorator.register(EurekaHttpClientDecorator.java:56)
	at com.netflix.discovery.DiscoveryClient.register(DiscoveryClient.java:829)
	at com.netflix.discovery.InstanceInfoReplicator.run(InstanceInfoReplicator.java:104)
	at com.netflix.discovery.InstanceInfoReplicator$1.run(InstanceInfoReplicator.java:88)
	at java.util.concurrent.Executors$RunnableAdapter.call(Executors.java:511)
	at java.util.concurrent.FutureTask.run$$$capture(FutureTask.java:266)
	at java.util.concurrent.FutureTask.run(FutureTask.java)
	at java.util.concurrent.ScheduledThreadPoolExecutor$ScheduledFutureTask.access$201(ScheduledThreadPoolExecutor.java:180)
	at java.util.concurrent.ScheduledThreadPoolExecutor$ScheduledFutureTask.run(ScheduledThreadPoolExecutor.java:293)
	at java.util.concurrent.ThreadPoolExecutor.runWorker(ThreadPoolExecutor.java:1149)
	at java.util.concurrent.ThreadPoolExecutor$Worker.run(ThreadPoolExecutor.java:624)
	at java.lang.Thread.run(Thread.java:748)
2019-03-25 14:40:48.475 [DiscoveryClient-InstanceInfoReplicator-0] WARN  com.netflix.discovery.InstanceInfoReplicator - There was a problem with the instance info replicator
com.netflix.discovery.shared.transport.TransportException: Retry limit reached; giving up on completing the request
	at com.netflix.discovery.shared.transport.decorator.RetryableEurekaHttpClient.execute(RetryableEurekaHttpClient.java:138)
	at com.netflix.discovery.shared.transport.decorator.EurekaHttpClientDecorator.register(EurekaHttpClientDecorator.java:56)
	at com.netflix.discovery.shared.transport.decorator.EurekaHttpClientDecorator$1.execute(EurekaHttpClientDecorator.java:59)
	at com.netflix.discovery.shared.transport.decorator.SessionedEurekaHttpClient.execute(SessionedEurekaHttpClient.java:77)
	at com.netflix.discovery.shared.transport.decorator.EurekaHttpClientDecorator.register(EurekaHttpClientDecorator.java:56)
	at com.netflix.discovery.DiscoveryClient.register(DiscoveryClient.java:829)
	at com.netflix.discovery.InstanceInfoReplicator.run(InstanceInfoReplicator.java:104)
	at com.netflix.discovery.InstanceInfoReplicator$1.run(InstanceInfoReplicator.java:88)
	at java.util.concurrent.Executors$RunnableAdapter.call(Executors.java:511)
	at java.util.concurrent.FutureTask.run$$$capture(FutureTask.java:266)
	at java.util.concurrent.FutureTask.run(FutureTask.java)
	at java.util.concurrent.ScheduledThreadPoolExecutor$ScheduledFutureTask.access$201(ScheduledThreadPoolExecutor.java:180)
	at java.util.concurrent.ScheduledThreadPoolExecutor$ScheduledFutureTask.run(ScheduledThreadPoolExecutor.java:293)
	at java.util.concurrent.ThreadPoolExecutor.runWorker(ThreadPoolExecutor.java:1149)
	at java.util.concurrent.ThreadPoolExecutor$Worker.run(ThreadPoolExecutor.java:624)
	at java.lang.Thread.run(Thread.java:748)
2019-03-25 15:06:09.305 [localhost-startStop-1] WARN  com.netflix.config.sources.URLConfigurationSource - No URLs will be polled as dynamic configuration sources.
2019-03-25 15:06:09.505 [main] WARN  com.netflix.config.sources.URLConfigurationSource - No URLs will be polled as dynamic configuration sources.
2019-03-25 15:06:11.318 [main] WARN  c.n.d.s.t.decorator.RetryableEurekaHttpClient - Request execution failed with message: java.net.ConnectException: Connection refused (Connection refused)
2019-03-25 15:06:11.462 [DiscoveryClient-InstanceInfoReplicator-0] WARN  c.n.d.s.t.decorator.RetryableEurekaHttpClient - Request execution failed with message: java.net.ConnectException: Connection refused (Connection refused)
2019-03-25 15:06:27.899 [http-nio-801-exec-2] WARN  o.s.c.netflix.zuul.filters.post.SendErrorFilter - Error during filtering
com.netflix.zuul.exception.ZuulException: Forwarding error
	at org.springframework.cloud.netflix.zuul.filters.route.RibbonRoutingFilter.handleException(RibbonRoutingFilter.java:189)
	at org.springframework.cloud.netflix.zuul.filters.route.RibbonRoutingFilter.forward(RibbonRoutingFilter.java:164)
	at org.springframework.cloud.netflix.zuul.filters.route.RibbonRoutingFilter.run(RibbonRoutingFilter.java:112)
	at com.netflix.zuul.ZuulFilter.runFilter(ZuulFilter.java:117)
	at com.netflix.zuul.FilterProcessor.processZuulFilter(FilterProcessor.java:193)
	at com.netflix.zuul.FilterProcessor.runFilters(FilterProcessor.java:157)
	at com.netflix.zuul.FilterProcessor.route(FilterProcessor.java:118)
	at com.netflix.zuul.ZuulRunner.route(ZuulRunner.java:96)
	at com.netflix.zuul.http.ZuulServlet.route(ZuulServlet.java:116)
	at com.netflix.zuul.http.ZuulServlet.service(ZuulServlet.java:81)
	at org.springframework.web.servlet.mvc.ServletWrappingController.handleRequestInternal(ServletWrappingController.java:165)
	at org.springframework.cloud.netflix.zuul.web.ZuulController.handleRequest(ZuulController.java:44)
	at org.springframework.web.servlet.mvc.SimpleControllerHandlerAdapter.handle(SimpleControllerHandlerAdapter.java:52)
	at org.springframework.web.servlet.DispatcherServlet.doDispatch(DispatcherServlet.java:991)
	at org.springframework.web.servlet.DispatcherServlet.doService(DispatcherServlet.java:925)
	at org.springframework.web.servlet.FrameworkServlet.processRequest(FrameworkServlet.java:974)
	at org.springframework.web.servlet.FrameworkServlet.doPost(FrameworkServlet.java:877)
	at javax.servlet.http.HttpServlet.service(HttpServlet.java:661)
	at org.springframework.web.servlet.FrameworkServlet.service(FrameworkServlet.java:851)
	at javax.servlet.http.HttpServlet.service(HttpServlet.java:742)
	at org.apache.catalina.core.ApplicationFilterChain.internalDoFilter(ApplicationFilterChain.java:231)
	at org.apache.catalina.core.ApplicationFilterChain.doFilter(ApplicationFilterChain.java:166)
	at org.apache.tomcat.websocket.server.WsFilter.doFilter(WsFilter.java:52)
	at org.apache.catalina.core.ApplicationFilterChain.internalDoFilter(ApplicationFilterChain.java:193)
	at org.apache.catalina.core.ApplicationFilterChain.doFilter(ApplicationFilterChain.java:166)
	at org.springframework.boot.actuate.metrics.web.servlet.WebMvcMetricsFilter.filterAndRecordMetrics(WebMvcMetricsFilter.java:158)
	at org.springframework.boot.actuate.metrics.web.servlet.WebMvcMetricsFilter.filterAndRecordMetrics(WebMvcMetricsFilter.java:126)
	at org.springframework.boot.actuate.metrics.web.servlet.WebMvcMetricsFilter.doFilterInternal(WebMvcMetricsFilter.java:111)
	at org.springframework.web.filter.OncePerRequestFilter.doFilter(OncePerRequestFilter.java:107)
	at org.apache.catalina.core.ApplicationFilterChain.internalDoFilter(ApplicationFilterChain.java:193)
	at org.apache.catalina.core.ApplicationFilterChain.doFilter(ApplicationFilterChain.java:166)
	at org.springframework.boot.actuate.web.trace.servlet.HttpTraceFilter.doFilterInternal(HttpTraceFilter.java:84)
	at org.springframework.web.filter.OncePerRequestFilter.doFilter(OncePerRequestFilter.java:107)
	at org.apache.catalina.core.ApplicationFilterChain.internalDoFilter(ApplicationFilterChain.java:193)
	at org.apache.catalina.core.ApplicationFilterChain.doFilter(ApplicationFilterChain.java:166)
	at org.springframework.web.filter.RequestContextFilter.doFilterInternal(RequestContextFilter.java:99)
	at org.springframework.web.filter.OncePerRequestFilter.doFilter(OncePerRequestFilter.java:107)
	at org.apache.catalina.core.ApplicationFilterChain.internalDoFilter(ApplicationFilterChain.java:193)
	at org.apache.catalina.core.ApplicationFilterChain.doFilter(ApplicationFilterChain.java:166)
	at org.springframework.web.filter.HttpPutFormContentFilter.doFilterInternal(HttpPutFormContentFilter.java:109)
	at org.springframework.web.filter.OncePerRequestFilter.doFilter(OncePerRequestFilter.java:107)
	at org.apache.catalina.core.ApplicationFilterChain.internalDoFilter(ApplicationFilterChain.java:193)
	at org.apache.catalina.core.ApplicationFilterChain.doFilter(ApplicationFilterChain.java:166)
	at org.springframework.web.filter.HiddenHttpMethodFilter.doFilterInternal(HiddenHttpMethodFilter.java:81)
	at org.springframework.web.filter.OncePerRequestFilter.doFilter(OncePerRequestFilter.java:107)
	at org.apache.catalina.core.ApplicationFilterChain.internalDoFilter(ApplicationFilterChain.java:193)
	at org.apache.catalina.core.ApplicationFilterChain.doFilter(ApplicationFilterChain.java:166)
	at org.springframework.web.filter.CharacterEncodingFilter.doFilterInternal(CharacterEncodingFilter.java:200)
	at org.springframework.web.filter.OncePerRequestFilter.doFilter(OncePerRequestFilter.java:107)
	at org.apache.catalina.core.ApplicationFilterChain.internalDoFilter(ApplicationFilterChain.java:193)
	at org.apache.catalina.core.ApplicationFilterChain.doFilter(ApplicationFilterChain.java:166)
	at org.apache.catalina.core.StandardWrapperValve.invoke(StandardWrapperValve.java:198)
	at org.apache.catalina.core.StandardContextValve.invoke(StandardContextValve.java:96)
	at org.apache.catalina.authenticator.AuthenticatorBase.invoke(AuthenticatorBase.java:496)
	at org.apache.catalina.core.StandardHostValve.invoke(StandardHostValve.java:140)
	at org.apache.catalina.valves.ErrorReportValve.invoke(ErrorReportValve.java:81)
	at org.apache.catalina.core.StandardEngineValve.invoke(StandardEngineValve.java:87)
	at org.apache.catalina.connector.CoyoteAdapter.service(CoyoteAdapter.java:342)
	at org.apache.coyote.http11.Http11Processor.service(Http11Processor.java:803)
	at org.apache.coyote.AbstractProcessorLight.process(AbstractProcessorLight.java:66)
	at org.apache.coyote.AbstractProtocol$ConnectionHandler.process(AbstractProtocol.java:790)
	at org.apache.tomcat.util.net.NioEndpoint$SocketProcessor.doRun(NioEndpoint.java:1459)
	at org.apache.tomcat.util.net.SocketProcessorBase.run(SocketProcessorBase.java:49)
	at java.util.concurrent.ThreadPoolExecutor.runWorker(ThreadPoolExecutor.java:1149)
	at java.util.concurrent.ThreadPoolExecutor$Worker.run(ThreadPoolExecutor.java:624)
	at org.apache.tomcat.util.threads.TaskThread$WrappingRunnable.run(TaskThread.java:61)
	at java.lang.Thread.run(Thread.java:748)
Caused by: com.netflix.client.ClientException: null
	at com.netflix.client.AbstractLoadBalancerAwareClient.executeWithLoadBalancer(AbstractLoadBalancerAwareClient.java:118)
	at org.springframework.cloud.netflix.zuul.filters.route.support.AbstractRibbonCommand.run(AbstractRibbonCommand.java:186)
	at org.springframework.cloud.netflix.zuul.filters.route.support.AbstractRibbonCommand.run(AbstractRibbonCommand.java:51)
	at com.netflix.hystrix.HystrixCommand$2.call(HystrixCommand.java:302)
	at com.netflix.hystrix.HystrixCommand$2.call(HystrixCommand.java:298)
	at rx.internal.operators.OnSubscribeDefer.call(OnSubscribeDefer.java:46)
	at rx.internal.operators.OnSubscribeDefer.call(OnSubscribeDefer.java:35)
	at rx.internal.operators.OnSubscribeLift.call(OnSubscribeLift.java:48)
	at rx.internal.operators.OnSubscribeLift.call(OnSubscribeLift.java:30)
	at rx.internal.operators.OnSubscribeLift.call(OnSubscribeLift.java:48)
	at rx.internal.operators.OnSubscribeLift.call(OnSubscribeLift.java:30)
	at rx.internal.operators.OnSubscribeLift.call(OnSubscribeLift.java:48)
	at rx.internal.operators.OnSubscribeLift.call(OnSubscribeLift.java:30)
	at rx.Observable.unsafeSubscribe(Observable.java:10327)
	at rx.internal.operators.OnSubscribeDefer.call(OnSubscribeDefer.java:51)
	at rx.internal.operators.OnSubscribeDefer.call(OnSubscribeDefer.java:35)
	at rx.internal.operators.OnSubscribeLift.call(OnSubscribeLift.java:48)
	at rx.internal.operators.OnSubscribeLift.call(OnSubscribeLift.java:30)
	at rx.Observable.unsafeSubscribe(Observable.java:10327)
	at rx.internal.operators.OnSubscribeDoOnEach.call(OnSubscribeDoOnEach.java:41)
	at rx.internal.operators.OnSubscribeDoOnEach.call(OnSubscribeDoOnEach.java:30)
	at rx.Observable.unsafeSubscribe(Observable.java:10327)
	at rx.internal.operators.OnSubscribeDoOnEach.call(OnSubscribeDoOnEach.java:41)
	at rx.internal.operators.OnSubscribeDoOnEach.call(OnSubscribeDoOnEach.java:30)
	at rx.internal.operators.OnSubscribeLift.call(OnSubscribeLift.java:48)
	at rx.internal.operators.OnSubscribeLift.call(OnSubscribeLift.java:30)
	at rx.Observable.unsafeSubscribe(Observable.java:10327)
	at rx.internal.operators.OnSubscribeDoOnEach.call(OnSubscribeDoOnEach.java:41)
	at rx.internal.operators.OnSubscribeDoOnEach.call(OnSubscribeDoOnEach.java:30)
	at rx.Observable.unsafeSubscribe(Observable.java:10327)
	at rx.internal.operators.OnSubscribeDoOnEach.call(OnSubscribeDoOnEach.java:41)
	at rx.internal.operators.OnSubscribeDoOnEach.call(OnSubscribeDoOnEach.java:30)
	at rx.Observable.unsafeSubscribe(Observable.java:10327)
	at rx.internal.operators.OnSubscribeDoOnEach.call(OnSubscribeDoOnEach.java:41)
	at rx.internal.operators.OnSubscribeDoOnEach.call(OnSubscribeDoOnEach.java:30)
	at rx.internal.operators.OnSubscribeLift.call(OnSubscribeLift.java:48)
	at rx.internal.operators.OnSubscribeLift.call(OnSubscribeLift.java:30)
	at rx.Observable.unsafeSubscribe(Observable.java:10327)
	at rx.internal.operators.OnSubscribeDefer.call(OnSubscribeDefer.java:51)
	at rx.internal.operators.OnSubscribeDefer.call(OnSubscribeDefer.java:35)
	at rx.Observable.unsafeSubscribe(Observable.java:10327)
	at rx.internal.operators.OnSubscribeMap.call(OnSubscribeMap.java:48)
	at rx.internal.operators.OnSubscribeMap.call(OnSubscribeMap.java:33)
	at rx.Observable.unsafeSubscribe(Observable.java:10327)
	at rx.internal.operators.OnSubscribeDoOnEach.call(OnSubscribeDoOnEach.java:41)
	at rx.internal.operators.OnSubscribeDoOnEach.call(OnSubscribeDoOnEach.java:30)
	at rx.internal.operators.OnSubscribeLift.call(OnSubscribeLift.java:48)
	at rx.internal.operators.OnSubscribeLift.call(OnSubscribeLift.java:30)
	at rx.Observable.unsafeSubscribe(Observable.java:10327)
	at rx.internal.operators.OnSubscribeDoOnEach.call(OnSubscribeDoOnEach.java:41)
	at rx.internal.operators.OnSubscribeDoOnEach.call(OnSubscribeDoOnEach.java:30)
	at rx.Observable.unsafeSubscribe(Observable.java:10327)
	at rx.internal.operators.OnSubscribeDefer.call(OnSubscribeDefer.java:51)
	at rx.internal.operators.OnSubscribeDefer.call(OnSubscribeDefer.java:35)
	at rx.internal.operators.OnSubscribeLift.call(OnSubscribeLift.java:48)
	at rx.internal.operators.OnSubscribeLift.call(OnSubscribeLift.java:30)
	at rx.Observable.subscribe(Observable.java:10423)
	at rx.Observable.subscribe(Observable.java:10390)
	at rx.internal.operators.BlockingOperatorToFuture.toFuture(BlockingOperatorToFuture.java:51)
	at rx.observables.BlockingObservable.toFuture(BlockingObservable.java:410)
	at com.netflix.hystrix.HystrixCommand.queue(HystrixCommand.java:378)
	at com.netflix.hystrix.HystrixCommand.execute(HystrixCommand.java:344)
	at org.springframework.cloud.netflix.zuul.filters.route.RibbonRoutingFilter.forward(RibbonRoutingFilter.java:159)
	... 65 common frames omitted
Caused by: java.lang.RuntimeException: java.net.SocketTimeoutException: Read timed out
	at rx.exceptions.Exceptions.propagate(Exceptions.java:57)
	at rx.observables.BlockingObservable.blockForSingle(BlockingObservable.java:463)
	at rx.observables.BlockingObservable.single(BlockingObservable.java:340)
	at com.netflix.client.AbstractLoadBalancerAwareClient.executeWithLoadBalancer(AbstractLoadBalancerAwareClient.java:112)
	... 127 common frames omitted
Caused by: java.net.SocketTimeoutException: Read timed out
	at java.net.SocketInputStream.socketRead0(Native Method)
	at java.net.SocketInputStream.socketRead(SocketInputStream.java:116)
	at java.net.SocketInputStream.read(SocketInputStream.java:171)
	at java.net.SocketInputStream.read(SocketInputStream.java:141)
	at org.apache.http.impl.io.SessionInputBufferImpl.streamRead(SessionInputBufferImpl.java:137)
	at org.apache.http.impl.io.SessionInputBufferImpl.fillBuffer(SessionInputBufferImpl.java:153)
	at org.apache.http.impl.io.SessionInputBufferImpl.readLine(SessionInputBufferImpl.java:282)
	at org.apache.http.impl.conn.DefaultHttpResponseParser.parseHead(DefaultHttpResponseParser.java:138)
	at org.apache.http.impl.conn.DefaultHttpResponseParser.parseHead(DefaultHttpResponseParser.java:56)
	at org.apache.http.impl.io.AbstractMessageParser.parse(AbstractMessageParser.java:259)
	at org.apache.http.impl.DefaultBHttpClientConnection.receiveResponseHeader(DefaultBHttpClientConnection.java:163)
	at org.apache.http.impl.conn.CPoolProxy.receiveResponseHeader(CPoolProxy.java:165)
	at org.apache.http.protocol.HttpRequestExecutor.doReceiveResponse(HttpRequestExecutor.java:273)
	at org.apache.http.protocol.HttpRequestExecutor.execute(HttpRequestExecutor.java:125)
	at org.apache.http.impl.execchain.MainClientExec.execute(MainClientExec.java:272)
	at org.apache.http.impl.execchain.ProtocolExec.execute(ProtocolExec.java:185)
	at org.apache.http.impl.execchain.RetryExec.execute(RetryExec.java:89)
	at org.apache.http.impl.client.InternalHttpClient.doExecute(InternalHttpClient.java:185)
	at org.apache.http.impl.client.CloseableHttpClient.execute(CloseableHttpClient.java:83)
	at org.apache.http.impl.client.CloseableHttpClient.execute(CloseableHttpClient.java:108)
	at org.springframework.cloud.netflix.ribbon.apache.RibbonLoadBalancingHttpClient.execute(RibbonLoadBalancingHttpClient.java:81)
	at org.springframework.cloud.netflix.ribbon.apache.RibbonLoadBalancingHttpClient.execute(RibbonLoadBalancingHttpClient.java:44)
	at com.netflix.client.AbstractLoadBalancerAwareClient$1.call(AbstractLoadBalancerAwareClient.java:104)
	at com.netflix.loadbalancer.reactive.LoadBalancerCommand$3$1.call(LoadBalancerCommand.java:303)
	at com.netflix.loadbalancer.reactive.LoadBalancerCommand$3$1.call(LoadBalancerCommand.java:287)
	at rx.internal.util.ScalarSynchronousObservable$3.call(ScalarSynchronousObservable.java:231)
	at rx.internal.util.ScalarSynchronousObservable$3.call(ScalarSynchronousObservable.java:228)
	at rx.Observable.unsafeSubscribe(Observable.java:10327)
	at rx.internal.operators.OnSubscribeConcatMap$ConcatMapSubscriber.drain(OnSubscribeConcatMap.java:286)
	at rx.internal.operators.OnSubscribeConcatMap$ConcatMapSubscriber.onNext(OnSubscribeConcatMap.java:144)
	at com.netflix.loadbalancer.reactive.LoadBalancerCommand$1.call(LoadBalancerCommand.java:185)
	at com.netflix.loadbalancer.reactive.LoadBalancerCommand$1.call(LoadBalancerCommand.java:180)
	at rx.Observable.unsafeSubscribe(Observable.java:10327)
	at rx.internal.operators.OnSubscribeConcatMap.call(OnSubscribeConcatMap.java:94)
	at rx.internal.operators.OnSubscribeConcatMap.call(OnSubscribeConcatMap.java:42)
	at rx.Observable.unsafeSubscribe(Observable.java:10327)
	at rx.internal.operators.OperatorRetryWithPredicate$SourceSubscriber$1.call(OperatorRetryWithPredicate.java:127)
	at rx.internal.schedulers.TrampolineScheduler$InnerCurrentThreadScheduler.enqueue(TrampolineScheduler.java:73)
	at rx.internal.schedulers.TrampolineScheduler$InnerCurrentThreadScheduler.schedule(TrampolineScheduler.java:52)
	at rx.internal.operators.OperatorRetryWithPredicate$SourceSubscriber.onNext(OperatorRetryWithPredicate.java:79)
	at rx.internal.operators.OperatorRetryWithPredicate$SourceSubscriber.onNext(OperatorRetryWithPredicate.java:45)
	at rx.internal.util.ScalarSynchronousObservable$WeakSingleProducer.request(ScalarSynchronousObservable.java:276)
	at rx.Subscriber.setProducer(Subscriber.java:209)
	at rx.internal.util.ScalarSynchronousObservable$JustOnSubscribe.call(ScalarSynchronousObservable.java:138)
	at rx.internal.util.ScalarSynchronousObservable$JustOnSubscribe.call(ScalarSynchronousObservable.java:129)
	at rx.internal.operators.OnSubscribeLift.call(OnSubscribeLift.java:48)
	at rx.internal.operators.OnSubscribeLift.call(OnSubscribeLift.java:30)
	at rx.internal.operators.OnSubscribeLift.call(OnSubscribeLift.java:48)
	at rx.internal.operators.OnSubscribeLift.call(OnSubscribeLift.java:30)
	at rx.internal.operators.OnSubscribeLift.call(OnSubscribeLift.java:48)
	at rx.internal.operators.OnSubscribeLift.call(OnSubscribeLift.java:30)
	at rx.Observable.subscribe(Observable.java:10423)
	at rx.Observable.subscribe(Observable.java:10390)
	at rx.observables.BlockingObservable.blockForSingle(BlockingObservable.java:443)
	... 129 common frames omitted
2019-03-25 15:07:36.868 [Thread-20] WARN  com.netflix.discovery.DiscoveryClient - Saw local status change event StatusChangeEvent [timestamp=1553497656868, current=DOWN, previous=UP]
2019-03-25 15:07:36.879 [DiscoveryClient-InstanceInfoReplicator-0] WARN  c.n.d.s.t.decorator.RetryableEurekaHttpClient - Request execution failed with message: java.net.SocketException: Connection reset
2019-03-25 15:07:36.883 [DiscoveryClient-InstanceInfoReplicator-0] WARN  c.n.d.s.t.decorator.RetryableEurekaHttpClient - Request execution failed with message: java.net.ConnectException: Connection refused (Connection refused)
2019-03-25 15:07:36.888 [DiscoveryClient-InstanceInfoReplicator-0] WARN  c.n.d.s.t.decorator.RetryableEurekaHttpClient - Request execution failed with message: java.net.SocketException: Connection reset
2019-03-25 15:07:36.888 [DiscoveryClient-InstanceInfoReplicator-0] WARN  com.netflix.discovery.DiscoveryClient - DiscoveryClient_KAYLE-ZUUL/10.97.206.63:kayle-zuul:801 - registration failed Retry limit reached; giving up on completing the request
com.netflix.discovery.shared.transport.TransportException: Retry limit reached; giving up on completing the request
	at com.netflix.discovery.shared.transport.decorator.RetryableEurekaHttpClient.execute(RetryableEurekaHttpClient.java:138)
	at com.netflix.discovery.shared.transport.decorator.EurekaHttpClientDecorator.register(EurekaHttpClientDecorator.java:56)
	at com.netflix.discovery.shared.transport.decorator.EurekaHttpClientDecorator$1.execute(EurekaHttpClientDecorator.java:59)
	at com.netflix.discovery.shared.transport.decorator.SessionedEurekaHttpClient.execute(SessionedEurekaHttpClient.java:77)
	at com.netflix.discovery.shared.transport.decorator.EurekaHttpClientDecorator.register(EurekaHttpClientDecorator.java:56)
	at com.netflix.discovery.DiscoveryClient.register(DiscoveryClient.java:829)
	at com.netflix.discovery.InstanceInfoReplicator.run(InstanceInfoReplicator.java:104)
	at com.netflix.discovery.InstanceInfoReplicator$1.run(InstanceInfoReplicator.java:88)
	at java.util.concurrent.Executors$RunnableAdapter.call(Executors.java:511)
	at java.util.concurrent.FutureTask.run$$$capture(FutureTask.java:266)
	at java.util.concurrent.FutureTask.run(FutureTask.java)
	at java.util.concurrent.ScheduledThreadPoolExecutor$ScheduledFutureTask.access$201(ScheduledThreadPoolExecutor.java:180)
	at java.util.concurrent.ScheduledThreadPoolExecutor$ScheduledFutureTask.run(ScheduledThreadPoolExecutor.java:293)
	at java.util.concurrent.ThreadPoolExecutor.runWorker(ThreadPoolExecutor.java:1149)
	at java.util.concurrent.ThreadPoolExecutor$Worker.run(ThreadPoolExecutor.java:624)
	at java.lang.Thread.run(Thread.java:748)
2019-03-25 15:07:36.889 [DiscoveryClient-InstanceInfoReplicator-0] WARN  com.netflix.discovery.InstanceInfoReplicator - There was a problem with the instance info replicator
com.netflix.discovery.shared.transport.TransportException: Retry limit reached; giving up on completing the request
	at com.netflix.discovery.shared.transport.decorator.RetryableEurekaHttpClient.execute(RetryableEurekaHttpClient.java:138)
	at com.netflix.discovery.shared.transport.decorator.EurekaHttpClientDecorator.register(EurekaHttpClientDecorator.java:56)
	at com.netflix.discovery.shared.transport.decorator.EurekaHttpClientDecorator$1.execute(EurekaHttpClientDecorator.java:59)
	at com.netflix.discovery.shared.transport.decorator.SessionedEurekaHttpClient.execute(SessionedEurekaHttpClient.java:77)
	at com.netflix.discovery.shared.transport.decorator.EurekaHttpClientDecorator.register(EurekaHttpClientDecorator.java:56)
	at com.netflix.discovery.DiscoveryClient.register(DiscoveryClient.java:829)
	at com.netflix.discovery.InstanceInfoReplicator.run(InstanceInfoReplicator.java:104)
	at com.netflix.discovery.InstanceInfoReplicator$1.run(InstanceInfoReplicator.java:88)
	at java.util.concurrent.Executors$RunnableAdapter.call(Executors.java:511)
	at java.util.concurrent.FutureTask.run$$$capture(FutureTask.java:266)
	at java.util.concurrent.FutureTask.run(FutureTask.java)
	at java.util.concurrent.ScheduledThreadPoolExecutor$ScheduledFutureTask.access$201(ScheduledThreadPoolExecutor.java:180)
	at java.util.concurrent.ScheduledThreadPoolExecutor$ScheduledFutureTask.run(ScheduledThreadPoolExecutor.java:293)
	at java.util.concurrent.ThreadPoolExecutor.runWorker(ThreadPoolExecutor.java:1149)
	at java.util.concurrent.ThreadPoolExecutor$Worker.run(ThreadPoolExecutor.java:624)
	at java.lang.Thread.run(Thread.java:748)
2019-03-25 15:07:36.903 [Thread-20] WARN  c.n.d.s.t.decorator.RetryableEurekaHttpClient - Request execution failed with message: java.net.ConnectException: Connection refused (Connection refused)
2019-03-25 15:07:36.948 [Thread-20] WARN  c.n.d.s.t.decorator.RetryableEurekaHttpClient - Request execution failed with message: java.net.ConnectException: Connection refused (Connection refused)
