2019-03-24 19:32:39.439 [main] INFO  o.s.c.a.AnnotationConfigApplicationContext - Refreshing org.springframework.context.annotation.AnnotationConfigApplicationContext@33b1c5c5: startup date [Sun Mar 24 19:32:39 CST 2019]; root of context hierarchy
2019-03-24 19:32:39.624 [main] INFO  o.s.b.f.a.AutowiredAnnotationBeanPostProcessor - JSR-330 'javax.inject.Inject' annotation found and supported for autowiring
2019-03-24 19:32:39.665 [main] INFO  o.s.c.s.PostProcessorRegistrationDelegate$BeanPostProcessorChecker - Bean 'configurationPropertiesRebinderAutoConfiguration' of type [org.springframework.cloud.autoconfigure.ConfigurationPropertiesRebinderAutoConfiguration$$EnhancerBySpringCGLIB$$9007c8e5] is not eligible for getting processed by all BeanPostProcessors (for example: not eligible for auto-proxying)
2019-03-24 19:32:39.825 [main] INFO  com.kayle.zuul.ZuulApp - No active profile set, falling back to default profiles: default
2019-03-24 19:32:39.840 [main] INFO  o.s.b.w.s.c.AnnotationConfigServletWebServerApplicationContext - Refreshing org.springframework.boot.web.servlet.context.AnnotationConfigServletWebServerApplicationContext@1e34c607: startup date [Sun Mar 24 19:32:39 CST 2019]; parent: org.springframework.context.annotation.AnnotationConfigApplicationContext@33b1c5c5
2019-03-24 19:32:40.550 [main] INFO  o.s.b.factory.support.DefaultListableBeanFactory - Overriding bean definition for bean 'environmentWebEndpointExtension' with a different definition: replacing [Root bean: class [null]; scope=; abstract=false; lazyInit=false; autowireMode=3; dependencyCheck=0; autowireCandidate=true; primary=false; factoryBeanName=org.springframework.boot.actuate.autoconfigure.env.EnvironmentEndpointAutoConfiguration; factoryMethodName=environmentWebEndpointExtension; initMethodName=null; destroyMethodName=(inferred); defined in class path resource [org/springframework/boot/actuate/autoconfigure/env/EnvironmentEndpointAutoConfiguration.class]] with [Root bean: class [null]; scope=; abstract=false; lazyInit=false; autowireMode=3; dependencyCheck=0; autowireCandidate=true; primary=false; factoryBeanName=org.springframework.cloud.autoconfigure.LifecycleMvcEndpointAutoConfiguration$EndpointConfiguration; factoryMethodName=environmentWebEndpointExtension; initMethodName=null; destroyMethodName=(inferred); defined in class path resource [org/springframework/cloud/autoconfigure/LifecycleMvcEndpointAutoConfiguration$EndpointConfiguration.class]]
2019-03-24 19:32:40.600 [main] INFO  o.s.b.factory.support.DefaultListableBeanFactory - Overriding bean definition for bean 'proxyRequestHelper' with a different definition: replacing [Root bean: class [null]; scope=; abstract=false; lazyInit=false; autowireMode=3; dependencyCheck=0; autowireCandidate=true; primary=false; factoryBeanName=org.springframework.cloud.netflix.zuul.ZuulProxyAutoConfiguration$EndpointConfiguration; factoryMethodName=proxyRequestHelper; initMethodName=null; destroyMethodName=(inferred); defined in class path resource [org/springframework/cloud/netflix/zuul/ZuulProxyAutoConfiguration$EndpointConfiguration.class]] with [Root bean: class [null]; scope=; abstract=false; lazyInit=false; autowireMode=3; dependencyCheck=0; autowireCandidate=true; primary=false; factoryBeanName=org.springframework.cloud.netflix.zuul.ZuulProxyAutoConfiguration$NoActuatorConfiguration; factoryMethodName=proxyRequestHelper; initMethodName=null; destroyMethodName=(inferred); defined in class path resource [org/springframework/cloud/netflix/zuul/ZuulProxyAutoConfiguration$NoActuatorConfiguration.class]]
2019-03-24 19:32:40.605 [main] INFO  o.s.b.factory.support.DefaultListableBeanFactory - Overriding bean definition for bean 'counterFactory' with a different definition: replacing [Root bean: class [null]; scope=; abstract=false; lazyInit=false; autowireMode=3; dependencyCheck=0; autowireCandidate=true; primary=false; factoryBeanName=org.springframework.cloud.netflix.zuul.ZuulServerAutoConfiguration$ZuulMetricsConfiguration; factoryMethodName=counterFactory; initMethodName=null; destroyMethodName=(inferred); defined in class path resource [org/springframework/cloud/netflix/zuul/ZuulServerAutoConfiguration$ZuulMetricsConfiguration.class]] with [Root bean: class [null]; scope=; abstract=false; lazyInit=false; autowireMode=3; dependencyCheck=0; autowireCandidate=true; primary=false; factoryBeanName=org.springframework.cloud.netflix.zuul.ZuulServerAutoConfiguration$ZuulCounterFactoryConfiguration; factoryMethodName=counterFactory; initMethodName=null; destroyMethodName=(inferred); defined in class path resource [org/springframework/cloud/netflix/zuul/ZuulServerAutoConfiguration$ZuulCounterFactoryConfiguration.class]]
2019-03-24 19:32:40.799 [main] INFO  o.springframework.cloud.context.scope.GenericScope - BeanFactory id=de80f138-1eed-341d-ac1a-8694db243e13
2019-03-24 19:32:40.816 [main] INFO  o.s.b.f.a.AutowiredAnnotationBeanPostProcessor - JSR-330 'javax.inject.Inject' annotation found and supported for autowiring
2019-03-24 19:32:41.037 [main] INFO  o.s.c.s.PostProcessorRegistrationDelegate$BeanPostProcessorChecker - Bean 'org.springframework.cloud.autoconfigure.ConfigurationPropertiesRebinderAutoConfiguration' of type [org.springframework.cloud.autoconfigure.ConfigurationPropertiesRebinderAutoConfiguration$$EnhancerBySpringCGLIB$$9007c8e5] is not eligible for getting processed by all BeanPostProcessors (for example: not eligible for auto-proxying)
2019-03-24 19:32:41.250 [main] INFO  o.s.boot.web.embedded.tomcat.TomcatWebServer - Tomcat initialized with port(s): 801 (http)
2019-03-24 19:32:41.260 [main] INFO  org.apache.coyote.http11.Http11NioProtocol - Initializing ProtocolHandler ["http-nio-801"]
2019-03-24 19:32:41.338 [main] INFO  org.apache.catalina.core.StandardService - Starting service [Tomcat]
2019-03-24 19:32:41.338 [main] INFO  org.apache.catalina.core.StandardEngine - Starting Servlet Engine: Apache Tomcat/8.5.29
2019-03-24 19:32:41.342 [localhost-startStop-1] INFO  org.apache.catalina.core.AprLifecycleListener - The APR based Apache Tomcat Native library which allows optimal performance in production environments was not found on the java.library.path: [/Users/dingzhenxing/Library/Java/Extensions:/Library/Java/Extensions:/Network/Library/Java/Extensions:/System/Library/Java/Extensions:/usr/lib/java:.]
2019-03-24 19:32:41.433 [localhost-startStop-1] INFO  o.a.c.core.ContainerBase.[Tomcat].[localhost].[/] - Initializing Spring embedded WebApplicationContext
2019-03-24 19:32:41.433 [localhost-startStop-1] INFO  org.springframework.web.context.ContextLoader - Root WebApplicationContext: initialization completed in 1593 ms
2019-03-24 19:32:42.338 [localhost-startStop-1] INFO  com.netflix.config.sources.URLConfigurationSource - To enable URLs as dynamic configuration sources, define System property archaius.configurationSource.additionalUrls or make config.properties available on classpath.
2019-03-24 19:32:42.341 [localhost-startStop-1] INFO  com.netflix.config.DynamicPropertyFactory - DynamicPropertyFactory is initialized with configuration sources: com.netflix.config.ConcurrentCompositeConfiguration@4a891165
2019-03-24 19:32:42.438 [localhost-startStop-1] INFO  o.s.boot.web.servlet.FilterRegistrationBean - Mapping filter: 'characterEncodingFilter' to: [/*]
2019-03-24 19:32:42.439 [localhost-startStop-1] INFO  o.s.boot.web.servlet.FilterRegistrationBean - Mapping filter: 'hiddenHttpMethodFilter' to: [/*]
2019-03-24 19:32:42.439 [localhost-startStop-1] INFO  o.s.boot.web.servlet.FilterRegistrationBean - Mapping filter: 'httpPutFormContentFilter' to: [/*]
2019-03-24 19:32:42.439 [localhost-startStop-1] INFO  o.s.boot.web.servlet.FilterRegistrationBean - Mapping filter: 'requestContextFilter' to: [/*]
2019-03-24 19:32:42.440 [localhost-startStop-1] INFO  o.s.b.w.s.DelegatingFilterProxyRegistrationBean - Mapping filter: 'springSecurityFilterChain' to: [/*]
2019-03-24 19:32:42.440 [localhost-startStop-1] INFO  o.s.boot.web.servlet.FilterRegistrationBean - Mapping filter: 'httpTraceFilter' to: [/*]
2019-03-24 19:32:42.440 [localhost-startStop-1] INFO  o.s.boot.web.servlet.FilterRegistrationBean - Mapping filter: 'webMvcMetricsFilter' to: [/*]
2019-03-24 19:32:42.441 [localhost-startStop-1] INFO  o.s.boot.web.servlet.ServletRegistrationBean - Servlet dispatcherServlet mapped to [/]
2019-03-24 19:32:42.442 [localhost-startStop-1] INFO  o.s.boot.web.servlet.ServletRegistrationBean - Servlet zuulServlet mapped to [/zuul/*]
2019-03-24 19:32:42.502 [main] INFO  com.netflix.config.sources.URLConfigurationSource - To enable URLs as dynamic configuration sources, define System property archaius.configurationSource.additionalUrls or make config.properties available on classpath.
2019-03-24 19:32:42.619 [main] INFO  o.s.web.servlet.handler.SimpleUrlHandlerMapping - Mapped URL path [/**/favicon.ico] onto handler of type [class org.springframework.web.servlet.resource.ResourceHttpRequestHandler]
2019-03-24 19:32:42.813 [main] INFO  o.s.w.s.m.m.a.RequestMappingHandlerAdapter - Looking for @ControllerAdvice: org.springframework.boot.web.servlet.context.AnnotationConfigServletWebServerApplicationContext@1e34c607: startup date [Sun Mar 24 19:32:39 CST 2019]; parent: org.springframework.context.annotation.AnnotationConfigApplicationContext@33b1c5c5
2019-03-24 19:32:42.873 [main] INFO  o.s.w.s.m.m.a.RequestMappingHandlerMapping - Mapped "{[/error]}" onto public org.springframework.http.ResponseEntity<java.util.Map<java.lang.String, java.lang.Object>> org.springframework.boot.autoconfigure.web.servlet.error.BasicErrorController.error(javax.servlet.http.HttpServletRequest)
2019-03-24 19:32:42.874 [main] INFO  o.s.w.s.m.m.a.RequestMappingHandlerMapping - Mapped "{[/error],produces=[text/html]}" onto public org.springframework.web.servlet.ModelAndView org.springframework.boot.autoconfigure.web.servlet.error.BasicErrorController.errorHtml(javax.servlet.http.HttpServletRequest,javax.servlet.http.HttpServletResponse)
2019-03-24 19:32:42.909 [main] INFO  o.s.web.servlet.handler.SimpleUrlHandlerMapping - Mapped URL path [/webjars/**] onto handler of type [class org.springframework.web.servlet.resource.ResourceHttpRequestHandler]
2019-03-24 19:32:42.909 [main] INFO  o.s.web.servlet.handler.SimpleUrlHandlerMapping - Mapped URL path [/**] onto handler of type [class org.springframework.web.servlet.resource.ResourceHttpRequestHandler]
2019-03-24 19:32:43.322 [main] INFO  o.s.ui.freemarker.SpringTemplateLoader - SpringTemplateLoader for FreeMarker: using resource loader [org.springframework.boot.web.servlet.context.AnnotationConfigServletWebServerApplicationContext@1e34c607: startup date [Sun Mar 24 19:32:39 CST 2019]; parent: org.springframework.context.annotation.AnnotationConfigApplicationContext@33b1c5c5] and template loader path [classpath:/templates/]
2019-03-24 19:32:43.323 [main] INFO  o.s.w.servlet.view.freemarker.FreeMarkerConfigurer - ClassTemplateLoader for Spring macros added to FreeMarker configuration
2019-03-24 19:32:43.463 [main] INFO  o.s.b.a.s.s.UserDetailsServiceAutoConfiguration - 

Using generated security password: a4daad1c-5612-41c9-8089-3685285924c7

2019-03-24 19:32:43.627 [main] INFO  o.s.security.web.DefaultSecurityFilterChain - Creating filter chain: org.springframework.security.web.util.matcher.AnyRequestMatcher@1, [org.springframework.security.web.context.request.async.WebAsyncManagerIntegrationFilter@75ed125a, org.springframework.security.web.context.SecurityContextPersistenceFilter@184afb78, org.springframework.security.web.header.HeaderWriterFilter@11bfffb3, org.springframework.security.web.csrf.CsrfFilter@635ff2a5, org.springframework.security.web.authentication.logout.LogoutFilter@3dea226b, org.springframework.security.web.authentication.UsernamePasswordAuthenticationFilter@43e3a390, org.springframework.security.web.authentication.ui.DefaultLoginPageGeneratingFilter@6734ff92, org.springframework.security.web.authentication.www.BasicAuthenticationFilter@2b9e69fb, org.springframework.security.web.savedrequest.RequestCacheAwareFilter@615e83ac, org.springframework.security.web.servletapi.SecurityContextHolderAwareRequestFilter@5fb7ab9c, org.springframework.security.web.authentication.AnonymousAuthenticationFilter@653a5967, org.springframework.security.web.session.SessionManagementFilter@1c6e3ff9, org.springframework.security.web.access.ExceptionTranslationFilter@7871d261, org.springframework.security.web.access.intercept.FilterSecurityInterceptor@a323a5b]
2019-03-24 19:32:44.018 [main] INFO  o.s.cloud.netflix.zuul.ZuulFilterInitializer - Starting filter initializer
2019-03-24 19:32:44.052 [main] INFO  o.s.b.actuate.endpoint.web.EndpointLinksResolver - Exposing 2 endpoint(s) beneath base path '/actuator'
2019-03-24 19:32:44.063 [main] INFO  o.s.b.a.e.web.servlet.WebMvcEndpointHandlerMapping - Mapped "{[/actuator/health],methods=[GET],produces=[application/vnd.spring-boot.actuator.v2+json || application/json]}" onto public java.lang.Object org.springframework.boot.actuate.endpoint.web.servlet.AbstractWebMvcEndpointHandlerMapping$OperationHandler.handle(javax.servlet.http.HttpServletRequest,java.util.Map<java.lang.String, java.lang.String>)
2019-03-24 19:32:44.064 [main] INFO  o.s.b.a.e.web.servlet.WebMvcEndpointHandlerMapping - Mapped "{[/actuator/info],methods=[GET],produces=[application/vnd.spring-boot.actuator.v2+json || application/json]}" onto public java.lang.Object org.springframework.boot.actuate.endpoint.web.servlet.AbstractWebMvcEndpointHandlerMapping$OperationHandler.handle(javax.servlet.http.HttpServletRequest,java.util.Map<java.lang.String, java.lang.String>)
2019-03-24 19:32:44.064 [main] INFO  o.s.b.a.e.web.servlet.WebMvcEndpointHandlerMapping - Mapped "{[/actuator],methods=[GET],produces=[application/vnd.spring-boot.actuator.v2+json || application/json]}" onto protected java.util.Map<java.lang.String, java.util.Map<java.lang.String, org.springframework.boot.actuate.endpoint.web.Link>> org.springframework.boot.actuate.endpoint.web.servlet.WebMvcEndpointHandlerMapping.links(javax.servlet.http.HttpServletRequest,javax.servlet.http.HttpServletResponse)
2019-03-24 19:32:44.116 [main] INFO  o.s.jmx.export.annotation.AnnotationMBeanExporter - Registering beans for JMX exposure on startup
2019-03-24 19:32:44.127 [main] INFO  o.s.jmx.export.annotation.AnnotationMBeanExporter - Bean with name 'configurationPropertiesRebinder' has been autodetected for JMX exposure
2019-03-24 19:32:44.128 [main] INFO  o.s.jmx.export.annotation.AnnotationMBeanExporter - Bean with name 'environmentManager' has been autodetected for JMX exposure
2019-03-24 19:32:44.129 [main] INFO  o.s.jmx.export.annotation.AnnotationMBeanExporter - Bean with name 'refreshScope' has been autodetected for JMX exposure
2019-03-24 19:32:44.132 [main] INFO  o.s.jmx.export.annotation.AnnotationMBeanExporter - Located managed bean 'environmentManager': registering with JMX server as MBean [org.springframework.cloud.context.environment:name=environmentManager,type=EnvironmentManager]
2019-03-24 19:32:44.139 [main] INFO  o.s.jmx.export.annotation.AnnotationMBeanExporter - Located managed bean 'refreshScope': registering with JMX server as MBean [org.springframework.cloud.context.scope.refresh:name=refreshScope,type=RefreshScope]
2019-03-24 19:32:44.149 [main] INFO  o.s.jmx.export.annotation.AnnotationMBeanExporter - Located managed bean 'configurationPropertiesRebinder': registering with JMX server as MBean [org.springframework.cloud.context.properties:name=configurationPropertiesRebinder,context=1e34c607,type=ConfigurationPropertiesRebinder]
2019-03-24 19:32:44.159 [main] INFO  o.s.context.support.DefaultLifecycleProcessor - Starting beans in phase 0
2019-03-24 19:32:44.165 [main] INFO  o.s.cloud.netflix.eureka.InstanceInfoFactory - Setting initial instance status as: STARTING
2019-03-24 19:32:44.198 [main] INFO  com.netflix.discovery.DiscoveryClient - Initializing Eureka in region us-east-1
2019-03-24 19:32:44.258 [main] INFO  c.n.discovery.provider.DiscoveryJerseyProvider - Using JSON encoding codec LegacyJacksonJson
2019-03-24 19:32:44.259 [main] INFO  c.n.discovery.provider.DiscoveryJerseyProvider - Using JSON decoding codec LegacyJacksonJson
2019-03-24 19:32:44.351 [main] INFO  c.n.discovery.provider.DiscoveryJerseyProvider - Using XML encoding codec XStreamXml
2019-03-24 19:32:44.351 [main] INFO  c.n.discovery.provider.DiscoveryJerseyProvider - Using XML decoding codec XStreamXml
2019-03-24 19:32:44.520 [main] INFO  c.n.d.shared.resolver.aws.ConfigClusterResolver - Resolving eureka endpoints via configuration
2019-03-24 19:32:44.537 [main] INFO  com.netflix.discovery.DiscoveryClient - Disable delta property : false
2019-03-24 19:32:44.537 [main] INFO  com.netflix.discovery.DiscoveryClient - Single vip registry refresh property : null
2019-03-24 19:32:44.537 [main] INFO  com.netflix.discovery.DiscoveryClient - Force full registry fetch : false
2019-03-24 19:32:44.537 [main] INFO  com.netflix.discovery.DiscoveryClient - Application is null : false
2019-03-24 19:32:44.537 [main] INFO  com.netflix.discovery.DiscoveryClient - Registered Applications size is zero : true
2019-03-24 19:32:44.537 [main] INFO  com.netflix.discovery.DiscoveryClient - Application version is -1: true
2019-03-24 19:32:44.537 [main] INFO  com.netflix.discovery.DiscoveryClient - Getting all instance registry info from the eureka server
2019-03-24 19:32:44.662 [main] INFO  com.netflix.discovery.DiscoveryClient - The response status is 200
2019-03-24 19:32:44.665 [main] INFO  com.netflix.discovery.DiscoveryClient - Starting heartbeat executor: renew interval is: 30
2019-03-24 19:32:44.667 [main] INFO  com.netflix.discovery.InstanceInfoReplicator - InstanceInfoReplicator onDemand update allowed rate per min is 4
2019-03-24 19:32:44.670 [main] INFO  com.netflix.discovery.DiscoveryClient - Discovery Client initialized at timestamp 1553427164669 with initial instances count: 3
2019-03-24 19:32:44.675 [main] INFO  o.s.c.n.e.serviceregistry.EurekaServiceRegistry - Registering application kayle-zuul with eureka with status UP
2019-03-24 19:32:44.675 [main] INFO  com.netflix.discovery.DiscoveryClient - Saw local status change event StatusChangeEvent [timestamp=1553427164675, current=UP, previous=STARTING]
2019-03-24 19:32:44.677 [DiscoveryClient-InstanceInfoReplicator-0] INFO  com.netflix.discovery.DiscoveryClient - DiscoveryClient_KAYLE-ZUUL/10.0.2.11:kayle-zuul:801: registering service...
2019-03-24 19:32:44.694 [main] INFO  org.apache.coyote.http11.Http11NioProtocol - Starting ProtocolHandler ["http-nio-801"]
2019-03-24 19:32:44.708 [DiscoveryClient-InstanceInfoReplicator-0] INFO  com.netflix.discovery.DiscoveryClient - DiscoveryClient_KAYLE-ZUUL/10.0.2.11:kayle-zuul:801 - registration status: 204
2019-03-24 19:32:44.719 [main] INFO  org.apache.tomcat.util.net.NioSelectorPool - Using a shared selector for servlet write/read
2019-03-24 19:32:44.734 [main] INFO  o.s.boot.web.embedded.tomcat.TomcatWebServer - Tomcat started on port(s): 801 (http) with context path ''
2019-03-24 19:32:44.735 [main] INFO  o.s.c.n.e.s.EurekaAutoServiceRegistration - Updating port to 801
2019-03-24 19:32:44.738 [main] INFO  com.kayle.zuul.ZuulApp - Started ZuulApp in 5.783 seconds (JVM running for 6.407)
2019-03-24 19:32:45.075 [RMI TCP Connection(2)-127.0.0.1] INFO  o.a.c.core.ContainerBase.[Tomcat].[localhost].[/] - Initializing Spring FrameworkServlet 'dispatcherServlet'
2019-03-24 19:32:45.075 [RMI TCP Connection(2)-127.0.0.1] INFO  org.springframework.web.servlet.DispatcherServlet - FrameworkServlet 'dispatcherServlet': initialization started
2019-03-24 19:32:45.091 [RMI TCP Connection(2)-127.0.0.1] INFO  org.springframework.web.servlet.DispatcherServlet - FrameworkServlet 'dispatcherServlet': initialization completed in 16 ms
2019-03-24 19:34:06.624 [Thread-21] INFO  o.s.b.w.s.c.AnnotationConfigServletWebServerApplicationContext - Closing org.springframework.boot.web.servlet.context.AnnotationConfigServletWebServerApplicationContext@1e34c607: startup date [Sun Mar 24 19:32:39 CST 2019]; parent: org.springframework.context.annotation.AnnotationConfigApplicationContext@33b1c5c5
2019-03-24 19:34:06.625 [Thread-21] INFO  o.s.c.n.e.serviceregistry.EurekaServiceRegistry - Unregistering application kayle-zuul with eureka with status DOWN
2019-03-24 19:34:06.629 [DiscoveryClient-InstanceInfoReplicator-0] INFO  com.netflix.discovery.DiscoveryClient - DiscoveryClient_KAYLE-ZUUL/10.0.2.11:kayle-zuul:801: registering service...
2019-03-24 19:34:06.635 [Thread-21] INFO  o.s.context.support.DefaultLifecycleProcessor - Stopping beans in phase 0
2019-03-24 19:34:06.639 [Thread-21] INFO  o.s.cloud.netflix.zuul.ZuulFilterInitializer - Stopping filter initializer
2019-03-24 19:34:06.641 [DiscoveryClient-InstanceInfoReplicator-0] INFO  com.netflix.discovery.DiscoveryClient - DiscoveryClient_KAYLE-ZUUL/10.0.2.11:kayle-zuul:801 - registration status: 204
2019-03-24 19:34:06.642 [Thread-21] INFO  o.s.jmx.export.annotation.AnnotationMBeanExporter - Unregistering JMX-exposed beans on shutdown
2019-03-24 19:34:06.642 [Thread-21] INFO  o.s.jmx.export.annotation.AnnotationMBeanExporter - Unregistering JMX-exposed beans
2019-03-24 19:34:06.654 [Thread-21] INFO  com.netflix.config.sources.URLConfigurationSource - To enable URLs as dynamic configuration sources, define System property archaius.configurationSource.additionalUrls or make config.properties available on classpath.
2019-03-24 19:34:06.657 [Thread-21] INFO  com.netflix.discovery.DiscoveryClient - Shutting down DiscoveryClient ...
2019-03-24 19:34:06.657 [Thread-21] INFO  com.netflix.discovery.DiscoveryClient - Unregistering ...
2019-03-24 19:34:06.662 [Thread-21] INFO  com.netflix.discovery.DiscoveryClient - DiscoveryClient_KAYLE-ZUUL/10.0.2.11:kayle-zuul:801 - deregister  status: 200
2019-03-24 19:34:06.670 [Thread-21] INFO  com.netflix.discovery.DiscoveryClient - Completed shut down of DiscoveryClient
2019-03-24 19:34:14.085 [main] INFO  o.s.c.a.AnnotationConfigApplicationContext - Refreshing org.springframework.context.annotation.AnnotationConfigApplicationContext@6492fab5: startup date [Sun Mar 24 19:34:14 CST 2019]; root of context hierarchy
2019-03-24 19:34:14.293 [main] INFO  o.s.b.f.a.AutowiredAnnotationBeanPostProcessor - JSR-330 'javax.inject.Inject' annotation found and supported for autowiring
2019-03-24 19:34:14.327 [main] INFO  o.s.c.s.PostProcessorRegistrationDelegate$BeanPostProcessorChecker - Bean 'configurationPropertiesRebinderAutoConfiguration' of type [org.springframework.cloud.autoconfigure.ConfigurationPropertiesRebinderAutoConfiguration$$EnhancerBySpringCGLIB$$99881298] is not eligible for getting processed by all BeanPostProcessors (for example: not eligible for auto-proxying)
2019-03-24 19:34:14.468 [main] INFO  com.kayle.zuul.ZuulApp - No active profile set, falling back to default profiles: default
2019-03-24 19:34:14.483 [main] INFO  o.s.b.w.s.c.AnnotationConfigServletWebServerApplicationContext - Refreshing org.springframework.boot.web.servlet.context.AnnotationConfigServletWebServerApplicationContext@46044faa: startup date [Sun Mar 24 19:34:14 CST 2019]; parent: org.springframework.context.annotation.AnnotationConfigApplicationContext@6492fab5
2019-03-24 19:34:15.132 [main] INFO  o.s.b.factory.support.DefaultListableBeanFactory - Overriding bean definition for bean 'environmentWebEndpointExtension' with a different definition: replacing [Root bean: class [null]; scope=; abstract=false; lazyInit=false; autowireMode=3; dependencyCheck=0; autowireCandidate=true; primary=false; factoryBeanName=org.springframework.boot.actuate.autoconfigure.env.EnvironmentEndpointAutoConfiguration; factoryMethodName=environmentWebEndpointExtension; initMethodName=null; destroyMethodName=(inferred); defined in class path resource [org/springframework/boot/actuate/autoconfigure/env/EnvironmentEndpointAutoConfiguration.class]] with [Root bean: class [null]; scope=; abstract=false; lazyInit=false; autowireMode=3; dependencyCheck=0; autowireCandidate=true; primary=false; factoryBeanName=org.springframework.cloud.autoconfigure.LifecycleMvcEndpointAutoConfiguration$EndpointConfiguration; factoryMethodName=environmentWebEndpointExtension; initMethodName=null; destroyMethodName=(inferred); defined in class path resource [org/springframework/cloud/autoconfigure/LifecycleMvcEndpointAutoConfiguration$EndpointConfiguration.class]]
2019-03-24 19:34:15.196 [main] INFO  o.s.b.factory.support.DefaultListableBeanFactory - Overriding bean definition for bean 'proxyRequestHelper' with a different definition: replacing [Root bean: class [null]; scope=; abstract=false; lazyInit=false; autowireMode=3; dependencyCheck=0; autowireCandidate=true; primary=false; factoryBeanName=org.springframework.cloud.netflix.zuul.ZuulProxyAutoConfiguration$EndpointConfiguration; factoryMethodName=proxyRequestHelper; initMethodName=null; destroyMethodName=(inferred); defined in class path resource [org/springframework/cloud/netflix/zuul/ZuulProxyAutoConfiguration$EndpointConfiguration.class]] with [Root bean: class [null]; scope=; abstract=false; lazyInit=false; autowireMode=3; dependencyCheck=0; autowireCandidate=true; primary=false; factoryBeanName=org.springframework.cloud.netflix.zuul.ZuulProxyAutoConfiguration$NoActuatorConfiguration; factoryMethodName=proxyRequestHelper; initMethodName=null; destroyMethodName=(inferred); defined in class path resource [org/springframework/cloud/netflix/zuul/ZuulProxyAutoConfiguration$NoActuatorConfiguration.class]]
2019-03-24 19:34:15.201 [main] INFO  o.s.b.factory.support.DefaultListableBeanFactory - Overriding bean definition for bean 'counterFactory' with a different definition: replacing [Root bean: class [null]; scope=; abstract=false; lazyInit=false; autowireMode=3; dependencyCheck=0; autowireCandidate=true; primary=false; factoryBeanName=org.springframework.cloud.netflix.zuul.ZuulServerAutoConfiguration$ZuulMetricsConfiguration; factoryMethodName=counterFactory; initMethodName=null; destroyMethodName=(inferred); defined in class path resource [org/springframework/cloud/netflix/zuul/ZuulServerAutoConfiguration$ZuulMetricsConfiguration.class]] with [Root bean: class [null]; scope=; abstract=false; lazyInit=false; autowireMode=3; dependencyCheck=0; autowireCandidate=true; primary=false; factoryBeanName=org.springframework.cloud.netflix.zuul.ZuulServerAutoConfiguration$ZuulCounterFactoryConfiguration; factoryMethodName=counterFactory; initMethodName=null; destroyMethodName=(inferred); defined in class path resource [org/springframework/cloud/netflix/zuul/ZuulServerAutoConfiguration$ZuulCounterFactoryConfiguration.class]]
2019-03-24 19:34:15.393 [main] INFO  o.springframework.cloud.context.scope.GenericScope - BeanFactory id=82998976-4ae1-32b4-a5c7-0db16c75399c
2019-03-24 19:34:15.410 [main] INFO  o.s.b.f.a.AutowiredAnnotationBeanPostProcessor - JSR-330 'javax.inject.Inject' annotation found and supported for autowiring
2019-03-24 19:34:15.619 [main] INFO  o.s.c.s.PostProcessorRegistrationDelegate$BeanPostProcessorChecker - Bean 'org.springframework.cloud.autoconfigure.ConfigurationPropertiesRebinderAutoConfiguration' of type [org.springframework.cloud.autoconfigure.ConfigurationPropertiesRebinderAutoConfiguration$$EnhancerBySpringCGLIB$$99881298] is not eligible for getting processed by all BeanPostProcessors (for example: not eligible for auto-proxying)
2019-03-24 19:34:15.829 [main] INFO  o.s.boot.web.embedded.tomcat.TomcatWebServer - Tomcat initialized with port(s): 801 (http)
2019-03-24 19:34:15.840 [main] INFO  org.apache.coyote.http11.Http11NioProtocol - Initializing ProtocolHandler ["http-nio-801"]
2019-03-24 19:34:15.848 [main] INFO  org.apache.catalina.core.StandardService - Starting service [Tomcat]
2019-03-24 19:34:15.848 [main] INFO  org.apache.catalina.core.StandardEngine - Starting Servlet Engine: Apache Tomcat/8.5.29
2019-03-24 19:34:15.852 [localhost-startStop-1] INFO  org.apache.catalina.core.AprLifecycleListener - The APR based Apache Tomcat Native library which allows optimal performance in production environments was not found on the java.library.path: [/Users/dingzhenxing/Library/Java/Extensions:/Library/Java/Extensions:/Network/Library/Java/Extensions:/System/Library/Java/Extensions:/usr/lib/java:.]
2019-03-24 19:34:16.001 [localhost-startStop-1] INFO  o.a.c.core.ContainerBase.[Tomcat].[localhost].[/] - Initializing Spring embedded WebApplicationContext
2019-03-24 19:34:16.001 [localhost-startStop-1] INFO  org.springframework.web.context.ContextLoader - Root WebApplicationContext: initialization completed in 1518 ms
2019-03-24 19:34:16.890 [localhost-startStop-1] INFO  com.netflix.config.sources.URLConfigurationSource - To enable URLs as dynamic configuration sources, define System property archaius.configurationSource.additionalUrls or make config.properties available on classpath.
2019-03-24 19:34:16.894 [localhost-startStop-1] INFO  com.netflix.config.DynamicPropertyFactory - DynamicPropertyFactory is initialized with configuration sources: com.netflix.config.ConcurrentCompositeConfiguration@5dde8222
2019-03-24 19:34:17.011 [localhost-startStop-1] INFO  o.s.boot.web.servlet.ServletRegistrationBean - Servlet dispatcherServlet mapped to [/]
2019-03-24 19:34:17.012 [localhost-startStop-1] INFO  o.s.boot.web.servlet.ServletRegistrationBean - Servlet zuulServlet mapped to [/zuul/*]
2019-03-24 19:34:17.015 [localhost-startStop-1] INFO  o.s.boot.web.servlet.FilterRegistrationBean - Mapping filter: 'characterEncodingFilter' to: [/*]
2019-03-24 19:34:17.015 [localhost-startStop-1] INFO  o.s.boot.web.servlet.FilterRegistrationBean - Mapping filter: 'hiddenHttpMethodFilter' to: [/*]
2019-03-24 19:34:17.016 [localhost-startStop-1] INFO  o.s.boot.web.servlet.FilterRegistrationBean - Mapping filter: 'httpPutFormContentFilter' to: [/*]
2019-03-24 19:34:17.016 [localhost-startStop-1] INFO  o.s.boot.web.servlet.FilterRegistrationBean - Mapping filter: 'requestContextFilter' to: [/*]
2019-03-24 19:34:17.016 [localhost-startStop-1] INFO  o.s.boot.web.servlet.FilterRegistrationBean - Mapping filter: 'httpTraceFilter' to: [/*]
2019-03-24 19:34:17.016 [localhost-startStop-1] INFO  o.s.boot.web.servlet.FilterRegistrationBean - Mapping filter: 'webMvcMetricsFilter' to: [/*]
2019-03-24 19:34:17.074 [main] INFO  com.netflix.config.sources.URLConfigurationSource - To enable URLs as dynamic configuration sources, define System property archaius.configurationSource.additionalUrls or make config.properties available on classpath.
2019-03-24 19:34:17.166 [main] INFO  o.s.web.servlet.handler.SimpleUrlHandlerMapping - Mapped URL path [/**/favicon.ico] onto handler of type [class org.springframework.web.servlet.resource.ResourceHttpRequestHandler]
2019-03-24 19:34:17.354 [main] INFO  o.s.w.s.m.m.a.RequestMappingHandlerAdapter - Looking for @ControllerAdvice: org.springframework.boot.web.servlet.context.AnnotationConfigServletWebServerApplicationContext@46044faa: startup date [Sun Mar 24 19:34:14 CST 2019]; parent: org.springframework.context.annotation.AnnotationConfigApplicationContext@6492fab5
2019-03-24 19:34:17.412 [main] INFO  o.s.w.s.m.m.a.RequestMappingHandlerMapping - Mapped "{[/error]}" onto public org.springframework.http.ResponseEntity<java.util.Map<java.lang.String, java.lang.Object>> org.springframework.boot.autoconfigure.web.servlet.error.BasicErrorController.error(javax.servlet.http.HttpServletRequest)
2019-03-24 19:34:17.413 [main] INFO  o.s.w.s.m.m.a.RequestMappingHandlerMapping - Mapped "{[/error],produces=[text/html]}" onto public org.springframework.web.servlet.ModelAndView org.springframework.boot.autoconfigure.web.servlet.error.BasicErrorController.errorHtml(javax.servlet.http.HttpServletRequest,javax.servlet.http.HttpServletResponse)
2019-03-24 19:34:17.444 [main] INFO  o.s.web.servlet.handler.SimpleUrlHandlerMapping - Mapped URL path [/webjars/**] onto handler of type [class org.springframework.web.servlet.resource.ResourceHttpRequestHandler]
2019-03-24 19:34:17.444 [main] INFO  o.s.web.servlet.handler.SimpleUrlHandlerMapping - Mapped URL path [/**] onto handler of type [class org.springframework.web.servlet.resource.ResourceHttpRequestHandler]
2019-03-24 19:34:17.808 [main] INFO  o.s.ui.freemarker.SpringTemplateLoader - SpringTemplateLoader for FreeMarker: using resource loader [org.springframework.boot.web.servlet.context.AnnotationConfigServletWebServerApplicationContext@46044faa: startup date [Sun Mar 24 19:34:14 CST 2019]; parent: org.springframework.context.annotation.AnnotationConfigApplicationContext@6492fab5] and template loader path [classpath:/templates/]
2019-03-24 19:34:17.809 [main] INFO  o.s.w.servlet.view.freemarker.FreeMarkerConfigurer - ClassTemplateLoader for Spring macros added to FreeMarker configuration
2019-03-24 19:34:18.274 [main] INFO  o.s.cloud.netflix.zuul.ZuulFilterInitializer - Starting filter initializer
2019-03-24 19:34:18.342 [main] INFO  o.s.b.actuate.endpoint.web.EndpointLinksResolver - Exposing 2 endpoint(s) beneath base path '/actuator'
2019-03-24 19:34:18.353 [main] INFO  o.s.b.a.e.web.servlet.WebMvcEndpointHandlerMapping - Mapped "{[/actuator/health],methods=[GET],produces=[application/vnd.spring-boot.actuator.v2+json || application/json]}" onto public java.lang.Object org.springframework.boot.actuate.endpoint.web.servlet.AbstractWebMvcEndpointHandlerMapping$OperationHandler.handle(javax.servlet.http.HttpServletRequest,java.util.Map<java.lang.String, java.lang.String>)
2019-03-24 19:34:18.354 [main] INFO  o.s.b.a.e.web.servlet.WebMvcEndpointHandlerMapping - Mapped "{[/actuator/info],methods=[GET],produces=[application/vnd.spring-boot.actuator.v2+json || application/json]}" onto public java.lang.Object org.springframework.boot.actuate.endpoint.web.servlet.AbstractWebMvcEndpointHandlerMapping$OperationHandler.handle(javax.servlet.http.HttpServletRequest,java.util.Map<java.lang.String, java.lang.String>)
2019-03-24 19:34:18.355 [main] INFO  o.s.b.a.e.web.servlet.WebMvcEndpointHandlerMapping - Mapped "{[/actuator],methods=[GET],produces=[application/vnd.spring-boot.actuator.v2+json || application/json]}" onto protected java.util.Map<java.lang.String, java.util.Map<java.lang.String, org.springframework.boot.actuate.endpoint.web.Link>> org.springframework.boot.actuate.endpoint.web.servlet.WebMvcEndpointHandlerMapping.links(javax.servlet.http.HttpServletRequest,javax.servlet.http.HttpServletResponse)
2019-03-24 19:34:18.405 [main] INFO  o.s.jmx.export.annotation.AnnotationMBeanExporter - Registering beans for JMX exposure on startup
2019-03-24 19:34:18.415 [main] INFO  o.s.jmx.export.annotation.AnnotationMBeanExporter - Bean with name 'configurationPropertiesRebinder' has been autodetected for JMX exposure
2019-03-24 19:34:18.416 [main] INFO  o.s.jmx.export.annotation.AnnotationMBeanExporter - Bean with name 'environmentManager' has been autodetected for JMX exposure
2019-03-24 19:34:18.417 [main] INFO  o.s.jmx.export.annotation.AnnotationMBeanExporter - Bean with name 'refreshScope' has been autodetected for JMX exposure
2019-03-24 19:34:18.419 [main] INFO  o.s.jmx.export.annotation.AnnotationMBeanExporter - Located managed bean 'environmentManager': registering with JMX server as MBean [org.springframework.cloud.context.environment:name=environmentManager,type=EnvironmentManager]
2019-03-24 19:34:18.426 [main] INFO  o.s.jmx.export.annotation.AnnotationMBeanExporter - Located managed bean 'refreshScope': registering with JMX server as MBean [org.springframework.cloud.context.scope.refresh:name=refreshScope,type=RefreshScope]
2019-03-24 19:34:18.436 [main] INFO  o.s.jmx.export.annotation.AnnotationMBeanExporter - Located managed bean 'configurationPropertiesRebinder': registering with JMX server as MBean [org.springframework.cloud.context.properties:name=configurationPropertiesRebinder,context=46044faa,type=ConfigurationPropertiesRebinder]
2019-03-24 19:34:18.445 [main] INFO  o.s.context.support.DefaultLifecycleProcessor - Starting beans in phase 0
2019-03-24 19:34:18.452 [main] INFO  o.s.cloud.netflix.eureka.InstanceInfoFactory - Setting initial instance status as: STARTING
2019-03-24 19:34:18.489 [main] INFO  com.netflix.discovery.DiscoveryClient - Initializing Eureka in region us-east-1
2019-03-24 19:34:18.545 [main] INFO  c.n.discovery.provider.DiscoveryJerseyProvider - Using JSON encoding codec LegacyJacksonJson
2019-03-24 19:34:18.546 [main] INFO  c.n.discovery.provider.DiscoveryJerseyProvider - Using JSON decoding codec LegacyJacksonJson
2019-03-24 19:34:18.629 [main] INFO  c.n.discovery.provider.DiscoveryJerseyProvider - Using XML encoding codec XStreamXml
2019-03-24 19:34:18.629 [main] INFO  c.n.discovery.provider.DiscoveryJerseyProvider - Using XML decoding codec XStreamXml
2019-03-24 19:34:18.802 [main] INFO  c.n.d.shared.resolver.aws.ConfigClusterResolver - Resolving eureka endpoints via configuration
2019-03-24 19:34:18.817 [main] INFO  com.netflix.discovery.DiscoveryClient - Disable delta property : false
2019-03-24 19:34:18.817 [main] INFO  com.netflix.discovery.DiscoveryClient - Single vip registry refresh property : null
2019-03-24 19:34:18.817 [main] INFO  com.netflix.discovery.DiscoveryClient - Force full registry fetch : false
2019-03-24 19:34:18.817 [main] INFO  com.netflix.discovery.DiscoveryClient - Application is null : false
2019-03-24 19:34:18.817 [main] INFO  com.netflix.discovery.DiscoveryClient - Registered Applications size is zero : true
2019-03-24 19:34:18.817 [main] INFO  com.netflix.discovery.DiscoveryClient - Application version is -1: true
2019-03-24 19:34:18.817 [main] INFO  com.netflix.discovery.DiscoveryClient - Getting all instance registry info from the eureka server
2019-03-24 19:34:18.941 [main] INFO  com.netflix.discovery.DiscoveryClient - The response status is 200
2019-03-24 19:34:18.944 [main] INFO  com.netflix.discovery.DiscoveryClient - Starting heartbeat executor: renew interval is: 30
2019-03-24 19:34:18.946 [main] INFO  com.netflix.discovery.InstanceInfoReplicator - InstanceInfoReplicator onDemand update allowed rate per min is 4
2019-03-24 19:34:18.948 [main] INFO  com.netflix.discovery.DiscoveryClient - Discovery Client initialized at timestamp 1553427258948 with initial instances count: 3
2019-03-24 19:34:18.953 [main] INFO  o.s.c.n.e.serviceregistry.EurekaServiceRegistry - Registering application kayle-zuul with eureka with status UP
2019-03-24 19:34:18.953 [main] INFO  com.netflix.discovery.DiscoveryClient - Saw local status change event StatusChangeEvent [timestamp=1553427258953, current=UP, previous=STARTING]
2019-03-24 19:34:18.955 [DiscoveryClient-InstanceInfoReplicator-0] INFO  com.netflix.discovery.DiscoveryClient - DiscoveryClient_KAYLE-ZUUL/10.0.2.11:kayle-zuul:801: registering service...
2019-03-24 19:34:18.971 [main] INFO  org.apache.coyote.http11.Http11NioProtocol - Starting ProtocolHandler ["http-nio-801"]
2019-03-24 19:34:18.985 [DiscoveryClient-InstanceInfoReplicator-0] INFO  com.netflix.discovery.DiscoveryClient - DiscoveryClient_KAYLE-ZUUL/10.0.2.11:kayle-zuul:801 - registration status: 204
2019-03-24 19:34:18.995 [main] INFO  org.apache.tomcat.util.net.NioSelectorPool - Using a shared selector for servlet write/read
2019-03-24 19:34:19.010 [main] INFO  o.s.boot.web.embedded.tomcat.TomcatWebServer - Tomcat started on port(s): 801 (http) with context path ''
2019-03-24 19:34:19.011 [main] INFO  o.s.c.n.e.s.EurekaAutoServiceRegistration - Updating port to 801
2019-03-24 19:34:19.013 [main] INFO  com.kayle.zuul.ZuulApp - Started ZuulApp in 5.522 seconds (JVM running for 6.154)
2019-03-24 19:34:19.166 [RMI TCP Connection(4)-127.0.0.1] INFO  o.a.c.core.ContainerBase.[Tomcat].[localhost].[/] - Initializing Spring FrameworkServlet 'dispatcherServlet'
2019-03-24 19:34:19.167 [RMI TCP Connection(4)-127.0.0.1] INFO  org.springframework.web.servlet.DispatcherServlet - FrameworkServlet 'dispatcherServlet': initialization started
2019-03-24 19:34:19.182 [RMI TCP Connection(4)-127.0.0.1] INFO  org.springframework.web.servlet.DispatcherServlet - FrameworkServlet 'dispatcherServlet': initialization completed in 15 ms
2019-03-24 19:34:52.803 [http-nio-801-exec-2] INFO  o.s.cloud.netflix.zuul.web.ZuulHandlerMapping - Mapped URL path [/api-kayle-web/**] onto handler of type [class org.springframework.cloud.netflix.zuul.web.ZuulController]
2019-03-24 19:34:52.804 [http-nio-801-exec-2] INFO  o.s.cloud.netflix.zuul.web.ZuulHandlerMapping - Mapped URL path [/kayle-server/**] onto handler of type [class org.springframework.cloud.netflix.zuul.web.ZuulController]
2019-03-24 19:34:52.804 [http-nio-801-exec-2] INFO  o.s.cloud.netflix.zuul.web.ZuulHandlerMapping - Mapped URL path [/kayle-web/**] onto handler of type [class org.springframework.cloud.netflix.zuul.web.ZuulController]
2019-03-24 19:34:52.843 [http-nio-801-exec-2] INFO  o.s.c.a.AnnotationConfigApplicationContext - Refreshing SpringClientFactory-kayle-web: startup date [Sun Mar 24 19:34:52 CST 2019]; parent: org.springframework.boot.web.servlet.context.AnnotationConfigServletWebServerApplicationContext@46044faa
2019-03-24 19:34:52.888 [http-nio-801-exec-2] INFO  o.s.b.f.a.AutowiredAnnotationBeanPostProcessor - JSR-330 'javax.inject.Inject' annotation found and supported for autowiring
2019-03-24 19:34:53.068 [http-nio-801-exec-2] INFO  com.netflix.config.ChainedDynamicProperty - Flipping property: kayle-web.ribbon.ActiveConnectionsLimit to use NEXT property: niws.loadbalancer.availabilityFilteringRule.activeConnectionsLimit = 2147483647
2019-03-24 19:34:53.091 [http-nio-801-exec-2] INFO  com.netflix.util.concurrent.ShutdownEnabledTimer - Shutdown hook installed for: NFLoadBalancer-PingTimer-kayle-web
2019-03-24 19:34:53.114 [http-nio-801-exec-2] INFO  com.netflix.loadbalancer.BaseLoadBalancer - Client: kayle-web instantiated a LoadBalancer: DynamicServerListLoadBalancer:{NFLoadBalancer:name=kayle-web,current list of Servers=[],Load balancer stats=Zone stats: {},Server stats: []}ServerList:null
2019-03-24 19:34:53.119 [http-nio-801-exec-2] INFO  c.n.loadbalancer.DynamicServerListLoadBalancer - Using serverListUpdater PollingServerListUpdater
2019-03-24 19:34:53.143 [http-nio-801-exec-2] INFO  com.netflix.config.ChainedDynamicProperty - Flipping property: kayle-web.ribbon.ActiveConnectionsLimit to use NEXT property: niws.loadbalancer.availabilityFilteringRule.activeConnectionsLimit = 2147483647
2019-03-24 19:34:53.145 [http-nio-801-exec-2] INFO  c.n.loadbalancer.DynamicServerListLoadBalancer - DynamicServerListLoadBalancer for client kayle-web initialized: DynamicServerListLoadBalancer:{NFLoadBalancer:name=kayle-web,current list of Servers=[10.0.2.11:18800],Load balancer stats=Zone stats: {defaultzone=[Zone:defaultzone;	Instance count:1;	Active connections count: 0;	Circuit breaker tripped count: 0;	Active connections per server: 0.0;]
},Server stats: [[Server:10.0.2.11:18800;	Zone:defaultZone;	Total Requests:0;	Successive connection failure:0;	Total blackout seconds:0;	Last connection made:Thu Jan 01 08:00:00 CST 1970;	First connection made: Thu Jan 01 08:00:00 CST 1970;	Active Connections:0;	total failure count in last (1000) msecs:0;	average resp time:0.0;	90 percentile resp time:0.0;	95 percentile resp time:0.0;	min resp time:0.0;	max resp time:0.0;	stddev resp time:0.0]
]}ServerList:org.springframework.cloud.netflix.ribbon.eureka.DomainExtractingServerList@354dd48a
2019-03-24 19:34:54.126 [PollingServerListUpdater-0] INFO  com.netflix.config.ChainedDynamicProperty - Flipping property: kayle-web.ribbon.ActiveConnectionsLimit to use NEXT property: niws.loadbalancer.availabilityFilteringRule.activeConnectionsLimit = 2147483647
2019-03-24 19:39:18.852 [AsyncResolver-bootstrap-executor-0] INFO  c.n.d.shared.resolver.aws.ConfigClusterResolver - Resolving eureka endpoints via configuration
2019-03-24 19:46:37.404 [DiscoveryClient-HeartbeatExecutor-0] INFO  com.netflix.discovery.DiscoveryClient - DiscoveryClient_KAYLE-ZUUL/10.0.2.11:kayle-zuul:801 - Re-registering apps/KAYLE-ZUUL
2019-03-24 19:46:37.407 [DiscoveryClient-HeartbeatExecutor-0] INFO  com.netflix.discovery.DiscoveryClient - DiscoveryClient_KAYLE-ZUUL/10.0.2.11:kayle-zuul:801: registering service...
2019-03-24 19:46:37.420 [DiscoveryClient-HeartbeatExecutor-0] INFO  com.netflix.discovery.DiscoveryClient - DiscoveryClient_KAYLE-ZUUL/10.0.2.11:kayle-zuul:801 - registration status: 204
2019-03-24 19:47:37.075 [AsyncResolver-bootstrap-executor-0] INFO  c.n.d.shared.resolver.aws.ConfigClusterResolver - Resolving eureka endpoints via configuration
2019-03-24 19:52:37.082 [AsyncResolver-bootstrap-executor-0] INFO  c.n.d.shared.resolver.aws.ConfigClusterResolver - Resolving eureka endpoints via configuration
2019-03-24 19:57:37.093 [AsyncResolver-bootstrap-executor-0] INFO  c.n.d.shared.resolver.aws.ConfigClusterResolver - Resolving eureka endpoints via configuration
2019-03-24 20:29:00.055 [DiscoveryClient-HeartbeatExecutor-0] INFO  com.netflix.discovery.DiscoveryClient - DiscoveryClient_KAYLE-ZUUL/10.0.2.11:kayle-zuul:801 - Re-registering apps/KAYLE-ZUUL
2019-03-24 20:29:00.056 [DiscoveryClient-HeartbeatExecutor-0] INFO  com.netflix.discovery.DiscoveryClient - DiscoveryClient_KAYLE-ZUUL/10.0.2.11:kayle-zuul:801: registering service...
2019-03-24 20:29:00.064 [DiscoveryClient-HeartbeatExecutor-0] INFO  com.netflix.discovery.DiscoveryClient - DiscoveryClient_KAYLE-ZUUL/10.0.2.11:kayle-zuul:801 - registration status: 204
2019-03-24 20:36:58.923 [DiscoveryClient-HeartbeatExecutor-0] INFO  com.netflix.discovery.DiscoveryClient - DiscoveryClient_KAYLE-ZUUL/10.0.2.11:kayle-zuul:801 - Re-registering apps/KAYLE-ZUUL
2019-03-24 20:36:58.924 [DiscoveryClient-HeartbeatExecutor-0] INFO  com.netflix.discovery.DiscoveryClient - DiscoveryClient_KAYLE-ZUUL/10.0.2.11:kayle-zuul:801: registering service...
2019-03-24 20:36:58.929 [DiscoveryClient-HeartbeatExecutor-0] INFO  com.netflix.discovery.DiscoveryClient - DiscoveryClient_KAYLE-ZUUL/10.0.2.11:kayle-zuul:801 - registration status: 204
2019-03-24 20:39:28.370 [AsyncResolver-bootstrap-executor-0] INFO  c.n.d.shared.resolver.aws.ConfigClusterResolver - Resolving eureka endpoints via configuration
2019-03-24 20:45:46.872 [DiscoveryClient-HeartbeatExecutor-0] INFO  com.netflix.discovery.DiscoveryClient - DiscoveryClient_KAYLE-ZUUL/10.0.2.11:kayle-zuul:801 - Re-registering apps/KAYLE-ZUUL
2019-03-24 20:45:46.873 [DiscoveryClient-HeartbeatExecutor-0] INFO  com.netflix.discovery.DiscoveryClient - DiscoveryClient_KAYLE-ZUUL/10.0.2.11:kayle-zuul:801: registering service...
2019-03-24 20:45:46.880 [DiscoveryClient-HeartbeatExecutor-0] INFO  com.netflix.discovery.DiscoveryClient - DiscoveryClient_KAYLE-ZUUL/10.0.2.11:kayle-zuul:801 - registration status: 204
2019-03-24 20:49:46.254 [AsyncResolver-bootstrap-executor-0] INFO  c.n.d.shared.resolver.aws.ConfigClusterResolver - Resolving eureka endpoints via configuration
2019-03-24 20:54:46.259 [AsyncResolver-bootstrap-executor-0] INFO  c.n.d.shared.resolver.aws.ConfigClusterResolver - Resolving eureka endpoints via configuration
2019-03-24 21:35:34.165 [DiscoveryClient-HeartbeatExecutor-0] INFO  com.netflix.discovery.DiscoveryClient - DiscoveryClient_KAYLE-ZUUL/10.0.2.11:kayle-zuul:801 - Re-registering apps/KAYLE-ZUUL
2019-03-24 21:35:34.171 [DiscoveryClient-HeartbeatExecutor-0] INFO  com.netflix.discovery.DiscoveryClient - DiscoveryClient_KAYLE-ZUUL/10.0.2.11:kayle-zuul:801: registering service...
2019-03-24 21:35:34.200 [DiscoveryClient-HeartbeatExecutor-0] INFO  com.netflix.discovery.DiscoveryClient - DiscoveryClient_KAYLE-ZUUL/10.0.2.11:kayle-zuul:801 - registration status: 204
2019-03-24 21:49:06.263 [DiscoveryClient-HeartbeatExecutor-0] INFO  com.netflix.discovery.DiscoveryClient - DiscoveryClient_KAYLE-ZUUL/10.0.2.11:kayle-zuul:801 - Re-registering apps/KAYLE-ZUUL
2019-03-24 21:49:06.266 [DiscoveryClient-HeartbeatExecutor-0] INFO  com.netflix.discovery.DiscoveryClient - DiscoveryClient_KAYLE-ZUUL/10.0.2.11:kayle-zuul:801: registering service...
2019-03-24 21:49:06.288 [DiscoveryClient-HeartbeatExecutor-0] INFO  com.netflix.discovery.DiscoveryClient - DiscoveryClient_KAYLE-ZUUL/10.0.2.11:kayle-zuul:801 - registration status: 204
2019-03-25 00:03:32.266 [DiscoveryClient-HeartbeatExecutor-0] INFO  com.netflix.discovery.DiscoveryClient - DiscoveryClient_KAYLE-ZUUL/10.0.2.11:kayle-zuul:801 - Re-registering apps/KAYLE-ZUUL
2019-03-25 00:03:32.268 [DiscoveryClient-HeartbeatExecutor-0] INFO  com.netflix.discovery.DiscoveryClient - DiscoveryClient_KAYLE-ZUUL/10.0.2.11:kayle-zuul:801: registering service...
2019-03-25 00:03:32.272 [DiscoveryClient-HeartbeatExecutor-0] INFO  com.netflix.discovery.DiscoveryClient - DiscoveryClient_KAYLE-ZUUL/10.0.2.11:kayle-zuul:801 - registration status: 204
2019-03-25 00:06:01.230 [AsyncResolver-bootstrap-executor-0] INFO  c.n.d.shared.resolver.aws.ConfigClusterResolver - Resolving eureka endpoints via configuration
2019-03-25 00:11:01.233 [AsyncResolver-bootstrap-executor-0] INFO  c.n.d.shared.resolver.aws.ConfigClusterResolver - Resolving eureka endpoints via configuration
2019-03-25 00:16:01.239 [AsyncResolver-bootstrap-executor-0] INFO  c.n.d.shared.resolver.aws.ConfigClusterResolver - Resolving eureka endpoints via configuration
2019-03-25 00:21:01.273 [AsyncResolver-bootstrap-executor-0] INFO  c.n.d.shared.resolver.aws.ConfigClusterResolver - Resolving eureka endpoints via configuration
2019-03-25 00:26:01.278 [AsyncResolver-bootstrap-executor-0] INFO  c.n.d.shared.resolver.aws.ConfigClusterResolver - Resolving eureka endpoints via configuration
2019-03-25 00:31:01.284 [AsyncResolver-bootstrap-executor-0] INFO  c.n.d.shared.resolver.aws.ConfigClusterResolver - Resolving eureka endpoints via configuration
2019-03-25 00:36:01.328 [AsyncResolver-bootstrap-executor-0] INFO  c.n.d.shared.resolver.aws.ConfigClusterResolver - Resolving eureka endpoints via configuration
2019-03-25 00:41:01.331 [AsyncResolver-bootstrap-executor-0] INFO  c.n.d.shared.resolver.aws.ConfigClusterResolver - Resolving eureka endpoints via configuration
2019-03-25 00:46:01.342 [AsyncResolver-bootstrap-executor-0] INFO  c.n.d.shared.resolver.aws.ConfigClusterResolver - Resolving eureka endpoints via configuration
2019-03-25 00:51:01.350 [AsyncResolver-bootstrap-executor-0] INFO  c.n.d.shared.resolver.aws.ConfigClusterResolver - Resolving eureka endpoints via configuration
2019-03-25 00:56:01.386 [AsyncResolver-bootstrap-executor-0] INFO  c.n.d.shared.resolver.aws.ConfigClusterResolver - Resolving eureka endpoints via configuration
2019-03-25 01:01:01.388 [AsyncResolver-bootstrap-executor-0] INFO  c.n.d.shared.resolver.aws.ConfigClusterResolver - Resolving eureka endpoints via configuration
2019-03-25 01:06:01.393 [AsyncResolver-bootstrap-executor-0] INFO  c.n.d.shared.resolver.aws.ConfigClusterResolver - Resolving eureka endpoints via configuration
2019-03-25 01:11:01.436 [AsyncResolver-bootstrap-executor-0] INFO  c.n.d.shared.resolver.aws.ConfigClusterResolver - Resolving eureka endpoints via configuration
2019-03-25 01:12:10.356 [Thread-32] INFO  com.netflix.loadbalancer.PollingServerListUpdater - Shutting down the Executor Pool for PollingServerListUpdater
2019-03-25 01:12:10.369 [Thread-20] INFO  o.s.b.w.s.c.AnnotationConfigServletWebServerApplicationContext - Closing org.springframework.boot.web.servlet.context.AnnotationConfigServletWebServerApplicationContext@46044faa: startup date [Sun Mar 24 19:34:14 CST 2019]; parent: org.springframework.context.annotation.AnnotationConfigApplicationContext@6492fab5
2019-03-25 01:12:10.393 [Thread-20] INFO  o.s.c.n.e.serviceregistry.EurekaServiceRegistry - Unregistering application kayle-zuul with eureka with status DOWN
2019-03-25 01:12:10.396 [DiscoveryClient-InstanceInfoReplicator-0] INFO  com.netflix.discovery.DiscoveryClient - DiscoveryClient_KAYLE-ZUUL/10.0.2.11:kayle-zuul:801: registering service...
2019-03-25 01:12:10.411 [DiscoveryClient-InstanceInfoReplicator-0] INFO  com.netflix.discovery.DiscoveryClient - DiscoveryClient_KAYLE-ZUUL/10.0.2.11:kayle-zuul:801 - registration status: 204
2019-03-25 01:12:10.442 [Thread-20] INFO  o.s.context.support.DefaultLifecycleProcessor - Stopping beans in phase 0
2019-03-25 01:12:10.451 [Thread-20] INFO  o.s.cloud.netflix.zuul.ZuulFilterInitializer - Stopping filter initializer
2019-03-25 01:12:10.461 [Thread-20] INFO  o.s.c.a.AnnotationConfigApplicationContext - Closing SpringClientFactory-kayle-web: startup date [Sun Mar 24 19:34:52 CST 2019]; parent: org.springframework.boot.web.servlet.context.AnnotationConfigServletWebServerApplicationContext@46044faa
2019-03-25 01:12:10.470 [Thread-20] INFO  com.netflix.util.concurrent.ShutdownEnabledTimer - Shutdown hook removed for: NFLoadBalancer-PingTimer-kayle-web
2019-03-25 01:12:10.488 [Thread-20] INFO  com.netflix.util.concurrent.ShutdownEnabledTimer - Exception caught (might be ok if at shutdown)
java.lang.IllegalStateException: Shutdown in progress
	at java.lang.ApplicationShutdownHooks.remove(ApplicationShutdownHooks.java:82)
	at java.lang.Runtime.removeShutdownHook(Runtime.java:239)
	at com.netflix.util.concurrent.ShutdownEnabledTimer.cancel(ShutdownEnabledTimer.java:70)
	at com.netflix.loadbalancer.BaseLoadBalancer.cancelPingTask(BaseLoadBalancer.java:613)
	at com.netflix.loadbalancer.BaseLoadBalancer.shutdown(BaseLoadBalancer.java:864)
	at com.netflix.loadbalancer.DynamicServerListLoadBalancer.shutdown(DynamicServerListLoadBalancer.java:285)
	at sun.reflect.NativeMethodAccessorImpl.invoke0(Native Method)
	at sun.reflect.NativeMethodAccessorImpl.invoke(NativeMethodAccessorImpl.java:62)
	at sun.reflect.DelegatingMethodAccessorImpl.invoke(DelegatingMethodAccessorImpl.java:43)
	at java.lang.reflect.Method.invoke(Method.java:498)
	at org.springframework.beans.factory.support.DisposableBeanAdapter.invokeCustomDestroyMethod(DisposableBeanAdapter.java:337)
	at org.springframework.beans.factory.support.DisposableBeanAdapter.destroy(DisposableBeanAdapter.java:271)
	at org.springframework.beans.factory.support.DefaultSingletonBeanRegistry.destroyBean(DefaultSingletonBeanRegistry.java:577)
	at org.springframework.beans.factory.support.DefaultSingletonBeanRegistry.destroySingleton(DefaultSingletonBeanRegistry.java:549)
	at org.springframework.beans.factory.support.DefaultListableBeanFactory.destroySingleton(DefaultListableBeanFactory.java:957)
	at org.springframework.beans.factory.support.DefaultSingletonBeanRegistry.destroySingletons(DefaultSingletonBeanRegistry.java:510)
	at org.springframework.beans.factory.support.DefaultListableBeanFactory.destroySingletons(DefaultListableBeanFactory.java:964)
	at org.springframework.context.support.AbstractApplicationContext.destroyBeans(AbstractApplicationContext.java:1041)
	at org.springframework.context.support.AbstractApplicationContext.doClose(AbstractApplicationContext.java:1017)
	at org.springframework.context.support.AbstractApplicationContext.close(AbstractApplicationContext.java:967)
	at org.springframework.cloud.context.named.NamedContextFactory.destroy(NamedContextFactory.java:76)
	at org.springframework.beans.factory.support.DisposableBeanAdapter.destroy(DisposableBeanAdapter.java:256)
	at org.springframework.beans.factory.support.DefaultSingletonBeanRegistry.destroyBean(DefaultSingletonBeanRegistry.java:577)
	at org.springframework.beans.factory.support.DefaultSingletonBeanRegistry.destroySingleton(DefaultSingletonBeanRegistry.java:549)
	at org.springframework.beans.factory.support.DefaultListableBeanFactory.destroySingleton(DefaultListableBeanFactory.java:957)
	at org.springframework.beans.factory.support.DefaultSingletonBeanRegistry.destroySingletons(DefaultSingletonBeanRegistry.java:510)
	at org.springframework.beans.factory.support.DefaultListableBeanFactory.destroySingletons(DefaultListableBeanFactory.java:964)
	at org.springframework.context.support.AbstractApplicationContext.destroyBeans(AbstractApplicationContext.java:1041)
	at org.springframework.context.support.AbstractApplicationContext.doClose(AbstractApplicationContext.java:1017)
	at org.springframework.context.support.AbstractApplicationContext$1.run(AbstractApplicationContext.java:937)
2019-03-25 01:12:10.517 [Thread-20] INFO  o.s.jmx.export.annotation.AnnotationMBeanExporter - Unregistering JMX-exposed beans on shutdown
2019-03-25 01:12:10.518 [Thread-20] INFO  o.s.jmx.export.annotation.AnnotationMBeanExporter - Unregistering JMX-exposed beans
2019-03-25 01:12:10.586 [Thread-20] INFO  com.netflix.discovery.DiscoveryClient - Shutting down DiscoveryClient ...
2019-03-25 01:12:10.589 [Thread-20] INFO  com.netflix.discovery.DiscoveryClient - Unregistering ...
2019-03-25 01:12:10.601 [Thread-20] INFO  com.netflix.discovery.DiscoveryClient - DiscoveryClient_KAYLE-ZUUL/10.0.2.11:kayle-zuul:801 - deregister  status: 200
2019-03-25 01:12:10.631 [Thread-20] INFO  com.netflix.discovery.DiscoveryClient - Completed shut down of DiscoveryClient
