2019-03-25 11:43:55.752 [main] INFO  o.s.c.a.AnnotationConfigApplicationContext - Refreshing org.springframework.context.annotation.AnnotationConfigApplicationContext@6b7906b3: startup date [Mon Mar 25 11:43:55 CST 2019]; root of context hierarchy
2019-03-25 11:43:55.999 [main] INFO  o.s.b.f.a.AutowiredAnnotationBeanPostProcessor - JSR-330 'javax.inject.Inject' annotation found and supported for autowiring
2019-03-25 11:43:56.030 [main] INFO  o.s.c.s.PostProcessorRegistrationDelegate$BeanPostProcessorChecker - Bean 'configurationPropertiesRebinderAutoConfiguration' of type [org.springframework.cloud.autoconfigure.ConfigurationPropertiesRebinderAutoConfiguration$$EnhancerBySpringCGLIB$$15024255] is not eligible for getting processed by all BeanPostProcessors (for example: not eligible for auto-proxying)
2019-03-25 11:43:56.171 [main] INFO  com.kayle.server.KayleServerApp - No active profile set, falling back to default profiles: default
2019-03-25 11:43:56.182 [main] INFO  o.s.b.w.s.c.AnnotationConfigServletWebServerApplicationContext - Refreshing org.springframework.boot.web.servlet.context.AnnotationConfigServletWebServerApplicationContext@415e0bcb: startup date [Mon Mar 25 11:43:56 CST 2019]; parent: org.springframework.context.annotation.AnnotationConfigApplicationContext@6b7906b3
2019-03-25 11:43:57.147 [main] INFO  o.s.b.factory.support.DefaultListableBeanFactory - Overriding bean definition for bean 'environmentWebEndpointExtension' with a different definition: replacing [Root bean: class [null]; scope=; abstract=false; lazyInit=false; autowireMode=3; dependencyCheck=0; autowireCandidate=true; primary=false; factoryBeanName=org.springframework.boot.actuate.autoconfigure.env.EnvironmentEndpointAutoConfiguration; factoryMethodName=environmentWebEndpointExtension; initMethodName=null; destroyMethodName=(inferred); defined in class path resource [org/springframework/boot/actuate/autoconfigure/env/EnvironmentEndpointAutoConfiguration.class]] with [Root bean: class [null]; scope=; abstract=false; lazyInit=false; autowireMode=3; dependencyCheck=0; autowireCandidate=true; primary=false; factoryBeanName=org.springframework.cloud.autoconfigure.LifecycleMvcEndpointAutoConfiguration$EndpointConfiguration; factoryMethodName=environmentWebEndpointExtension; initMethodName=null; destroyMethodName=(inferred); defined in class path resource [org/springframework/cloud/autoconfigure/LifecycleMvcEndpointAutoConfiguration$EndpointConfiguration.class]]
2019-03-25 11:43:57.447 [main] INFO  o.springframework.cloud.context.scope.GenericScope - BeanFactory id=3c22ddc0-c136-366b-a51b-29dbfa5d540c
2019-03-25 11:43:57.463 [main] INFO  o.s.b.f.a.AutowiredAnnotationBeanPostProcessor - JSR-330 'javax.inject.Inject' annotation found and supported for autowiring
2019-03-25 11:43:57.598 [main] INFO  o.s.c.s.PostProcessorRegistrationDelegate$BeanPostProcessorChecker - Bean 'org.springframework.transaction.annotation.ProxyTransactionManagementConfiguration' of type [org.springframework.transaction.annotation.ProxyTransactionManagementConfiguration$$EnhancerBySpringCGLIB$$f8e83f58] is not eligible for getting processed by all BeanPostProcessors (for example: not eligible for auto-proxying)
2019-03-25 11:43:57.744 [main] INFO  o.s.c.s.PostProcessorRegistrationDelegate$BeanPostProcessorChecker - Bean 'org.springframework.cloud.autoconfigure.ConfigurationPropertiesRebinderAutoConfiguration' of type [org.springframework.cloud.autoconfigure.ConfigurationPropertiesRebinderAutoConfiguration$$EnhancerBySpringCGLIB$$15024255] is not eligible for getting processed by all BeanPostProcessors (for example: not eligible for auto-proxying)
2019-03-25 11:43:58.070 [main] INFO  o.s.boot.web.embedded.tomcat.TomcatWebServer - Tomcat initialized with port(s): 18810 (http)
2019-03-25 11:43:58.157 [main] INFO  org.apache.coyote.http11.Http11NioProtocol - Initializing ProtocolHandler ["http-nio-18810"]
2019-03-25 11:43:58.168 [main] INFO  org.apache.catalina.core.StandardService - Starting service [Tomcat]
2019-03-25 11:43:58.168 [main] INFO  org.apache.catalina.core.StandardEngine - Starting Servlet Engine: Apache Tomcat/8.5.29
2019-03-25 11:43:58.173 [localhost-startStop-1] INFO  org.apache.catalina.core.AprLifecycleListener - The APR based Apache Tomcat Native library which allows optimal performance in production environments was not found on the java.library.path: [/Users/dingzhenxing/Library/Java/Extensions:/Library/Java/Extensions:/Network/Library/Java/Extensions:/System/Library/Java/Extensions:/usr/lib/java:.]
2019-03-25 11:43:58.278 [localhost-startStop-1] INFO  o.a.c.core.ContainerBase.[Tomcat].[localhost].[/] - Initializing Spring embedded WebApplicationContext
2019-03-25 11:43:58.278 [localhost-startStop-1] INFO  org.springframework.web.context.ContextLoader - Root WebApplicationContext: initialization completed in 2096 ms
2019-03-25 11:43:59.476 [localhost-startStop-1] INFO  o.s.boot.web.servlet.ServletRegistrationBean - Servlet dispatcherServlet mapped to [/]
2019-03-25 11:43:59.481 [localhost-startStop-1] INFO  o.s.boot.web.servlet.FilterRegistrationBean - Mapping filter: 'characterEncodingFilter' to: [/*]
2019-03-25 11:43:59.481 [localhost-startStop-1] INFO  o.s.boot.web.servlet.FilterRegistrationBean - Mapping filter: 'hiddenHttpMethodFilter' to: [/*]
2019-03-25 11:43:59.481 [localhost-startStop-1] INFO  o.s.boot.web.servlet.FilterRegistrationBean - Mapping filter: 'httpPutFormContentFilter' to: [/*]
2019-03-25 11:43:59.482 [localhost-startStop-1] INFO  o.s.boot.web.servlet.FilterRegistrationBean - Mapping filter: 'requestContextFilter' to: [/*]
2019-03-25 11:43:59.482 [localhost-startStop-1] INFO  o.s.boot.web.servlet.FilterRegistrationBean - Mapping filter: 'httpTraceFilter' to: [/*]
2019-03-25 11:43:59.482 [localhost-startStop-1] INFO  o.s.boot.web.servlet.FilterRegistrationBean - Mapping filter: 'webMvcMetricsFilter' to: [/*]
2019-03-25 11:43:59.846 [main] INFO  com.netflix.config.sources.URLConfigurationSource - To enable URLs as dynamic configuration sources, define System property archaius.configurationSource.additionalUrls or make config.properties available on classpath.
2019-03-25 11:43:59.854 [main] INFO  com.netflix.config.sources.URLConfigurationSource - To enable URLs as dynamic configuration sources, define System property archaius.configurationSource.additionalUrls or make config.properties available on classpath.
2019-03-25 11:43:59.986 [main] INFO  o.s.web.servlet.handler.SimpleUrlHandlerMapping - Mapped URL path [/**/favicon.ico] onto handler of type [class org.springframework.web.servlet.resource.ResourceHttpRequestHandler]
2019-03-25 11:44:00.281 [main] INFO  o.s.w.s.m.m.a.RequestMappingHandlerAdapter - Looking for @ControllerAdvice: org.springframework.boot.web.servlet.context.AnnotationConfigServletWebServerApplicationContext@415e0bcb: startup date [Mon Mar 25 11:43:56 CST 2019]; parent: org.springframework.context.annotation.AnnotationConfigApplicationContext@6b7906b3
2019-03-25 11:44:00.354 [main] INFO  o.s.w.s.m.m.a.RequestMappingHandlerMapping - Mapped "{[/getApp]}" onto public com.kayle.contract.ApiResult com.kayle.server.app.impl.AppServiceImpl.getApp(com.kayle.contract.app.pojo.AppEntity)
2019-03-25 11:44:00.359 [main] INFO  o.s.w.s.m.m.a.RequestMappingHandlerMapping - Mapped "{[/error]}" onto public org.springframework.http.ResponseEntity<java.util.Map<java.lang.String, java.lang.Object>> org.springframework.boot.autoconfigure.web.servlet.error.BasicErrorController.error(javax.servlet.http.HttpServletRequest)
2019-03-25 11:44:00.360 [main] INFO  o.s.w.s.m.m.a.RequestMappingHandlerMapping - Mapped "{[/error],produces=[text/html]}" onto public org.springframework.web.servlet.ModelAndView org.springframework.boot.autoconfigure.web.servlet.error.BasicErrorController.errorHtml(javax.servlet.http.HttpServletRequest,javax.servlet.http.HttpServletResponse)
2019-03-25 11:44:00.408 [main] INFO  o.s.web.servlet.handler.SimpleUrlHandlerMapping - Mapped URL path [/webjars/**] onto handler of type [class org.springframework.web.servlet.resource.ResourceHttpRequestHandler]
2019-03-25 11:44:00.409 [main] INFO  o.s.web.servlet.handler.SimpleUrlHandlerMapping - Mapped URL path [/**] onto handler of type [class org.springframework.web.servlet.resource.ResourceHttpRequestHandler]
2019-03-25 11:44:00.957 [main] INFO  o.s.ui.freemarker.SpringTemplateLoader - SpringTemplateLoader for FreeMarker: using resource loader [org.springframework.boot.web.servlet.context.AnnotationConfigServletWebServerApplicationContext@415e0bcb: startup date [Mon Mar 25 11:43:56 CST 2019]; parent: org.springframework.context.annotation.AnnotationConfigApplicationContext@6b7906b3] and template loader path [classpath:/templates/]
2019-03-25 11:44:00.958 [main] INFO  o.s.w.servlet.view.freemarker.FreeMarkerConfigurer - ClassTemplateLoader for Spring macros added to FreeMarker configuration
2019-03-25 11:44:01.428 [main] INFO  o.s.b.actuate.endpoint.web.EndpointLinksResolver - Exposing 2 endpoint(s) beneath base path '/actuator'
2019-03-25 11:44:01.440 [main] INFO  o.s.b.a.e.web.servlet.WebMvcEndpointHandlerMapping - Mapped "{[/actuator/health],methods=[GET],produces=[application/vnd.spring-boot.actuator.v2+json || application/json]}" onto public java.lang.Object org.springframework.boot.actuate.endpoint.web.servlet.AbstractWebMvcEndpointHandlerMapping$OperationHandler.handle(javax.servlet.http.HttpServletRequest,java.util.Map<java.lang.String, java.lang.String>)
2019-03-25 11:44:01.441 [main] INFO  o.s.b.a.e.web.servlet.WebMvcEndpointHandlerMapping - Mapped "{[/actuator/info],methods=[GET],produces=[application/vnd.spring-boot.actuator.v2+json || application/json]}" onto public java.lang.Object org.springframework.boot.actuate.endpoint.web.servlet.AbstractWebMvcEndpointHandlerMapping$OperationHandler.handle(javax.servlet.http.HttpServletRequest,java.util.Map<java.lang.String, java.lang.String>)
2019-03-25 11:44:01.441 [main] INFO  o.s.b.a.e.web.servlet.WebMvcEndpointHandlerMapping - Mapped "{[/actuator],methods=[GET],produces=[application/vnd.spring-boot.actuator.v2+json || application/json]}" onto protected java.util.Map<java.lang.String, java.util.Map<java.lang.String, org.springframework.boot.actuate.endpoint.web.Link>> org.springframework.boot.actuate.endpoint.web.servlet.WebMvcEndpointHandlerMapping.links(javax.servlet.http.HttpServletRequest,javax.servlet.http.HttpServletResponse)
2019-03-25 11:44:01.522 [main] INFO  o.s.jmx.export.annotation.AnnotationMBeanExporter - Registering beans for JMX exposure on startup
2019-03-25 11:44:01.524 [main] INFO  o.s.jmx.export.annotation.AnnotationMBeanExporter - Bean with name 'dataSource' has been autodetected for JMX exposure
2019-03-25 11:44:01.538 [main] INFO  o.s.jmx.export.annotation.AnnotationMBeanExporter - Bean with name 'configurationPropertiesRebinder' has been autodetected for JMX exposure
2019-03-25 11:44:01.539 [main] INFO  o.s.jmx.export.annotation.AnnotationMBeanExporter - Bean with name 'environmentManager' has been autodetected for JMX exposure
2019-03-25 11:44:01.540 [main] INFO  o.s.jmx.export.annotation.AnnotationMBeanExporter - Bean with name 'refreshScope' has been autodetected for JMX exposure
2019-03-25 11:44:01.543 [main] INFO  o.s.jmx.export.annotation.AnnotationMBeanExporter - Located managed bean 'environmentManager': registering with JMX server as MBean [org.springframework.cloud.context.environment:name=environmentManager,type=EnvironmentManager]
2019-03-25 11:44:01.551 [main] INFO  o.s.jmx.export.annotation.AnnotationMBeanExporter - Located managed bean 'refreshScope': registering with JMX server as MBean [org.springframework.cloud.context.scope.refresh:name=refreshScope,type=RefreshScope]
2019-03-25 11:44:01.565 [main] INFO  o.s.jmx.export.annotation.AnnotationMBeanExporter - Located managed bean 'configurationPropertiesRebinder': registering with JMX server as MBean [org.springframework.cloud.context.properties:name=configurationPropertiesRebinder,context=415e0bcb,type=ConfigurationPropertiesRebinder]
2019-03-25 11:44:01.571 [main] INFO  o.s.jmx.export.annotation.AnnotationMBeanExporter - Located MBean 'dataSource': registering with JMX server as MBean [com.zaxxer.hikari:name=dataSource,type=HikariDataSource]
2019-03-25 11:44:01.580 [main] INFO  o.s.context.support.DefaultLifecycleProcessor - Starting beans in phase 0
2019-03-25 11:44:01.589 [main] INFO  o.s.cloud.netflix.eureka.InstanceInfoFactory - Setting initial instance status as: STARTING
2019-03-25 11:44:01.663 [main] INFO  com.netflix.discovery.DiscoveryClient - Initializing Eureka in region us-east-1
2019-03-25 11:44:01.916 [main] INFO  c.n.discovery.provider.DiscoveryJerseyProvider - Using JSON encoding codec LegacyJacksonJson
2019-03-25 11:44:01.916 [main] INFO  c.n.discovery.provider.DiscoveryJerseyProvider - Using JSON decoding codec LegacyJacksonJson
2019-03-25 11:44:02.004 [main] INFO  c.n.discovery.provider.DiscoveryJerseyProvider - Using XML encoding codec XStreamXml
2019-03-25 11:44:02.004 [main] INFO  c.n.discovery.provider.DiscoveryJerseyProvider - Using XML decoding codec XStreamXml
2019-03-25 11:44:02.209 [main] INFO  c.n.d.shared.resolver.aws.ConfigClusterResolver - Resolving eureka endpoints via configuration
2019-03-25 11:44:02.227 [main] INFO  com.netflix.discovery.DiscoveryClient - Disable delta property : false
2019-03-25 11:44:02.228 [main] INFO  com.netflix.discovery.DiscoveryClient - Single vip registry refresh property : null
2019-03-25 11:44:02.228 [main] INFO  com.netflix.discovery.DiscoveryClient - Force full registry fetch : false
2019-03-25 11:44:02.228 [main] INFO  com.netflix.discovery.DiscoveryClient - Application is null : false
2019-03-25 11:44:02.228 [main] INFO  com.netflix.discovery.DiscoveryClient - Registered Applications size is zero : true
2019-03-25 11:44:02.228 [main] INFO  com.netflix.discovery.DiscoveryClient - Application version is -1: true
2019-03-25 11:44:02.228 [main] INFO  com.netflix.discovery.DiscoveryClient - Getting all instance registry info from the eureka server
2019-03-25 11:44:02.460 [main] INFO  com.netflix.discovery.DiscoveryClient - The response status is 200
2019-03-25 11:44:02.462 [main] INFO  com.netflix.discovery.DiscoveryClient - Starting heartbeat executor: renew interval is: 1
2019-03-25 11:44:02.464 [main] INFO  com.netflix.discovery.InstanceInfoReplicator - InstanceInfoReplicator onDemand update allowed rate per min is 4
2019-03-25 11:44:02.467 [main] INFO  com.netflix.discovery.DiscoveryClient - Discovery Client initialized at timestamp 1553485442466 with initial instances count: 0
2019-03-25 11:44:02.479 [main] INFO  o.s.c.n.e.serviceregistry.EurekaServiceRegistry - Registering application kayle-server with eureka with status UP
2019-03-25 11:44:02.480 [main] INFO  com.netflix.discovery.DiscoveryClient - Saw local status change event StatusChangeEvent [timestamp=1553485442480, current=UP, previous=STARTING]
2019-03-25 11:44:02.482 [DiscoveryClient-InstanceInfoReplicator-0] INFO  com.netflix.discovery.DiscoveryClient - DiscoveryClient_KAYLE-SERVER/10.97.206.63:kayle-server:18810: registering service...
2019-03-25 11:44:02.500 [main] INFO  org.apache.coyote.http11.Http11NioProtocol - Starting ProtocolHandler ["http-nio-18810"]
2019-03-25 11:44:02.525 [main] INFO  org.apache.tomcat.util.net.NioSelectorPool - Using a shared selector for servlet write/read
2019-03-25 11:44:02.540 [main] INFO  o.s.boot.web.embedded.tomcat.TomcatWebServer - Tomcat started on port(s): 18810 (http) with context path ''
2019-03-25 11:44:02.541 [main] INFO  o.s.c.n.e.s.EurekaAutoServiceRegistration - Updating port to 18810
2019-03-25 11:44:02.545 [main] INFO  com.kayle.server.KayleServerApp - Started KayleServerApp in 7.593 seconds (JVM running for 8.347)
2019-03-25 11:44:02.577 [DiscoveryClient-InstanceInfoReplicator-0] INFO  com.netflix.discovery.DiscoveryClient - DiscoveryClient_KAYLE-SERVER/10.97.206.63:kayle-server:18810 - registration status: 204
2019-03-25 11:44:03.122 [RMI TCP Connection(4)-127.0.0.1] INFO  o.a.c.core.ContainerBase.[Tomcat].[localhost].[/] - Initializing Spring FrameworkServlet 'dispatcherServlet'
2019-03-25 11:44:03.122 [RMI TCP Connection(4)-127.0.0.1] INFO  org.springframework.web.servlet.DispatcherServlet - FrameworkServlet 'dispatcherServlet': initialization started
2019-03-25 11:44:03.123 [RMI TCP Connection(2)-127.0.0.1] INFO  com.zaxxer.hikari.HikariDataSource - HikariPool-1 - Starting...
2019-03-25 11:44:03.146 [RMI TCP Connection(4)-127.0.0.1] INFO  org.springframework.web.servlet.DispatcherServlet - FrameworkServlet 'dispatcherServlet': initialization completed in 24 ms
2019-03-25 11:44:03.471 [RMI TCP Connection(2)-127.0.0.1] INFO  com.zaxxer.hikari.HikariDataSource - HikariPool-1 - Start completed.
2019-03-25 11:44:32.465 [DiscoveryClient-CacheRefreshExecutor-0] INFO  com.netflix.discovery.DiscoveryClient - Disable delta property : false
2019-03-25 11:44:32.467 [DiscoveryClient-CacheRefreshExecutor-0] INFO  com.netflix.discovery.DiscoveryClient - Single vip registry refresh property : null
2019-03-25 11:44:32.468 [DiscoveryClient-CacheRefreshExecutor-0] INFO  com.netflix.discovery.DiscoveryClient - Force full registry fetch : false
2019-03-25 11:44:32.468 [DiscoveryClient-CacheRefreshExecutor-0] INFO  com.netflix.discovery.DiscoveryClient - Application is null : false
2019-03-25 11:44:32.468 [DiscoveryClient-CacheRefreshExecutor-0] INFO  com.netflix.discovery.DiscoveryClient - Registered Applications size is zero : true
2019-03-25 11:44:32.468 [DiscoveryClient-CacheRefreshExecutor-0] INFO  com.netflix.discovery.DiscoveryClient - Application version is -1: false
2019-03-25 11:44:32.468 [DiscoveryClient-CacheRefreshExecutor-0] INFO  com.netflix.discovery.DiscoveryClient - Getting all instance registry info from the eureka server
2019-03-25 11:44:32.512 [DiscoveryClient-CacheRefreshExecutor-0] INFO  com.netflix.discovery.DiscoveryClient - The response status is 200
2019-03-25 11:49:02.228 [AsyncResolver-bootstrap-executor-0] INFO  c.n.d.shared.resolver.aws.ConfigClusterResolver - Resolving eureka endpoints via configuration
2019-03-25 11:54:02.227 [AsyncResolver-bootstrap-executor-0] INFO  c.n.d.shared.resolver.aws.ConfigClusterResolver - Resolving eureka endpoints via configuration
2019-03-25 11:59:02.230 [AsyncResolver-bootstrap-executor-0] INFO  c.n.d.shared.resolver.aws.ConfigClusterResolver - Resolving eureka endpoints via configuration
2019-03-25 12:04:13.224 [DiscoveryClient-HeartbeatExecutor-0] INFO  c.n.d.s.t.decorator.RetryableEurekaHttpClient - Request execution succeeded on retry #1
2019-03-25 12:04:13.225 [DiscoveryClient-HeartbeatExecutor-0] INFO  com.netflix.discovery.DiscoveryClient - DiscoveryClient_KAYLE-SERVER/10.97.206.63:kayle-server:18810 - Re-registering apps/KAYLE-SERVER
2019-03-25 12:04:13.225 [DiscoveryClient-HeartbeatExecutor-0] INFO  com.netflix.discovery.DiscoveryClient - DiscoveryClient_KAYLE-SERVER/10.97.206.63:kayle-server:18810: registering service...
2019-03-25 12:04:13.243 [DiscoveryClient-HeartbeatExecutor-0] INFO  com.netflix.discovery.DiscoveryClient - DiscoveryClient_KAYLE-SERVER/10.97.206.63:kayle-server:18810 - registration status: 204
2019-03-25 12:05:46.997 [AsyncResolver-bootstrap-executor-0] INFO  c.n.d.shared.resolver.aws.ConfigClusterResolver - Resolving eureka endpoints via configuration
2019-03-25 12:10:47.000 [AsyncResolver-bootstrap-executor-0] INFO  c.n.d.shared.resolver.aws.ConfigClusterResolver - Resolving eureka endpoints via configuration
2019-03-25 12:15:47.003 [AsyncResolver-bootstrap-executor-0] INFO  c.n.d.shared.resolver.aws.ConfigClusterResolver - Resolving eureka endpoints via configuration
2019-03-25 12:16:49.952 [Thread-24] INFO  o.s.b.w.s.c.AnnotationConfigServletWebServerApplicationContext - Closing org.springframework.boot.web.servlet.context.AnnotationConfigServletWebServerApplicationContext@415e0bcb: startup date [Mon Mar 25 11:43:56 CST 2019]; parent: org.springframework.context.annotation.AnnotationConfigApplicationContext@6b7906b3
2019-03-25 12:16:49.962 [Thread-24] INFO  o.s.c.n.e.serviceregistry.EurekaServiceRegistry - Unregistering application kayle-server with eureka with status DOWN
2019-03-25 12:16:49.964 [DiscoveryClient-InstanceInfoReplicator-0] INFO  com.netflix.discovery.DiscoveryClient - DiscoveryClient_KAYLE-SERVER/10.97.206.63:kayle-server:18810: registering service...
2019-03-25 12:16:49.971 [DiscoveryClient-InstanceInfoReplicator-0] INFO  com.netflix.discovery.DiscoveryClient - DiscoveryClient_KAYLE-SERVER/10.97.206.63:kayle-server:18810 - registration status: 204
2019-03-25 12:16:49.979 [Thread-24] INFO  o.s.context.support.DefaultLifecycleProcessor - Stopping beans in phase 0
2019-03-25 12:16:49.983 [Thread-24] INFO  o.s.jmx.export.annotation.AnnotationMBeanExporter - Unregistering JMX-exposed beans on shutdown
2019-03-25 12:16:49.984 [Thread-24] INFO  o.s.jmx.export.annotation.AnnotationMBeanExporter - Unregistering JMX-exposed beans
2019-03-25 12:16:49.995 [Thread-24] INFO  com.netflix.discovery.DiscoveryClient - Shutting down DiscoveryClient ...
2019-03-25 12:16:49.995 [Thread-24] INFO  com.netflix.discovery.DiscoveryClient - Unregistering ...
2019-03-25 12:16:50.006 [Thread-24] INFO  com.netflix.discovery.DiscoveryClient - DiscoveryClient_KAYLE-SERVER/10.97.206.63:kayle-server:18810 - deregister  status: 200
2019-03-25 12:16:50.033 [Thread-24] INFO  com.netflix.discovery.DiscoveryClient - Completed shut down of DiscoveryClient
2019-03-25 12:16:50.034 [Thread-24] INFO  com.zaxxer.hikari.HikariDataSource - HikariPool-1 - Shutdown initiated...
2019-03-25 12:16:50.058 [Thread-24] INFO  com.zaxxer.hikari.HikariDataSource - HikariPool-1 - Shutdown completed.
2019-03-25 13:27:52.580 [main] INFO  o.s.c.a.AnnotationConfigApplicationContext - Refreshing org.springframework.context.annotation.AnnotationConfigApplicationContext@12c7a01b: startup date [Mon Mar 25 13:27:52 CST 2019]; root of context hierarchy
2019-03-25 13:27:52.814 [main] INFO  o.s.b.f.a.AutowiredAnnotationBeanPostProcessor - JSR-330 'javax.inject.Inject' annotation found and supported for autowiring
2019-03-25 13:27:52.848 [main] INFO  o.s.c.s.PostProcessorRegistrationDelegate$BeanPostProcessorChecker - Bean 'configurationPropertiesRebinderAutoConfiguration' of type [org.springframework.cloud.autoconfigure.ConfigurationPropertiesRebinderAutoConfiguration$$EnhancerBySpringCGLIB$$aa54d008] is not eligible for getting processed by all BeanPostProcessors (for example: not eligible for auto-proxying)
2019-03-25 13:27:53.005 [main] INFO  com.kayle.server.KayleServerApp - No active profile set, falling back to default profiles: default
2019-03-25 13:27:53.015 [main] INFO  o.s.b.w.s.c.AnnotationConfigServletWebServerApplicationContext - Refreshing org.springframework.boot.web.servlet.context.AnnotationConfigServletWebServerApplicationContext@3f3c966c: startup date [Mon Mar 25 13:27:53 CST 2019]; parent: org.springframework.context.annotation.AnnotationConfigApplicationContext@12c7a01b
2019-03-25 13:27:53.674 [main] INFO  o.s.b.factory.support.DefaultListableBeanFactory - Overriding bean definition for bean 'environmentWebEndpointExtension' with a different definition: replacing [Root bean: class [null]; scope=; abstract=false; lazyInit=false; autowireMode=3; dependencyCheck=0; autowireCandidate=true; primary=false; factoryBeanName=org.springframework.boot.actuate.autoconfigure.env.EnvironmentEndpointAutoConfiguration; factoryMethodName=environmentWebEndpointExtension; initMethodName=null; destroyMethodName=(inferred); defined in class path resource [org/springframework/boot/actuate/autoconfigure/env/EnvironmentEndpointAutoConfiguration.class]] with [Root bean: class [null]; scope=; abstract=false; lazyInit=false; autowireMode=3; dependencyCheck=0; autowireCandidate=true; primary=false; factoryBeanName=org.springframework.cloud.autoconfigure.LifecycleMvcEndpointAutoConfiguration$EndpointConfiguration; factoryMethodName=environmentWebEndpointExtension; initMethodName=null; destroyMethodName=(inferred); defined in class path resource [org/springframework/cloud/autoconfigure/LifecycleMvcEndpointAutoConfiguration$EndpointConfiguration.class]]
2019-03-25 13:27:53.934 [main] INFO  o.springframework.cloud.context.scope.GenericScope - BeanFactory id=3c22ddc0-c136-366b-a51b-29dbfa5d540c
2019-03-25 13:27:53.951 [main] INFO  o.s.b.f.a.AutowiredAnnotationBeanPostProcessor - JSR-330 'javax.inject.Inject' annotation found and supported for autowiring
2019-03-25 13:27:54.091 [main] INFO  o.s.c.s.PostProcessorRegistrationDelegate$BeanPostProcessorChecker - Bean 'org.springframework.transaction.annotation.ProxyTransactionManagementConfiguration' of type [org.springframework.transaction.annotation.ProxyTransactionManagementConfiguration$$EnhancerBySpringCGLIB$$8e3acd0b] is not eligible for getting processed by all BeanPostProcessors (for example: not eligible for auto-proxying)
2019-03-25 13:27:54.239 [main] INFO  o.s.c.s.PostProcessorRegistrationDelegate$BeanPostProcessorChecker - Bean 'org.springframework.cloud.autoconfigure.ConfigurationPropertiesRebinderAutoConfiguration' of type [org.springframework.cloud.autoconfigure.ConfigurationPropertiesRebinderAutoConfiguration$$EnhancerBySpringCGLIB$$aa54d008] is not eligible for getting processed by all BeanPostProcessors (for example: not eligible for auto-proxying)
2019-03-25 13:27:54.584 [main] INFO  o.s.boot.web.embedded.tomcat.TomcatWebServer - Tomcat initialized with port(s): 18810 (http)
2019-03-25 13:27:54.685 [main] INFO  org.apache.coyote.http11.Http11NioProtocol - Initializing ProtocolHandler ["http-nio-18810"]
2019-03-25 13:27:54.701 [main] INFO  org.apache.catalina.core.StandardService - Starting service [Tomcat]
2019-03-25 13:27:54.701 [main] INFO  org.apache.catalina.core.StandardEngine - Starting Servlet Engine: Apache Tomcat/8.5.29
2019-03-25 13:27:54.707 [localhost-startStop-1] INFO  org.apache.catalina.core.AprLifecycleListener - The APR based Apache Tomcat Native library which allows optimal performance in production environments was not found on the java.library.path: [/Users/dingzhenxing/Library/Java/Extensions:/Library/Java/Extensions:/Network/Library/Java/Extensions:/System/Library/Java/Extensions:/usr/lib/java:.]
2019-03-25 13:27:54.819 [localhost-startStop-1] INFO  o.a.c.core.ContainerBase.[Tomcat].[localhost].[/] - Initializing Spring embedded WebApplicationContext
2019-03-25 13:27:54.819 [localhost-startStop-1] INFO  org.springframework.web.context.ContextLoader - Root WebApplicationContext: initialization completed in 1804 ms
2019-03-25 13:27:56.101 [localhost-startStop-1] INFO  o.s.boot.web.servlet.ServletRegistrationBean - Servlet dispatcherServlet mapped to [/]
2019-03-25 13:27:56.105 [localhost-startStop-1] INFO  o.s.boot.web.servlet.FilterRegistrationBean - Mapping filter: 'characterEncodingFilter' to: [/*]
2019-03-25 13:27:56.106 [localhost-startStop-1] INFO  o.s.boot.web.servlet.FilterRegistrationBean - Mapping filter: 'hiddenHttpMethodFilter' to: [/*]
2019-03-25 13:27:56.106 [localhost-startStop-1] INFO  o.s.boot.web.servlet.FilterRegistrationBean - Mapping filter: 'httpPutFormContentFilter' to: [/*]
2019-03-25 13:27:56.106 [localhost-startStop-1] INFO  o.s.boot.web.servlet.FilterRegistrationBean - Mapping filter: 'requestContextFilter' to: [/*]
2019-03-25 13:27:56.106 [localhost-startStop-1] INFO  o.s.boot.web.servlet.FilterRegistrationBean - Mapping filter: 'httpTraceFilter' to: [/*]
2019-03-25 13:27:56.107 [localhost-startStop-1] INFO  o.s.boot.web.servlet.FilterRegistrationBean - Mapping filter: 'webMvcMetricsFilter' to: [/*]
2019-03-25 13:27:56.373 [main] INFO  com.netflix.config.sources.URLConfigurationSource - To enable URLs as dynamic configuration sources, define System property archaius.configurationSource.additionalUrls or make config.properties available on classpath.
2019-03-25 13:27:56.378 [main] INFO  com.netflix.config.sources.URLConfigurationSource - To enable URLs as dynamic configuration sources, define System property archaius.configurationSource.additionalUrls or make config.properties available on classpath.
2019-03-25 13:27:56.526 [main] INFO  o.s.web.servlet.handler.SimpleUrlHandlerMapping - Mapped URL path [/**/favicon.ico] onto handler of type [class org.springframework.web.servlet.resource.ResourceHttpRequestHandler]
2019-03-25 13:27:56.800 [main] INFO  o.s.w.s.m.m.a.RequestMappingHandlerAdapter - Looking for @ControllerAdvice: org.springframework.boot.web.servlet.context.AnnotationConfigServletWebServerApplicationContext@3f3c966c: startup date [Mon Mar 25 13:27:53 CST 2019]; parent: org.springframework.context.annotation.AnnotationConfigApplicationContext@12c7a01b
2019-03-25 13:27:56.860 [main] INFO  o.s.w.s.m.m.a.RequestMappingHandlerMapping - Mapped "{[/getApp]}" onto public com.kayle.contract.ApiResult com.kayle.server.app.impl.AppServiceImpl.getApp(com.kayle.contract.app.pojo.AppEntity)
2019-03-25 13:27:56.863 [main] INFO  o.s.w.s.m.m.a.RequestMappingHandlerMapping - Mapped "{[/error]}" onto public org.springframework.http.ResponseEntity<java.util.Map<java.lang.String, java.lang.Object>> org.springframework.boot.autoconfigure.web.servlet.error.BasicErrorController.error(javax.servlet.http.HttpServletRequest)
2019-03-25 13:27:56.863 [main] INFO  o.s.w.s.m.m.a.RequestMappingHandlerMapping - Mapped "{[/error],produces=[text/html]}" onto public org.springframework.web.servlet.ModelAndView org.springframework.boot.autoconfigure.web.servlet.error.BasicErrorController.errorHtml(javax.servlet.http.HttpServletRequest,javax.servlet.http.HttpServletResponse)
2019-03-25 13:27:56.910 [main] INFO  o.s.web.servlet.handler.SimpleUrlHandlerMapping - Mapped URL path [/webjars/**] onto handler of type [class org.springframework.web.servlet.resource.ResourceHttpRequestHandler]
2019-03-25 13:27:56.911 [main] INFO  o.s.web.servlet.handler.SimpleUrlHandlerMapping - Mapped URL path [/**] onto handler of type [class org.springframework.web.servlet.resource.ResourceHttpRequestHandler]
2019-03-25 13:27:57.406 [main] INFO  o.s.ui.freemarker.SpringTemplateLoader - SpringTemplateLoader for FreeMarker: using resource loader [org.springframework.boot.web.servlet.context.AnnotationConfigServletWebServerApplicationContext@3f3c966c: startup date [Mon Mar 25 13:27:53 CST 2019]; parent: org.springframework.context.annotation.AnnotationConfigApplicationContext@12c7a01b] and template loader path [classpath:/templates/]
2019-03-25 13:27:57.407 [main] INFO  o.s.w.servlet.view.freemarker.FreeMarkerConfigurer - ClassTemplateLoader for Spring macros added to FreeMarker configuration
2019-03-25 13:27:57.804 [main] INFO  o.s.b.actuate.endpoint.web.EndpointLinksResolver - Exposing 2 endpoint(s) beneath base path '/actuator'
2019-03-25 13:27:57.817 [main] INFO  o.s.b.a.e.web.servlet.WebMvcEndpointHandlerMapping - Mapped "{[/actuator/health],methods=[GET],produces=[application/vnd.spring-boot.actuator.v2+json || application/json]}" onto public java.lang.Object org.springframework.boot.actuate.endpoint.web.servlet.AbstractWebMvcEndpointHandlerMapping$OperationHandler.handle(javax.servlet.http.HttpServletRequest,java.util.Map<java.lang.String, java.lang.String>)
2019-03-25 13:27:57.818 [main] INFO  o.s.b.a.e.web.servlet.WebMvcEndpointHandlerMapping - Mapped "{[/actuator/info],methods=[GET],produces=[application/vnd.spring-boot.actuator.v2+json || application/json]}" onto public java.lang.Object org.springframework.boot.actuate.endpoint.web.servlet.AbstractWebMvcEndpointHandlerMapping$OperationHandler.handle(javax.servlet.http.HttpServletRequest,java.util.Map<java.lang.String, java.lang.String>)
2019-03-25 13:27:57.818 [main] INFO  o.s.b.a.e.web.servlet.WebMvcEndpointHandlerMapping - Mapped "{[/actuator],methods=[GET],produces=[application/vnd.spring-boot.actuator.v2+json || application/json]}" onto protected java.util.Map<java.lang.String, java.util.Map<java.lang.String, org.springframework.boot.actuate.endpoint.web.Link>> org.springframework.boot.actuate.endpoint.web.servlet.WebMvcEndpointHandlerMapping.links(javax.servlet.http.HttpServletRequest,javax.servlet.http.HttpServletResponse)
2019-03-25 13:27:57.888 [main] INFO  o.s.jmx.export.annotation.AnnotationMBeanExporter - Registering beans for JMX exposure on startup
2019-03-25 13:27:57.890 [main] INFO  o.s.jmx.export.annotation.AnnotationMBeanExporter - Bean with name 'dataSource' has been autodetected for JMX exposure
2019-03-25 13:27:57.899 [main] INFO  o.s.jmx.export.annotation.AnnotationMBeanExporter - Bean with name 'configurationPropertiesRebinder' has been autodetected for JMX exposure
2019-03-25 13:27:57.900 [main] INFO  o.s.jmx.export.annotation.AnnotationMBeanExporter - Bean with name 'environmentManager' has been autodetected for JMX exposure
2019-03-25 13:27:57.901 [main] INFO  o.s.jmx.export.annotation.AnnotationMBeanExporter - Bean with name 'refreshScope' has been autodetected for JMX exposure
2019-03-25 13:27:57.904 [main] INFO  o.s.jmx.export.annotation.AnnotationMBeanExporter - Located managed bean 'environmentManager': registering with JMX server as MBean [org.springframework.cloud.context.environment:name=environmentManager,type=EnvironmentManager]
2019-03-25 13:27:57.911 [main] INFO  o.s.jmx.export.annotation.AnnotationMBeanExporter - Located managed bean 'refreshScope': registering with JMX server as MBean [org.springframework.cloud.context.scope.refresh:name=refreshScope,type=RefreshScope]
2019-03-25 13:27:57.921 [main] INFO  o.s.jmx.export.annotation.AnnotationMBeanExporter - Located managed bean 'configurationPropertiesRebinder': registering with JMX server as MBean [org.springframework.cloud.context.properties:name=configurationPropertiesRebinder,context=3f3c966c,type=ConfigurationPropertiesRebinder]
2019-03-25 13:27:57.927 [main] INFO  o.s.jmx.export.annotation.AnnotationMBeanExporter - Located MBean 'dataSource': registering with JMX server as MBean [com.zaxxer.hikari:name=dataSource,type=HikariDataSource]
2019-03-25 13:27:57.933 [main] INFO  o.s.context.support.DefaultLifecycleProcessor - Starting beans in phase 0
2019-03-25 13:27:57.941 [main] INFO  o.s.cloud.netflix.eureka.InstanceInfoFactory - Setting initial instance status as: STARTING
2019-03-25 13:27:57.973 [main] INFO  com.netflix.discovery.DiscoveryClient - Initializing Eureka in region us-east-1
2019-03-25 13:27:58.156 [main] INFO  c.n.discovery.provider.DiscoveryJerseyProvider - Using JSON encoding codec LegacyJacksonJson
2019-03-25 13:27:58.156 [main] INFO  c.n.discovery.provider.DiscoveryJerseyProvider - Using JSON decoding codec LegacyJacksonJson
2019-03-25 13:27:58.232 [main] INFO  c.n.discovery.provider.DiscoveryJerseyProvider - Using XML encoding codec XStreamXml
2019-03-25 13:27:58.233 [main] INFO  c.n.discovery.provider.DiscoveryJerseyProvider - Using XML decoding codec XStreamXml
2019-03-25 13:27:58.432 [main] INFO  c.n.d.shared.resolver.aws.ConfigClusterResolver - Resolving eureka endpoints via configuration
2019-03-25 13:27:58.448 [main] INFO  com.netflix.discovery.DiscoveryClient - Disable delta property : false
2019-03-25 13:27:58.448 [main] INFO  com.netflix.discovery.DiscoveryClient - Single vip registry refresh property : null
2019-03-25 13:27:58.448 [main] INFO  com.netflix.discovery.DiscoveryClient - Force full registry fetch : false
2019-03-25 13:27:58.448 [main] INFO  com.netflix.discovery.DiscoveryClient - Application is null : false
2019-03-25 13:27:58.448 [main] INFO  com.netflix.discovery.DiscoveryClient - Registered Applications size is zero : true
2019-03-25 13:27:58.449 [main] INFO  com.netflix.discovery.DiscoveryClient - Application version is -1: true
2019-03-25 13:27:58.449 [main] INFO  com.netflix.discovery.DiscoveryClient - Getting all instance registry info from the eureka server
2019-03-25 13:27:58.587 [main] INFO  com.netflix.discovery.DiscoveryClient - The response status is 200
2019-03-25 13:27:58.589 [main] INFO  com.netflix.discovery.DiscoveryClient - Starting heartbeat executor: renew interval is: 1
2019-03-25 13:27:58.591 [main] INFO  com.netflix.discovery.InstanceInfoReplicator - InstanceInfoReplicator onDemand update allowed rate per min is 4
2019-03-25 13:27:58.594 [main] INFO  com.netflix.discovery.DiscoveryClient - Discovery Client initialized at timestamp 1553491678593 with initial instances count: 0
2019-03-25 13:27:58.607 [main] INFO  o.s.c.n.e.serviceregistry.EurekaServiceRegistry - Registering application kayle-server with eureka with status UP
2019-03-25 13:27:58.608 [main] INFO  com.netflix.discovery.DiscoveryClient - Saw local status change event StatusChangeEvent [timestamp=1553491678608, current=UP, previous=STARTING]
2019-03-25 13:27:58.609 [DiscoveryClient-InstanceInfoReplicator-0] INFO  com.netflix.discovery.DiscoveryClient - DiscoveryClient_KAYLE-SERVER/10.97.206.63:kayle-server:18810: registering service...
2019-03-25 13:27:58.623 [main] INFO  org.apache.coyote.http11.Http11NioProtocol - Starting ProtocolHandler ["http-nio-18810"]
2019-03-25 13:27:58.653 [main] INFO  org.apache.tomcat.util.net.NioSelectorPool - Using a shared selector for servlet write/read
2019-03-25 13:27:58.671 [main] INFO  o.s.boot.web.embedded.tomcat.TomcatWebServer - Tomcat started on port(s): 18810 (http) with context path ''
2019-03-25 13:27:58.672 [main] INFO  o.s.c.n.e.s.EurekaAutoServiceRegistration - Updating port to 18810
2019-03-25 13:27:58.676 [DiscoveryClient-InstanceInfoReplicator-0] INFO  com.netflix.discovery.DiscoveryClient - DiscoveryClient_KAYLE-SERVER/10.97.206.63:kayle-server:18810 - registration status: 204
2019-03-25 13:27:58.676 [main] INFO  com.kayle.server.KayleServerApp - Started KayleServerApp in 6.899 seconds (JVM running for 7.722)
2019-03-25 13:27:58.774 [RMI TCP Connection(2)-127.0.0.1] INFO  o.a.c.core.ContainerBase.[Tomcat].[localhost].[/] - Initializing Spring FrameworkServlet 'dispatcherServlet'
2019-03-25 13:27:58.774 [RMI TCP Connection(2)-127.0.0.1] INFO  org.springframework.web.servlet.DispatcherServlet - FrameworkServlet 'dispatcherServlet': initialization started
2019-03-25 13:27:58.774 [RMI TCP Connection(4)-127.0.0.1] INFO  com.zaxxer.hikari.HikariDataSource - HikariPool-1 - Starting...
2019-03-25 13:27:58.796 [RMI TCP Connection(2)-127.0.0.1] INFO  org.springframework.web.servlet.DispatcherServlet - FrameworkServlet 'dispatcherServlet': initialization completed in 22 ms
2019-03-25 13:27:59.073 [RMI TCP Connection(4)-127.0.0.1] INFO  com.zaxxer.hikari.HikariDataSource - HikariPool-1 - Start completed.
2019-03-25 13:28:25.306 [http-nio-18810-exec-1] INFO  com.kayle.server.aop.KayleServerAspect - 
【操作日志】
【请求方法】:ApiResult com.kayle.server.app.impl.AppServiceImpl.getApp(AppEntity)
【输入参数】:[{"id":0,"appId":0,"appName":"app","memo":null,"buildTime":null}]
2019-03-25 13:28:25.694 [http-nio-18810-exec-1] INFO  com.kayle.server.aop.KayleServerAspect - 
【操作日志】
【请求方法】:ApiResult com.kayle.server.app.impl.AppServiceImpl.getApp(AppEntity)
【输入参数】:[{"id":0,"appId":0,"appName":"app","memo":null,"buildTime":null}]
【返回参数】:{"success":true,"code":200,"message":"success","data":{"id":3,"appId":1000000,"appName":"app_test","memo":"t","buildTime":1553356800000},"stackTrace":null}
2019-03-25 13:28:28.591 [DiscoveryClient-CacheRefreshExecutor-0] INFO  com.netflix.discovery.DiscoveryClient - Disable delta property : false
2019-03-25 13:28:28.591 [DiscoveryClient-CacheRefreshExecutor-0] INFO  com.netflix.discovery.DiscoveryClient - Single vip registry refresh property : null
2019-03-25 13:28:28.591 [DiscoveryClient-CacheRefreshExecutor-0] INFO  com.netflix.discovery.DiscoveryClient - Force full registry fetch : false
2019-03-25 13:28:28.592 [DiscoveryClient-CacheRefreshExecutor-0] INFO  com.netflix.discovery.DiscoveryClient - Application is null : false
2019-03-25 13:28:28.592 [DiscoveryClient-CacheRefreshExecutor-0] INFO  com.netflix.discovery.DiscoveryClient - Registered Applications size is zero : true
2019-03-25 13:28:28.592 [DiscoveryClient-CacheRefreshExecutor-0] INFO  com.netflix.discovery.DiscoveryClient - Application version is -1: false
2019-03-25 13:28:28.592 [DiscoveryClient-CacheRefreshExecutor-0] INFO  com.netflix.discovery.DiscoveryClient - Getting all instance registry info from the eureka server
2019-03-25 13:28:28.634 [DiscoveryClient-CacheRefreshExecutor-0] INFO  com.netflix.discovery.DiscoveryClient - The response status is 200
2019-03-25 13:30:04.968 [http-nio-18810-exec-3] INFO  com.kayle.server.aop.KayleServerAspect - 
【操作日志】
【请求方法】:ApiResult com.kayle.server.app.impl.AppServiceImpl.getApp(AppEntity)
【输入参数】:[{"id":0,"appId":0,"appName":"app","memo":null,"buildTime":null}]
2019-03-25 13:30:04.980 [http-nio-18810-exec-3] INFO  com.kayle.server.aop.KayleServerAspect - 
【操作日志】
【请求方法】:ApiResult com.kayle.server.app.impl.AppServiceImpl.getApp(AppEntity)
【输入参数】:[{"id":0,"appId":0,"appName":"app","memo":null,"buildTime":null}]
【返回参数】:{"success":true,"code":200,"message":"success","data":{"id":3,"appId":1000000,"appName":"app_test","memo":"t","buildTime":1553356800000},"stackTrace":null}
2019-03-25 13:30:12.381 [Thread-22] INFO  o.s.b.w.s.c.AnnotationConfigServletWebServerApplicationContext - Closing org.springframework.boot.web.servlet.context.AnnotationConfigServletWebServerApplicationContext@3f3c966c: startup date [Mon Mar 25 13:27:53 CST 2019]; parent: org.springframework.context.annotation.AnnotationConfigApplicationContext@12c7a01b
2019-03-25 13:30:12.384 [Thread-22] INFO  o.s.c.n.e.serviceregistry.EurekaServiceRegistry - Unregistering application kayle-server with eureka with status DOWN
2019-03-25 13:30:12.385 [DiscoveryClient-InstanceInfoReplicator-0] INFO  com.netflix.discovery.DiscoveryClient - DiscoveryClient_KAYLE-SERVER/10.97.206.63:kayle-server:18810: registering service...
2019-03-25 13:30:12.389 [DiscoveryClient-InstanceInfoReplicator-0] INFO  org.apache.http.impl.client.DefaultHttpClient - I/O exception (java.net.SocketException) caught when processing request to {}->http://localhost:8000: Broken pipe (Write failed)
2019-03-25 13:30:12.389 [DiscoveryClient-InstanceInfoReplicator-0] INFO  org.apache.http.impl.client.DefaultHttpClient - Retrying request to {}->http://localhost:8000
2019-03-25 13:30:12.396 [Thread-22] INFO  o.s.context.support.DefaultLifecycleProcessor - Stopping beans in phase 0
2019-03-25 13:30:12.399 [Thread-22] INFO  o.s.jmx.export.annotation.AnnotationMBeanExporter - Unregistering JMX-exposed beans on shutdown
2019-03-25 13:30:12.400 [Thread-22] INFO  o.s.jmx.export.annotation.AnnotationMBeanExporter - Unregistering JMX-exposed beans
2019-03-25 13:30:12.405 [Thread-22] INFO  com.netflix.discovery.DiscoveryClient - Shutting down DiscoveryClient ...
2019-03-25 13:30:12.405 [Thread-22] INFO  com.netflix.discovery.DiscoveryClient - Unregistering ...
2019-03-25 13:30:14.590 [Thread-22] INFO  org.apache.http.impl.client.DefaultHttpClient - I/O exception (java.net.SocketException) caught when processing request to {}->http://localhost:8000: Connection reset
2019-03-25 13:30:14.590 [Thread-22] INFO  org.apache.http.impl.client.DefaultHttpClient - Retrying request to {}->http://localhost:8000
2019-03-25 13:30:14.612 [Thread-22] INFO  com.netflix.discovery.DiscoveryClient - Completed shut down of DiscoveryClient
2019-03-25 13:30:14.612 [Thread-22] INFO  com.zaxxer.hikari.HikariDataSource - HikariPool-1 - Shutdown initiated...
2019-03-25 13:30:14.623 [Thread-22] INFO  com.zaxxer.hikari.HikariDataSource - HikariPool-1 - Shutdown completed.
2019-03-25 14:21:13.817 [main] INFO  o.s.c.a.AnnotationConfigApplicationContext - Refreshing org.springframework.context.annotation.AnnotationConfigApplicationContext@3e30646a: startup date [Mon Mar 25 14:21:13 CST 2019]; root of context hierarchy
2019-03-25 14:21:14.041 [main] INFO  o.s.b.f.a.AutowiredAnnotationBeanPostProcessor - JSR-330 'javax.inject.Inject' annotation found and supported for autowiring
2019-03-25 14:21:14.076 [main] INFO  o.s.c.s.PostProcessorRegistrationDelegate$BeanPostProcessorChecker - Bean 'configurationPropertiesRebinderAutoConfiguration' of type [org.springframework.cloud.autoconfigure.ConfigurationPropertiesRebinderAutoConfiguration$$EnhancerBySpringCGLIB$$c236688b] is not eligible for getting processed by all BeanPostProcessors (for example: not eligible for auto-proxying)
2019-03-25 14:21:14.230 [main] INFO  com.kayle.server.KayleServerApp - No active profile set, falling back to default profiles: default
2019-03-25 14:21:14.241 [main] INFO  o.s.b.w.s.c.AnnotationConfigServletWebServerApplicationContext - Refreshing org.springframework.boot.web.servlet.context.AnnotationConfigServletWebServerApplicationContext@214894fc: startup date [Mon Mar 25 14:21:14 CST 2019]; parent: org.springframework.context.annotation.AnnotationConfigApplicationContext@3e30646a
2019-03-25 14:21:14.880 [main] INFO  o.s.b.factory.support.DefaultListableBeanFactory - Overriding bean definition for bean 'environmentWebEndpointExtension' with a different definition: replacing [Root bean: class [null]; scope=; abstract=false; lazyInit=false; autowireMode=3; dependencyCheck=0; autowireCandidate=true; primary=false; factoryBeanName=org.springframework.boot.actuate.autoconfigure.env.EnvironmentEndpointAutoConfiguration; factoryMethodName=environmentWebEndpointExtension; initMethodName=null; destroyMethodName=(inferred); defined in class path resource [org/springframework/boot/actuate/autoconfigure/env/EnvironmentEndpointAutoConfiguration.class]] with [Root bean: class [null]; scope=; abstract=false; lazyInit=false; autowireMode=3; dependencyCheck=0; autowireCandidate=true; primary=false; factoryBeanName=org.springframework.cloud.autoconfigure.LifecycleMvcEndpointAutoConfiguration$EndpointConfiguration; factoryMethodName=environmentWebEndpointExtension; initMethodName=null; destroyMethodName=(inferred); defined in class path resource [org/springframework/cloud/autoconfigure/LifecycleMvcEndpointAutoConfiguration$EndpointConfiguration.class]]
2019-03-25 14:21:15.126 [main] INFO  o.springframework.cloud.context.scope.GenericScope - BeanFactory id=3c22ddc0-c136-366b-a51b-29dbfa5d540c
2019-03-25 14:21:15.142 [main] INFO  o.s.b.f.a.AutowiredAnnotationBeanPostProcessor - JSR-330 'javax.inject.Inject' annotation found and supported for autowiring
2019-03-25 14:21:15.277 [main] INFO  o.s.c.s.PostProcessorRegistrationDelegate$BeanPostProcessorChecker - Bean 'org.springframework.transaction.annotation.ProxyTransactionManagementConfiguration' of type [org.springframework.transaction.annotation.ProxyTransactionManagementConfiguration$$EnhancerBySpringCGLIB$$a61c658e] is not eligible for getting processed by all BeanPostProcessors (for example: not eligible for auto-proxying)
2019-03-25 14:21:15.475 [main] INFO  o.s.c.s.PostProcessorRegistrationDelegate$BeanPostProcessorChecker - Bean 'org.springframework.cloud.autoconfigure.ConfigurationPropertiesRebinderAutoConfiguration' of type [org.springframework.cloud.autoconfigure.ConfigurationPropertiesRebinderAutoConfiguration$$EnhancerBySpringCGLIB$$c236688b] is not eligible for getting processed by all BeanPostProcessors (for example: not eligible for auto-proxying)
2019-03-25 14:21:15.761 [main] INFO  o.s.boot.web.embedded.tomcat.TomcatWebServer - Tomcat initialized with port(s): 18810 (http)
2019-03-25 14:21:15.844 [main] INFO  org.apache.coyote.http11.Http11NioProtocol - Initializing ProtocolHandler ["http-nio-18810"]
2019-03-25 14:21:15.854 [main] INFO  org.apache.catalina.core.StandardService - Starting service [Tomcat]
2019-03-25 14:21:15.854 [main] INFO  org.apache.catalina.core.StandardEngine - Starting Servlet Engine: Apache Tomcat/8.5.29
2019-03-25 14:21:15.858 [localhost-startStop-1] INFO  org.apache.catalina.core.AprLifecycleListener - The APR based Apache Tomcat Native library which allows optimal performance in production environments was not found on the java.library.path: [/Users/dingzhenxing/Library/Java/Extensions:/Library/Java/Extensions:/Network/Library/Java/Extensions:/System/Library/Java/Extensions:/usr/lib/java:.]
2019-03-25 14:21:15.954 [localhost-startStop-1] INFO  o.a.c.core.ContainerBase.[Tomcat].[localhost].[/] - Initializing Spring embedded WebApplicationContext
2019-03-25 14:21:15.955 [localhost-startStop-1] INFO  org.springframework.web.context.ContextLoader - Root WebApplicationContext: initialization completed in 1714 ms
2019-03-25 14:21:16.613 [main] INFO  org.apache.catalina.core.StandardService - Stopping service [Tomcat]
2019-03-25 14:21:16.628 [main] INFO  o.s.b.a.l.ConditionEvaluationReportLoggingListener - 

Error starting ApplicationContext. To display the conditions report re-run your application with 'debug' enabled.
2019-03-25 14:21:56.019 [main] INFO  o.s.c.a.AnnotationConfigApplicationContext - Refreshing org.springframework.context.annotation.AnnotationConfigApplicationContext@40844aab: startup date [Mon Mar 25 14:21:56 CST 2019]; root of context hierarchy
2019-03-25 14:21:56.259 [main] INFO  o.s.b.f.a.AutowiredAnnotationBeanPostProcessor - JSR-330 'javax.inject.Inject' annotation found and supported for autowiring
2019-03-25 14:21:56.291 [main] INFO  o.s.c.s.PostProcessorRegistrationDelegate$BeanPostProcessorChecker - Bean 'configurationPropertiesRebinderAutoConfiguration' of type [org.springframework.cloud.autoconfigure.ConfigurationPropertiesRebinderAutoConfiguration$$EnhancerBySpringCGLIB$$1898132] is not eligible for getting processed by all BeanPostProcessors (for example: not eligible for auto-proxying)
2019-03-25 14:21:56.446 [main] INFO  com.kayle.server.KayleServerApp - No active profile set, falling back to default profiles: default
2019-03-25 14:21:56.459 [main] INFO  o.s.b.w.s.c.AnnotationConfigServletWebServerApplicationContext - Refreshing org.springframework.boot.web.servlet.context.AnnotationConfigServletWebServerApplicationContext@4a8b5227: startup date [Mon Mar 25 14:21:56 CST 2019]; parent: org.springframework.context.annotation.AnnotationConfigApplicationContext@40844aab
2019-03-25 14:21:57.055 [main] INFO  o.s.b.factory.support.DefaultListableBeanFactory - Overriding bean definition for bean 'environmentWebEndpointExtension' with a different definition: replacing [Root bean: class [null]; scope=; abstract=false; lazyInit=false; autowireMode=3; dependencyCheck=0; autowireCandidate=true; primary=false; factoryBeanName=org.springframework.boot.actuate.autoconfigure.env.EnvironmentEndpointAutoConfiguration; factoryMethodName=environmentWebEndpointExtension; initMethodName=null; destroyMethodName=(inferred); defined in class path resource [org/springframework/boot/actuate/autoconfigure/env/EnvironmentEndpointAutoConfiguration.class]] with [Root bean: class [null]; scope=; abstract=false; lazyInit=false; autowireMode=3; dependencyCheck=0; autowireCandidate=true; primary=false; factoryBeanName=org.springframework.cloud.autoconfigure.LifecycleMvcEndpointAutoConfiguration$EndpointConfiguration; factoryMethodName=environmentWebEndpointExtension; initMethodName=null; destroyMethodName=(inferred); defined in class path resource [org/springframework/cloud/autoconfigure/LifecycleMvcEndpointAutoConfiguration$EndpointConfiguration.class]]
2019-03-25 14:21:57.315 [main] INFO  o.springframework.cloud.context.scope.GenericScope - BeanFactory id=3c22ddc0-c136-366b-a51b-29dbfa5d540c
2019-03-25 14:21:57.331 [main] INFO  o.s.b.f.a.AutowiredAnnotationBeanPostProcessor - JSR-330 'javax.inject.Inject' annotation found and supported for autowiring
2019-03-25 14:21:57.452 [main] INFO  o.s.c.s.PostProcessorRegistrationDelegate$BeanPostProcessorChecker - Bean 'org.springframework.transaction.annotation.ProxyTransactionManagementConfiguration' of type [org.springframework.transaction.annotation.ProxyTransactionManagementConfiguration$$EnhancerBySpringCGLIB$$e56f7e35] is not eligible for getting processed by all BeanPostProcessors (for example: not eligible for auto-proxying)
2019-03-25 14:21:57.563 [main] INFO  o.s.c.s.PostProcessorRegistrationDelegate$BeanPostProcessorChecker - Bean 'org.springframework.cloud.autoconfigure.ConfigurationPropertiesRebinderAutoConfiguration' of type [org.springframework.cloud.autoconfigure.ConfigurationPropertiesRebinderAutoConfiguration$$EnhancerBySpringCGLIB$$1898132] is not eligible for getting processed by all BeanPostProcessors (for example: not eligible for auto-proxying)
2019-03-25 14:21:57.858 [main] INFO  o.s.boot.web.embedded.tomcat.TomcatWebServer - Tomcat initialized with port(s): 18810 (http)
2019-03-25 14:21:57.939 [main] INFO  org.apache.coyote.http11.Http11NioProtocol - Initializing ProtocolHandler ["http-nio-18810"]
2019-03-25 14:21:57.951 [main] INFO  org.apache.catalina.core.StandardService - Starting service [Tomcat]
2019-03-25 14:21:57.951 [main] INFO  org.apache.catalina.core.StandardEngine - Starting Servlet Engine: Apache Tomcat/8.5.29
2019-03-25 14:21:57.956 [localhost-startStop-1] INFO  org.apache.catalina.core.AprLifecycleListener - The APR based Apache Tomcat Native library which allows optimal performance in production environments was not found on the java.library.path: [/Users/dingzhenxing/Library/Java/Extensions:/Library/Java/Extensions:/Network/Library/Java/Extensions:/System/Library/Java/Extensions:/usr/lib/java:.]
2019-03-25 14:21:58.054 [localhost-startStop-1] INFO  o.a.c.core.ContainerBase.[Tomcat].[localhost].[/] - Initializing Spring embedded WebApplicationContext
2019-03-25 14:21:58.054 [localhost-startStop-1] INFO  org.springframework.web.context.ContextLoader - Root WebApplicationContext: initialization completed in 1595 ms
2019-03-25 14:21:59.215 [localhost-startStop-1] INFO  o.s.boot.web.servlet.ServletRegistrationBean - Servlet dispatcherServlet mapped to [/]
2019-03-25 14:21:59.219 [localhost-startStop-1] INFO  o.s.boot.web.servlet.FilterRegistrationBean - Mapping filter: 'characterEncodingFilter' to: [/*]
2019-03-25 14:21:59.220 [localhost-startStop-1] INFO  o.s.boot.web.servlet.FilterRegistrationBean - Mapping filter: 'hiddenHttpMethodFilter' to: [/*]
2019-03-25 14:21:59.220 [localhost-startStop-1] INFO  o.s.boot.web.servlet.FilterRegistrationBean - Mapping filter: 'httpPutFormContentFilter' to: [/*]
2019-03-25 14:21:59.220 [localhost-startStop-1] INFO  o.s.boot.web.servlet.FilterRegistrationBean - Mapping filter: 'requestContextFilter' to: [/*]
2019-03-25 14:21:59.220 [localhost-startStop-1] INFO  o.s.boot.web.servlet.FilterRegistrationBean - Mapping filter: 'httpTraceFilter' to: [/*]
2019-03-25 14:21:59.221 [localhost-startStop-1] INFO  o.s.boot.web.servlet.FilterRegistrationBean - Mapping filter: 'webMvcMetricsFilter' to: [/*]
2019-03-25 14:21:59.519 [main] INFO  com.netflix.config.sources.URLConfigurationSource - To enable URLs as dynamic configuration sources, define System property archaius.configurationSource.additionalUrls or make config.properties available on classpath.
2019-03-25 14:21:59.523 [main] INFO  com.netflix.config.sources.URLConfigurationSource - To enable URLs as dynamic configuration sources, define System property archaius.configurationSource.additionalUrls or make config.properties available on classpath.
2019-03-25 14:21:59.640 [main] INFO  o.s.web.servlet.handler.SimpleUrlHandlerMapping - Mapped URL path [/**/favicon.ico] onto handler of type [class org.springframework.web.servlet.resource.ResourceHttpRequestHandler]
2019-03-25 14:21:59.907 [main] INFO  o.s.w.s.m.m.a.RequestMappingHandlerAdapter - Looking for @ControllerAdvice: org.springframework.boot.web.servlet.context.AnnotationConfigServletWebServerApplicationContext@4a8b5227: startup date [Mon Mar 25 14:21:56 CST 2019]; parent: org.springframework.context.annotation.AnnotationConfigApplicationContext@40844aab
2019-03-25 14:21:59.967 [main] INFO  o.s.w.s.m.m.a.RequestMappingHandlerMapping - Mapped "{[/getApp]}" onto public com.kayle.contract.ApiResult com.kayle.server.app.impl.AppServiceImpl.getApp(com.kayle.contract.app.pojo.AppEntity)
2019-03-25 14:21:59.970 [main] INFO  o.s.w.s.m.m.a.RequestMappingHandlerMapping - Mapped "{[/error]}" onto public org.springframework.http.ResponseEntity<java.util.Map<java.lang.String, java.lang.Object>> org.springframework.boot.autoconfigure.web.servlet.error.BasicErrorController.error(javax.servlet.http.HttpServletRequest)
2019-03-25 14:21:59.971 [main] INFO  o.s.w.s.m.m.a.RequestMappingHandlerMapping - Mapped "{[/error],produces=[text/html]}" onto public org.springframework.web.servlet.ModelAndView org.springframework.boot.autoconfigure.web.servlet.error.BasicErrorController.errorHtml(javax.servlet.http.HttpServletRequest,javax.servlet.http.HttpServletResponse)
2019-03-25 14:22:00.019 [main] INFO  o.s.web.servlet.handler.SimpleUrlHandlerMapping - Mapped URL path [/webjars/**] onto handler of type [class org.springframework.web.servlet.resource.ResourceHttpRequestHandler]
2019-03-25 14:22:00.019 [main] INFO  o.s.web.servlet.handler.SimpleUrlHandlerMapping - Mapped URL path [/**] onto handler of type [class org.springframework.web.servlet.resource.ResourceHttpRequestHandler]
2019-03-25 14:22:00.522 [main] INFO  o.s.ui.freemarker.SpringTemplateLoader - SpringTemplateLoader for FreeMarker: using resource loader [org.springframework.boot.web.servlet.context.AnnotationConfigServletWebServerApplicationContext@4a8b5227: startup date [Mon Mar 25 14:21:56 CST 2019]; parent: org.springframework.context.annotation.AnnotationConfigApplicationContext@40844aab] and template loader path [classpath:/templates/]
2019-03-25 14:22:00.523 [main] INFO  o.s.w.servlet.view.freemarker.FreeMarkerConfigurer - ClassTemplateLoader for Spring macros added to FreeMarker configuration
2019-03-25 14:22:00.951 [main] INFO  o.s.b.actuate.endpoint.web.EndpointLinksResolver - Exposing 2 endpoint(s) beneath base path '/actuator'
2019-03-25 14:22:00.963 [main] INFO  o.s.b.a.e.web.servlet.WebMvcEndpointHandlerMapping - Mapped "{[/actuator/health],methods=[GET],produces=[application/vnd.spring-boot.actuator.v2+json || application/json]}" onto public java.lang.Object org.springframework.boot.actuate.endpoint.web.servlet.AbstractWebMvcEndpointHandlerMapping$OperationHandler.handle(javax.servlet.http.HttpServletRequest,java.util.Map<java.lang.String, java.lang.String>)
2019-03-25 14:22:00.964 [main] INFO  o.s.b.a.e.web.servlet.WebMvcEndpointHandlerMapping - Mapped "{[/actuator/info],methods=[GET],produces=[application/vnd.spring-boot.actuator.v2+json || application/json]}" onto public java.lang.Object org.springframework.boot.actuate.endpoint.web.servlet.AbstractWebMvcEndpointHandlerMapping$OperationHandler.handle(javax.servlet.http.HttpServletRequest,java.util.Map<java.lang.String, java.lang.String>)
2019-03-25 14:22:00.965 [main] INFO  o.s.b.a.e.web.servlet.WebMvcEndpointHandlerMapping - Mapped "{[/actuator],methods=[GET],produces=[application/vnd.spring-boot.actuator.v2+json || application/json]}" onto protected java.util.Map<java.lang.String, java.util.Map<java.lang.String, org.springframework.boot.actuate.endpoint.web.Link>> org.springframework.boot.actuate.endpoint.web.servlet.WebMvcEndpointHandlerMapping.links(javax.servlet.http.HttpServletRequest,javax.servlet.http.HttpServletResponse)
2019-03-25 14:22:01.032 [main] INFO  o.s.jmx.export.annotation.AnnotationMBeanExporter - Registering beans for JMX exposure on startup
2019-03-25 14:22:01.034 [main] INFO  o.s.jmx.export.annotation.AnnotationMBeanExporter - Bean with name 'dataSource' has been autodetected for JMX exposure
2019-03-25 14:22:01.043 [main] INFO  o.s.jmx.export.annotation.AnnotationMBeanExporter - Bean with name 'configurationPropertiesRebinder' has been autodetected for JMX exposure
2019-03-25 14:22:01.044 [main] INFO  o.s.jmx.export.annotation.AnnotationMBeanExporter - Bean with name 'environmentManager' has been autodetected for JMX exposure
2019-03-25 14:22:01.045 [main] INFO  o.s.jmx.export.annotation.AnnotationMBeanExporter - Bean with name 'refreshScope' has been autodetected for JMX exposure
2019-03-25 14:22:01.047 [main] INFO  o.s.jmx.export.annotation.AnnotationMBeanExporter - Located managed bean 'environmentManager': registering with JMX server as MBean [org.springframework.cloud.context.environment:name=environmentManager,type=EnvironmentManager]
2019-03-25 14:22:01.054 [main] INFO  o.s.jmx.export.annotation.AnnotationMBeanExporter - Located managed bean 'refreshScope': registering with JMX server as MBean [org.springframework.cloud.context.scope.refresh:name=refreshScope,type=RefreshScope]
2019-03-25 14:22:01.064 [main] INFO  o.s.jmx.export.annotation.AnnotationMBeanExporter - Located managed bean 'configurationPropertiesRebinder': registering with JMX server as MBean [org.springframework.cloud.context.properties:name=configurationPropertiesRebinder,context=4a8b5227,type=ConfigurationPropertiesRebinder]
2019-03-25 14:22:01.069 [main] INFO  o.s.jmx.export.annotation.AnnotationMBeanExporter - Located MBean 'dataSource': registering with JMX server as MBean [com.zaxxer.hikari:name=dataSource,type=HikariDataSource]
2019-03-25 14:22:01.075 [main] INFO  o.s.context.support.DefaultLifecycleProcessor - Starting beans in phase 0
2019-03-25 14:22:01.082 [main] INFO  o.s.cloud.netflix.eureka.InstanceInfoFactory - Setting initial instance status as: STARTING
2019-03-25 14:22:01.113 [main] INFO  com.netflix.discovery.DiscoveryClient - Initializing Eureka in region us-east-1
2019-03-25 14:22:01.293 [main] INFO  c.n.discovery.provider.DiscoveryJerseyProvider - Using JSON encoding codec LegacyJacksonJson
2019-03-25 14:22:01.293 [main] INFO  c.n.discovery.provider.DiscoveryJerseyProvider - Using JSON decoding codec LegacyJacksonJson
2019-03-25 14:22:01.367 [main] INFO  c.n.discovery.provider.DiscoveryJerseyProvider - Using XML encoding codec XStreamXml
2019-03-25 14:22:01.368 [main] INFO  c.n.discovery.provider.DiscoveryJerseyProvider - Using XML decoding codec XStreamXml
2019-03-25 14:22:01.539 [main] INFO  c.n.d.shared.resolver.aws.ConfigClusterResolver - Resolving eureka endpoints via configuration
2019-03-25 14:22:01.555 [main] INFO  com.netflix.discovery.DiscoveryClient - Disable delta property : false
2019-03-25 14:22:01.555 [main] INFO  com.netflix.discovery.DiscoveryClient - Single vip registry refresh property : null
2019-03-25 14:22:01.555 [main] INFO  com.netflix.discovery.DiscoveryClient - Force full registry fetch : false
2019-03-25 14:22:01.556 [main] INFO  com.netflix.discovery.DiscoveryClient - Application is null : false
2019-03-25 14:22:01.556 [main] INFO  com.netflix.discovery.DiscoveryClient - Registered Applications size is zero : true
2019-03-25 14:22:01.556 [main] INFO  com.netflix.discovery.DiscoveryClient - Application version is -1: true
2019-03-25 14:22:01.556 [main] INFO  com.netflix.discovery.DiscoveryClient - Getting all instance registry info from the eureka server
2019-03-25 14:22:01.726 [main] INFO  com.netflix.discovery.DiscoveryClient - The response status is 200
2019-03-25 14:22:01.728 [main] INFO  com.netflix.discovery.DiscoveryClient - Starting heartbeat executor: renew interval is: 1
2019-03-25 14:22:01.730 [main] INFO  com.netflix.discovery.InstanceInfoReplicator - InstanceInfoReplicator onDemand update allowed rate per min is 4
2019-03-25 14:22:01.733 [main] INFO  com.netflix.discovery.DiscoveryClient - Discovery Client initialized at timestamp 1553494921732 with initial instances count: 1
2019-03-25 14:22:01.743 [main] INFO  o.s.c.n.e.serviceregistry.EurekaServiceRegistry - Registering application kayle-server with eureka with status UP
2019-03-25 14:22:01.744 [main] INFO  com.netflix.discovery.DiscoveryClient - Saw local status change event StatusChangeEvent [timestamp=1553494921744, current=UP, previous=STARTING]
2019-03-25 14:22:01.746 [DiscoveryClient-InstanceInfoReplicator-0] INFO  com.netflix.discovery.DiscoveryClient - DiscoveryClient_KAYLE-SERVER/10.97.206.63:kayle-server:18810: registering service...
2019-03-25 14:22:01.762 [main] INFO  org.apache.coyote.http11.Http11NioProtocol - Starting ProtocolHandler ["http-nio-18810"]
2019-03-25 14:22:01.788 [main] INFO  org.apache.tomcat.util.net.NioSelectorPool - Using a shared selector for servlet write/read
2019-03-25 14:22:01.793 [DiscoveryClient-InstanceInfoReplicator-0] INFO  com.netflix.discovery.DiscoveryClient - DiscoveryClient_KAYLE-SERVER/10.97.206.63:kayle-server:18810 - registration status: 204
2019-03-25 14:22:01.804 [main] INFO  o.s.boot.web.embedded.tomcat.TomcatWebServer - Tomcat started on port(s): 18810 (http) with context path ''
2019-03-25 14:22:01.805 [main] INFO  o.s.c.n.e.s.EurekaAutoServiceRegistration - Updating port to 18810
2019-03-25 14:22:01.808 [main] INFO  com.kayle.server.KayleServerApp - Started KayleServerApp in 6.48 seconds (JVM running for 7.179)
2019-03-25 14:22:01.923 [RMI TCP Connection(4)-127.0.0.1] INFO  o.a.c.core.ContainerBase.[Tomcat].[localhost].[/] - Initializing Spring FrameworkServlet 'dispatcherServlet'
2019-03-25 14:22:01.924 [RMI TCP Connection(4)-127.0.0.1] INFO  org.springframework.web.servlet.DispatcherServlet - FrameworkServlet 'dispatcherServlet': initialization started
2019-03-25 14:22:01.925 [RMI TCP Connection(2)-127.0.0.1] INFO  com.zaxxer.hikari.HikariDataSource - HikariPool-1 - Starting...
2019-03-25 14:22:01.942 [RMI TCP Connection(4)-127.0.0.1] INFO  org.springframework.web.servlet.DispatcherServlet - FrameworkServlet 'dispatcherServlet': initialization completed in 18 ms
2019-03-25 14:22:02.246 [RMI TCP Connection(2)-127.0.0.1] INFO  com.zaxxer.hikari.HikariDataSource - HikariPool-1 - Start completed.
2019-03-25 14:23:07.038 [http-nio-18810-exec-1] INFO  com.kayle.server.aop.KayleServerAspect - 
【操作日志】
【请求方法】:ApiResult com.kayle.server.app.impl.AppServiceImpl.getApp(AppEntity)
【输入参数】:[{"id":0,"appId":0,"appName":"app","memo":null,"buildTime":null}]
2019-03-25 14:23:07.127 [http-nio-18810-exec-1] INFO  com.kayle.server.aop.KayleServerAspect - 
【操作日志】
【请求方法】:ApiResult com.kayle.server.app.impl.AppServiceImpl.getApp(AppEntity)
【输入参数】:[{"id":0,"appId":0,"appName":"app","memo":null,"buildTime":null}]
【返回参数】:{"success":true,"code":200,"message":"success","data":{"id":3,"appId":1000000,"appName":"app_test","memo":"t","buildTime":1553356800000},"stackTrace":null}
2019-03-25 14:23:11.009 [http-nio-18810-exec-2] INFO  com.kayle.server.aop.KayleServerAspect - 
【操作日志】
【请求方法】:ApiResult com.kayle.server.app.impl.AppServiceImpl.getApp(AppEntity)
【输入参数】:[{"id":0,"appId":0,"appName":"app","memo":null,"buildTime":null}]
2019-03-25 14:23:11.013 [http-nio-18810-exec-2] INFO  com.kayle.server.aop.KayleServerAspect - 
【操作日志】
【请求方法】:ApiResult com.kayle.server.app.impl.AppServiceImpl.getApp(AppEntity)
【输入参数】:[{"id":0,"appId":0,"appName":"app","memo":null,"buildTime":null}]
【返回参数】:{"success":true,"code":200,"message":"success","data":{"id":3,"appId":1000000,"appName":"app_test","memo":"t","buildTime":1553356800000},"stackTrace":null}
2019-03-25 14:23:38.582 [DiscoveryClient-HeartbeatExecutor-0] INFO  c.n.d.s.t.decorator.RetryableEurekaHttpClient - Request execution succeeded on retry #2
2019-03-25 14:23:38.582 [DiscoveryClient-HeartbeatExecutor-0] INFO  com.netflix.discovery.DiscoveryClient - DiscoveryClient_KAYLE-SERVER/10.97.206.63:kayle-server:18810 - Re-registering apps/KAYLE-SERVER
2019-03-25 14:23:38.582 [DiscoveryClient-HeartbeatExecutor-0] INFO  com.netflix.discovery.DiscoveryClient - DiscoveryClient_KAYLE-SERVER/10.97.206.63:kayle-server:18810: registering service...
2019-03-25 14:23:38.589 [DiscoveryClient-HeartbeatExecutor-0] INFO  com.netflix.discovery.DiscoveryClient - DiscoveryClient_KAYLE-SERVER/10.97.206.63:kayle-server:18810 - registration status: 204
2019-03-25 14:23:52.645 [http-nio-18810-exec-4] INFO  com.kayle.server.aop.KayleServerAspect - 
【操作日志】
【请求方法】:ApiResult com.kayle.server.app.impl.AppServiceImpl.getApp(AppEntity)
【输入参数】:[{"id":0,"appId":0,"appName":"app","memo":null,"buildTime":null}]
2019-03-25 14:23:52.652 [http-nio-18810-exec-4] INFO  com.kayle.server.aop.KayleServerAspect - 
【操作日志】
【请求方法】:ApiResult com.kayle.server.app.impl.AppServiceImpl.getApp(AppEntity)
【输入参数】:[{"id":0,"appId":0,"appName":"app","memo":null,"buildTime":null}]
【返回参数】:{"success":true,"code":200,"message":"success","data":{"id":3,"appId":1000000,"appName":"app_test","memo":"t","buildTime":1553356800000},"stackTrace":null}
2019-03-25 14:23:54.183 [http-nio-18810-exec-5] INFO  com.kayle.server.aop.KayleServerAspect - 
【操作日志】
【请求方法】:ApiResult com.kayle.server.app.impl.AppServiceImpl.getApp(AppEntity)
【输入参数】:[{"id":0,"appId":0,"appName":"app","memo":null,"buildTime":null}]
2019-03-25 14:23:54.187 [http-nio-18810-exec-5] INFO  com.kayle.server.aop.KayleServerAspect - 
【操作日志】
【请求方法】:ApiResult com.kayle.server.app.impl.AppServiceImpl.getApp(AppEntity)
【输入参数】:[{"id":0,"appId":0,"appName":"app","memo":null,"buildTime":null}]
【返回参数】:{"success":true,"code":200,"message":"success","data":{"id":3,"appId":1000000,"appName":"app_test","memo":"t","buildTime":1553356800000},"stackTrace":null}
2019-03-25 14:24:01.789 [DiscoveryClient-CacheRefreshExecutor-0] INFO  c.n.d.s.t.decorator.RetryableEurekaHttpClient - Request execution succeeded on retry #2
2019-03-25 14:24:48.720 [Thread-21] INFO  o.s.b.w.s.c.AnnotationConfigServletWebServerApplicationContext - Closing org.springframework.boot.web.servlet.context.AnnotationConfigServletWebServerApplicationContext@4a8b5227: startup date [Mon Mar 25 14:21:56 CST 2019]; parent: org.springframework.context.annotation.AnnotationConfigApplicationContext@40844aab
2019-03-25 14:24:48.729 [Thread-21] INFO  o.s.c.n.e.serviceregistry.EurekaServiceRegistry - Unregistering application kayle-server with eureka with status DOWN
2019-03-25 14:24:48.732 [DiscoveryClient-InstanceInfoReplicator-0] INFO  com.netflix.discovery.DiscoveryClient - DiscoveryClient_KAYLE-SERVER/10.97.206.63:kayle-server:18810: registering service...
2019-03-25 14:24:48.764 [DiscoveryClient-InstanceInfoReplicator-0] INFO  com.netflix.discovery.DiscoveryClient - DiscoveryClient_KAYLE-SERVER/10.97.206.63:kayle-server:18810 - registration status: 204
2019-03-25 14:24:48.766 [Thread-21] INFO  o.s.context.support.DefaultLifecycleProcessor - Stopping beans in phase 0
2019-03-25 14:24:48.770 [Thread-21] INFO  o.s.jmx.export.annotation.AnnotationMBeanExporter - Unregistering JMX-exposed beans on shutdown
2019-03-25 14:24:48.771 [Thread-21] INFO  o.s.jmx.export.annotation.AnnotationMBeanExporter - Unregistering JMX-exposed beans
2019-03-25 14:24:48.787 [Thread-21] INFO  com.netflix.discovery.DiscoveryClient - Shutting down DiscoveryClient ...
2019-03-25 14:24:48.787 [Thread-21] INFO  com.netflix.discovery.DiscoveryClient - Unregistering ...
2019-03-25 14:24:48.802 [Thread-21] INFO  com.netflix.discovery.DiscoveryClient - DiscoveryClient_KAYLE-SERVER/10.97.206.63:kayle-server:18810 - deregister  status: 200
2019-03-25 14:24:48.820 [Thread-21] INFO  com.netflix.discovery.DiscoveryClient - Completed shut down of DiscoveryClient
2019-03-25 14:24:48.821 [Thread-21] INFO  com.zaxxer.hikari.HikariDataSource - HikariPool-1 - Shutdown initiated...
2019-03-25 14:24:48.837 [Thread-21] INFO  com.zaxxer.hikari.HikariDataSource - HikariPool-1 - Shutdown completed.
