2019-03-25 13:28:08.846 [localhost-startStop-1] WARN  com.netflix.config.sources.URLConfigurationSource - No URLs will be polled as dynamic configuration sources.
2019-03-25 13:28:09.251 [main] WARN  com.netflix.config.sources.URLConfigurationSource - No URLs will be polled as dynamic configuration sources.
2019-03-25 13:28:24.582 [http-nio-18800-exec-2] WARN  com.kayle.web.filter.TokenAuthorFilter - ======>  TokenAuthorFilter  doFilter : start!
2019-03-25 13:28:24.601 [http-nio-18800-exec-2] WARN  com.kayle.web.filter.SimpleFilter - ======>  SimpleFilter  doFilter : start!
2019-03-25 13:28:25.802 [http-nio-18800-exec-2] WARN  com.kayle.web.filter.SimpleFilter - ======>  SimpleFilter  doFilter : end!
2019-03-25 13:28:25.808 [http-nio-18800-exec-2] WARN  com.kayle.web.filter.TokenAuthorFilter - ======>  TokenAuthorFilter  doFilter : end!  responseBody : {"success":true,"code":200,"message":"success","data":{"id":3,"appId":1000000,"appName":"app_test","memo":"t","buildTime":"2019-03-23T16:00:00.000+0000"},"stackTrace":null}
2019-03-25 13:30:04.942 [http-nio-18800-exec-4] WARN  com.kayle.web.filter.TokenAuthorFilter - ======>  TokenAuthorFilter  doFilter : start!
2019-03-25 13:30:04.946 [http-nio-18800-exec-4] WARN  com.kayle.web.filter.SimpleFilter - ======>  SimpleFilter  doFilter : start!
2019-03-25 13:30:04.988 [http-nio-18800-exec-4] WARN  com.kayle.web.filter.SimpleFilter - ======>  SimpleFilter  doFilter : end!
2019-03-25 13:30:04.989 [http-nio-18800-exec-4] WARN  com.kayle.web.filter.TokenAuthorFilter - ======>  TokenAuthorFilter  doFilter : end!  responseBody : {"success":true,"code":200,"message":"success","data":{"id":3,"appId":1000000,"appName":"app_test","memo":"t","buildTime":"2019-03-23T16:00:00.000+0000"},"stackTrace":null}
2019-03-25 13:30:12.430 [Thread-20] WARN  com.netflix.discovery.DiscoveryClient - Saw local status change event StatusChangeEvent [timestamp=1553491812430, current=DOWN, previous=UP]
2019-03-25 13:30:12.444 [DiscoveryClient-InstanceInfoReplicator-0] WARN  c.n.d.s.t.decorator.RetryableEurekaHttpClient - Request execution failed with message: org.apache.http.client.ClientProtocolException
2019-03-25 13:30:12.461 [Thread-20] WARN  com.netflix.config.sources.URLConfigurationSource - No URLs will be polled as dynamic configuration sources.
2019-03-25 13:30:14.592 [DiscoveryClient-InstanceInfoReplicator-0] WARN  c.n.d.s.t.decorator.RetryableEurekaHttpClient - Request execution failed with message: java.net.SocketException: Connection reset
2019-03-25 13:30:14.595 [DiscoveryClient-InstanceInfoReplicator-0] WARN  com.netflix.discovery.DiscoveryClient - DiscoveryClient_KAYLE-WEB/10.97.206.63:kayle-web:18800 - registration failed Cannot execute request on any known server
com.netflix.discovery.shared.transport.TransportException: Cannot execute request on any known server
	at com.netflix.discovery.shared.transport.decorator.RetryableEurekaHttpClient.execute(RetryableEurekaHttpClient.java:111)
	at com.netflix.discovery.shared.transport.decorator.EurekaHttpClientDecorator.register(EurekaHttpClientDecorator.java:56)
	at com.netflix.discovery.shared.transport.decorator.EurekaHttpClientDecorator$1.execute(EurekaHttpClientDecorator.java:59)
	at com.netflix.discovery.shared.transport.decorator.SessionedEurekaHttpClient.execute(SessionedEurekaHttpClient.java:77)
	at com.netflix.discovery.shared.transport.decorator.EurekaHttpClientDecorator.register(EurekaHttpClientDecorator.java:56)
	at com.netflix.discovery.DiscoveryClient.register(DiscoveryClient.java:829)
	at com.netflix.discovery.InstanceInfoReplicator.run(InstanceInfoReplicator.java:104)
	at com.netflix.discovery.InstanceInfoReplicator$1.run(InstanceInfoReplicator.java:88)
	at java.util.concurrent.Executors$RunnableAdapter.call(Executors.java:511)
	at java.util.concurrent.FutureTask.run$$$capture(FutureTask.java:266)
	at java.util.concurrent.FutureTask.run(FutureTask.java)
	at java.util.concurrent.ScheduledThreadPoolExecutor$ScheduledFutureTask.access$201(ScheduledThreadPoolExecutor.java:180)
	at java.util.concurrent.ScheduledThreadPoolExecutor$ScheduledFutureTask.run(ScheduledThreadPoolExecutor.java:293)
	at java.util.concurrent.ThreadPoolExecutor.runWorker(ThreadPoolExecutor.java:1149)
	at java.util.concurrent.ThreadPoolExecutor$Worker.run(ThreadPoolExecutor.java:624)
	at java.lang.Thread.run(Thread.java:748)
2019-03-25 13:30:14.596 [Thread-20] WARN  c.n.d.s.t.decorator.RetryableEurekaHttpClient - Request execution failed with message: java.net.ConnectException: Connection refused (Connection refused)
2019-03-25 13:30:14.596 [DiscoveryClient-InstanceInfoReplicator-0] WARN  com.netflix.discovery.InstanceInfoReplicator - There was a problem with the instance info replicator
com.netflix.discovery.shared.transport.TransportException: Cannot execute request on any known server
	at com.netflix.discovery.shared.transport.decorator.RetryableEurekaHttpClient.execute(RetryableEurekaHttpClient.java:111)
	at com.netflix.discovery.shared.transport.decorator.EurekaHttpClientDecorator.register(EurekaHttpClientDecorator.java:56)
	at com.netflix.discovery.shared.transport.decorator.EurekaHttpClientDecorator$1.execute(EurekaHttpClientDecorator.java:59)
	at com.netflix.discovery.shared.transport.decorator.SessionedEurekaHttpClient.execute(SessionedEurekaHttpClient.java:77)
	at com.netflix.discovery.shared.transport.decorator.EurekaHttpClientDecorator.register(EurekaHttpClientDecorator.java:56)
	at com.netflix.discovery.DiscoveryClient.register(DiscoveryClient.java:829)
	at com.netflix.discovery.InstanceInfoReplicator.run(InstanceInfoReplicator.java:104)
	at com.netflix.discovery.InstanceInfoReplicator$1.run(InstanceInfoReplicator.java:88)
	at java.util.concurrent.Executors$RunnableAdapter.call(Executors.java:511)
	at java.util.concurrent.FutureTask.run$$$capture(FutureTask.java:266)
	at java.util.concurrent.FutureTask.run(FutureTask.java)
	at java.util.concurrent.ScheduledThreadPoolExecutor$ScheduledFutureTask.access$201(ScheduledThreadPoolExecutor.java:180)
	at java.util.concurrent.ScheduledThreadPoolExecutor$ScheduledFutureTask.run(ScheduledThreadPoolExecutor.java:293)
	at java.util.concurrent.ThreadPoolExecutor.runWorker(ThreadPoolExecutor.java:1149)
	at java.util.concurrent.ThreadPoolExecutor$Worker.run(ThreadPoolExecutor.java:624)
	at java.lang.Thread.run(Thread.java:748)
2019-03-25 14:22:37.696 [localhost-startStop-1] WARN  com.netflix.config.sources.URLConfigurationSource - No URLs will be polled as dynamic configuration sources.
2019-03-25 14:22:38.153 [main] WARN  com.netflix.config.sources.URLConfigurationSource - No URLs will be polled as dynamic configuration sources.
2019-03-25 14:23:05.896 [http-nio-18800-exec-1] WARN  com.kayle.web.filter.TokenAuthorFilter - ======>  TokenAuthorFilter  doFilter : start!
2019-03-25 14:23:05.916 [http-nio-18800-exec-1] WARN  com.kayle.web.filter.SimpleFilter - ======>  SimpleFilter  doFilter : start!
2019-03-25 14:23:07.205 [http-nio-18800-exec-1] WARN  com.kayle.web.filter.SimpleFilter - ======>  SimpleFilter  doFilter : end!
2019-03-25 14:23:07.210 [http-nio-18800-exec-1] WARN  com.kayle.web.filter.TokenAuthorFilter - ======>  TokenAuthorFilter  doFilter : end!  responseBody : {"success":true,"code":200,"message":"success","data":{"id":3,"appId":1000000,"appName":"app_test","memo":"t","buildTime":"2019-03-23T16:00:00.000+0000"},"stackTrace":null}
2019-03-25 14:23:10.994 [http-nio-18800-exec-3] WARN  com.kayle.web.filter.TokenAuthorFilter - ======>  TokenAuthorFilter  doFilter : start!
2019-03-25 14:23:10.995 [http-nio-18800-exec-3] WARN  com.kayle.web.filter.SimpleFilter - ======>  SimpleFilter  doFilter : start!
2019-03-25 14:23:11.023 [http-nio-18800-exec-3] WARN  com.kayle.web.filter.SimpleFilter - ======>  SimpleFilter  doFilter : end!
2019-03-25 14:23:11.023 [http-nio-18800-exec-3] WARN  com.kayle.web.filter.TokenAuthorFilter - ======>  TokenAuthorFilter  doFilter : end!  responseBody : {"success":true,"code":200,"message":"success","data":{"id":3,"appId":1000000,"appName":"app_test","memo":"t","buildTime":"2019-03-23T16:00:00.000+0000"},"stackTrace":null}
2019-03-25 14:23:38.559 [DiscoveryClient-HeartbeatExecutor-0] WARN  c.n.d.s.t.decorator.RetryableEurekaHttpClient - Request execution failed with message: java.net.ConnectException: Connection refused (Connection refused)
2019-03-25 14:23:38.561 [DiscoveryClient-HeartbeatExecutor-0] WARN  c.n.d.s.t.decorator.RetryableEurekaHttpClient - Request execution failed with message: java.net.ConnectException: Connection refused (Connection refused)
2019-03-25 14:23:40.047 [DiscoveryClient-CacheRefreshExecutor-0] WARN  c.n.d.s.t.decorator.RetryableEurekaHttpClient - Request execution failed with message: java.net.ConnectException: Connection refused (Connection refused)
2019-03-25 14:23:40.052 [DiscoveryClient-CacheRefreshExecutor-0] WARN  c.n.d.s.t.decorator.RetryableEurekaHttpClient - Request execution failed with message: java.net.ConnectException: Connection refused (Connection refused)
2019-03-25 14:23:52.630 [http-nio-18800-exec-4] WARN  com.kayle.web.filter.TokenAuthorFilter - ======>  TokenAuthorFilter  doFilter : start!
2019-03-25 14:23:52.634 [http-nio-18800-exec-4] WARN  com.kayle.web.filter.SimpleFilter - ======>  SimpleFilter  doFilter : start!
2019-03-25 14:23:52.657 [http-nio-18800-exec-4] WARN  com.kayle.web.filter.SimpleFilter - ======>  SimpleFilter  doFilter : end!
2019-03-25 14:23:52.658 [http-nio-18800-exec-4] WARN  com.kayle.web.filter.TokenAuthorFilter - ======>  TokenAuthorFilter  doFilter : end!  responseBody : {"success":true,"code":200,"message":"success","data":{"id":3,"appId":1000000,"appName":"app_test","memo":"t","buildTime":"2019-03-23T16:00:00.000+0000"},"stackTrace":null}
2019-03-25 14:23:54.173 [http-nio-18800-exec-5] WARN  com.kayle.web.filter.TokenAuthorFilter - ======>  TokenAuthorFilter  doFilter : start!
2019-03-25 14:23:54.174 [http-nio-18800-exec-5] WARN  com.kayle.web.filter.SimpleFilter - ======>  SimpleFilter  doFilter : start!
2019-03-25 14:23:54.192 [http-nio-18800-exec-5] WARN  com.kayle.web.filter.SimpleFilter - ======>  SimpleFilter  doFilter : end!
2019-03-25 14:23:54.192 [http-nio-18800-exec-5] WARN  com.kayle.web.filter.TokenAuthorFilter - ======>  TokenAuthorFilter  doFilter : end!  responseBody : {"success":true,"code":200,"message":"success","data":{"id":3,"appId":1000000,"appName":"app_test","memo":"t","buildTime":"2019-03-23T16:00:00.000+0000"},"stackTrace":null}
2019-03-25 14:24:48.791 [Thread-20] WARN  com.netflix.discovery.DiscoveryClient - Saw local status change event StatusChangeEvent [timestamp=1553495088791, current=DOWN, previous=UP]
2019-03-25 14:24:48.854 [Thread-20] WARN  com.netflix.config.sources.URLConfigurationSource - No URLs will be polled as dynamic configuration sources.
